<?xml version="1.0" encoding="UTF-8" ?>
<testsuite errors="4" failures="0" hostname="mreddy-ltr" name="com.salesforce.tests.suites.CategorySuite" skipped="0" tests="19" time="3778.089" timestamp="2016-05-22T05:11:50">
  <properties>
    <property name="java.vendor" value="Oracle Corporation"></property>
    <property name="sun.java.launcher" value="SUN_STANDARD"></property>
    <property name="eclipse.pdebuild.templates" value="/C:/Users/madhusudhan.reddy/eclipse-jee-mars-2-win32-x86_64/eclipse/plugins/org.eclipse.pde.build_3.9.100.v20150521-1524/templates/"></property>
    <property name="sun.management.compiler" value="HotSpot 64-Bit Tiered Compilers"></property>
    <property name="jetty:org.mortbay.jetty:jar" value="C:\Users\madhusudhan.reddy\.m2\repository\jetty\org.mortbay.jetty\5.1.10\org.mortbay.jetty-5.1.10.jar"></property>
    <property name="lib" value="./lib"></property>
    <property name="os.name" value="Windows 8.1"></property>
    <property name="org.apache.commons:commons-exec:jar" value="C:\Users\madhusudhan.reddy\.m2\repository\org\apache\commons\commons-exec\1.3\commons-exec-1.3.jar"></property>
    <property name="sun.boot.class.path" value="C:\Program Files\Java\jdk1.8.0_91\jre\lib\resources.jar;C:\Program Files\Java\jdk1.8.0_91\jre\lib\rt.jar;C:\Program Files\Java\jdk1.8.0_91\jre\lib\sunrsasign.jar;C:\Program Files\Java\jdk1.8.0_91\jre\lib\jsse.jar;C:\Program Files\Java\jdk1.8.0_91\jre\lib\jce.jar;C:\Program Files\Java\jdk1.8.0_91\jre\lib\charsets.jar;C:\Program Files\Java\jdk1.8.0_91\jre\lib\jfr.jar;C:\Program Files\Java\jdk1.8.0_91\jre\classes"></property>
    <property name="TODAY" value="May 22 2016"></property>
    <property name="org.apache.httpcomponents:httpcore:jar" value="C:\Users\madhusudhan.reddy\.m2\repository\org\apache\httpcomponents\httpcore\4.4.3\httpcore-4.4.3.jar"></property>
    <property name="report" value="./report"></property>
    <property name="log4j:log4j:jar" value="C:\Users\madhusudhan.reddy\.m2\repository\log4j\log4j\1.2.14\log4j-1.2.14.jar"></property>
    <property name="sun.desktop" value="windows"></property>
    <property name="java.vm.specification.vendor" value="Oracle Corporation"></property>
    <property name="org.seleniumhq.selenium:selenium-support:jar" value="C:\Users\madhusudhan.reddy\.m2\repository\org\seleniumhq\selenium\selenium-support\2.53.0\selenium-support-2.53.0.jar"></property>
    <property name="ant.home" value="C:\Users\madhusudhan.reddy\eclipse-jee-mars-2-win32-x86_64\eclipse\plugins\org.apache.ant_1.9.6.v201510161327"></property>
    <property name="java.runtime.version" value="1.8.0_91-b14"></property>
    <property name="org.seleniumhq.selenium:selenium-leg-rc:jar" value="C:\Users\madhusudhan.reddy\.m2\repository\org\seleniumhq\selenium\selenium-leg-rc\2.53.0\selenium-leg-rc-2.53.0.jar"></property>
    <property name="user.name" value="madhusudhan.reddy"></property>
    <property name="org.seleniumhq.selenium:selenium-java:jar" value="C:\Users\madhusudhan.reddy\.m2\repository\org\seleniumhq\selenium\selenium-java\2.53.0\selenium-java-2.53.0.jar"></property>
    <property name="commons-logging:commons-logging-api:jar" value="C:\Users\madhusudhan.reddy\.m2\repository\commons-logging\commons-logging-api\1.1\commons-logging-api-1.1.jar"></property>
    <property name="com.google.protobuf:protobuf-java:jar" value="C:\Users\madhusudhan.reddy\.m2\repository\com\google\protobuf\protobuf-java\2.4.1\protobuf-java-2.4.1.jar"></property>
    <property name="com.google.code.gson:gson:jar" value="C:\Users\madhusudhan.reddy\.m2\repository\com\google\code\gson\gson\2.3.1\gson-2.3.1.jar"></property>
    <property name="org.seleniumhq.selenium:selenium-firefox-driver:jar" value="C:\Users\madhusudhan.reddy\.m2\repository\org\seleniumhq\selenium\selenium-firefox-driver\2.53.0\selenium-firefox-driver-2.53.0.jar"></property>
    <property name="user.language" value="en"></property>
    <property name="sun.boot.library.path" value="C:\Program Files\Java\jdk1.8.0_91\jre\bin"></property>
    <property name="commons-jxpath:commons-jxpath:jar" value="C:\Users\madhusudhan.reddy\.m2\repository\commons-jxpath\commons-jxpath\1.3\commons-jxpath-1.3.jar"></property>
    <property name="ant.project.default-target" value="exec"></property>
    <property name="ant.project.name" value="test"></property>
    <property name="DSTAMP" value="20160522"></property>
    <property name="java.version" value="1.8.0_91"></property>
    <property name="user.timezone" value=""></property>
    <property name="org.hamcrest:hamcrest-core:jar" value="C:\Users\madhusudhan.reddy\.m2\repository\org\hamcrest\hamcrest-core\1.3\hamcrest-core-1.3.jar"></property>
    <property name="bin" value="./bin"></property>
    <property name="org.ini4j:ini4j:jar" value="C:\Users\madhusudhan.reddy\.m2\repository\org\ini4j\ini4j\0.5.2\ini4j-0.5.2.jar"></property>
    <property name="sun.arch.data.model" value="64"></property>
    <property name="org.seleniumhq.selenium:selenium-ie-driver:jar" value="C:\Users\madhusudhan.reddy\.m2\repository\org\seleniumhq\selenium\selenium-ie-driver\2.53.0\selenium-ie-driver-2.53.0.jar"></property>
    <property name="org.seleniumhq.selenium:selenium-chrome-driver:jar" value="C:\Users\madhusudhan.reddy\.m2\repository\org\seleniumhq\selenium\selenium-chrome-driver\2.53.0\selenium-chrome-driver-2.53.0.jar"></property>
    <property name="java.endorsed.dirs" value="C:\Program Files\Java\jdk1.8.0_91\jre\lib\endorsed"></property>
    <property name="sun.cpu.isalist" value="amd64"></property>
    <property name="sun.jnu.encoding" value="Cp1252"></property>
    <property name="file.encoding.pkg" value="sun.io"></property>
    <property name="file.separator" value="\"></property>
    <property name="java.specification.name" value="Java Platform API Specification"></property>
    <property name="org.apache.httpcomponents:httpclient:jar" value="C:\Users\madhusudhan.reddy\.m2\repository\org\apache\httpcomponents\httpclient\4.5.1\httpclient-4.5.1.jar"></property>
    <property name="env" value="QA"></property>
    <property name="java.class.version" value="52.0"></property>
    <property name="src" value="./src"></property>
    <property name="org.seleniumhq.selenium:selenium-safari-driver:jar" value="C:\Users\madhusudhan.reddy\.m2\repository\org\seleniumhq\selenium\selenium-safari-driver\2.53.0\selenium-safari-driver-2.53.0.jar"></property>
    <property name="user.country" value="IN"></property>
    <property name="java.home" value="C:\Program Files\Java\jdk1.8.0_91\jre"></property>
    <property name="java.vm.info" value="mixed mode"></property>
    <property name="org.openqa.selenium.server:selenium-server-coreless:jar" value="C:\Users\madhusudhan.reddy\.m2\repository\org\openqa\selenium\server\selenium-server-coreless\1.0-20081010.060147\selenium-server-coreless-1.0-20081010.060147.jar"></property>
    <property name="com.opera:operalaunchers:jar" value="C:\Users\madhusudhan.reddy\.m2\repository\com\opera\operalaunchers\1.1\operalaunchers-1.1.jar"></property>
    <property name="ant.file" value="C:\Users\madhusudhan.reddy\Backup selenium folder\webdriver-framework-steelbrick\build_jenkins.xml"></property>
    <property name="os.version" value="6.3"></property>
    <property name="commons-logging:commons-logging:jar" value="C:\Users\madhusudhan.reddy\.m2\repository\commons-logging\commons-logging\1.0.4\commons-logging-1.0.4.jar"></property>
    <property name="org.seleniumhq.selenium:selenium-api:jar" value="C:\Users\madhusudhan.reddy\.m2\repository\org\seleniumhq\selenium\selenium-api\2.53.0\selenium-api-2.53.0.jar"></property>
    <property name="path.separator" value=";"></property>
    <property name="java.vm.version" value="25.91-b14"></property>
    <property name="org.seleniumhq.selenium:selenium-edge-driver:jar" value="C:\Users\madhusudhan.reddy\.m2\repository\org\seleniumhq\selenium\selenium-edge-driver\2.53.0\selenium-edge-driver-2.53.0.jar"></property>
    <property name="user.variant" value=""></property>
    <property name="ant.library.dir" value="C:\Users\madhusudhan.reddy\eclipse-jee-mars-2-win32-x86_64\eclipse\plugins\org.apache.ant_1.9.6.v201510161327\lib"></property>
    <property name="org.openqa.selenium.server:selenium-server:jar" value="C:\Users\madhusudhan.reddy\.m2\repository\org\openqa\selenium\server\selenium-server\1.0-20081010.060147\selenium-server-1.0-20081010.060147.jar"></property>
    <property name="com.opera:operadriver:jar" value="C:\Users\madhusudhan.reddy\.m2\repository\com\opera\operadriver\1.5\operadriver-1.5.jar"></property>
    <property name="style" value="./config"></property>
    <property name="java.awt.printerjob" value="sun.awt.windows.WPrinterJob"></property>
    <property name="sun.io.unicode.encoding" value="UnicodeLittle"></property>
    <property name="junit:junit:jar" value="C:\Users\madhusudhan.reddy\.m2\repository\junit\junit\4.12\junit-4.12.jar"></property>
    <property name="awt.toolkit" value="sun.awt.windows.WToolkit"></property>
    <property name="mysql:mysql-connector-java:jar" value="C:\Users\madhusudhan.reddy\.m2\repository\mysql\mysql-connector-java\5.1.36\mysql-connector-java-5.1.36.jar"></property>
    <property name="user.script" value=""></property>
    <property name="org.openqa.selenium.core:selenium-core:jar" value="C:\Users\madhusudhan.reddy\.m2\repository\org\openqa\selenium\core\selenium-core\1.0-20080914.225453\selenium-core-1.0-20080914.225453.jar"></property>
    <property name="eclipse.pdebuild.scripts" value="/C:/Users/madhusudhan.reddy/eclipse-jee-mars-2-win32-x86_64/eclipse/plugins/org.eclipse.pde.build_3.9.100.v20150521-1524/scripts/"></property>
    <property name="user.home" value="C:\Users\madhusudhan.reddy"></property>
    <property name="archive" value="./archive"></property>
    <property name="joda-time:joda-time:jar" value="C:\Users\madhusudhan.reddy\.m2\repository\joda-time\joda-time\2.8.1\joda-time-2.8.1.jar"></property>
    <property name="java.specification.vendor" value="Oracle Corporation"></property>
    <property name="config" value="config"></property>
    <property name="java.library.path" value="C:\Program Files\Java\jdk1.8.0_91\jre\bin;C:\windows\Sun\Java\bin;C:\windows\system32;C:\windows;C:/Program Files/Java/jre1.8.0_91/bin/server;C:/Program Files/Java/jre1.8.0_91/bin;C:/Program Files/Java/jre1.8.0_91/lib/amd64;C:\ProgramData\Oracle\Java\javapath;C:\windows\system32;C:\windows;C:\windows\System32\Wbem;C:\windows\System32\WindowsPowerShell\v1.0\;C:\Program Files (x86)\Skype\Phone\;C:\Program Files\Java\jre1.8.0_91;C:\apache-ant-1.9.6\bin;C:\Program Files\Java\jre1.8.0_91;C:\Users\madhusudhan.reddy\eclipse-jee-mars-2-win32-x86_64\eclipse;;."></property>
    <property name="io.netty:netty:jar" value="C:\Users\madhusudhan.reddy\.m2\repository\io\netty\netty\3.5.7.Final\netty-3.5.7.Final.jar"></property>
    <property name="java.vendor.url" value="http://java.oracle.com/"></property>
    <property name="java.vm.vendor" value="Oracle Corporation"></property>
    <property name="build_time" value="22_May_16_10_41_42"></property>
    <property name="java.runtime.name" value="Java(TM) SE Runtime Environment"></property>
    <property name="ant.version" value="Apache Ant(TM) version 1.9.6 compiled on June 29 2015"></property>
    <property name="java.class.path" value="C:\Users\madhusudhan.reddy\Backup selenium folder\webdriver-framework-steelbrick\bin;C:\Users\madhusudhan.reddy\Backup selenium folder\webdriver-framework-steelbrick\config;C:\Users\madhusudhan.reddy\Backup selenium folder\webdriver-framework-steelbrick\lib\maven-ant-tasks-2.1.3.jar;C:\Users\madhusudhan.reddy\.m2\repository\junit\junit\4.12\junit-4.12.jar;C:\Users\madhusudhan.reddy\.m2\repository\org\hamcrest\hamcrest-core\1.3\hamcrest-core-1.3.jar;C:\Users\madhusudhan.reddy\.m2\repository\org\seleniumhq\selenium\selenium-java\2.53.0\selenium-java-2.53.0.jar;C:\Users\madhusudhan.reddy\.m2\repository\org\seleniumhq\selenium\selenium-chrome-driver\2.53.0\selenium-chrome-driver-2.53.0.jar;C:\Users\madhusudhan.reddy\.m2\repository\org\seleniumhq\selenium\selenium-remote-driver\2.53.0\selenium-remote-driver-2.53.0.jar;C:\Users\madhusudhan.reddy\.m2\repository\cglib\cglib-nodep\2.1_3\cglib-nodep-2.1_3.jar;C:\Users\madhusudhan.reddy\.m2\repository\com\google\code\gson\gson\2.3.1\gson-2.3.1.jar;C:\Users\madhusudhan.reddy\.m2\repository\org\seleniumhq\selenium\selenium-api\2.53.0\selenium-api-2.53.0.jar;C:\Users\madhusudhan.reddy\.m2\repository\com\google\guava\guava\14.0\guava-14.0.jar;C:\Users\madhusudhan.reddy\.m2\repository\org\apache\httpcomponents\httpclient\4.5.1\httpclient-4.5.1.jar;C:\Users\madhusudhan.reddy\.m2\repository\org\apache\httpcomponents\httpcore\4.4.3\httpcore-4.4.3.jar;C:\Users\madhusudhan.reddy\.m2\repository\commons-logging\commons-logging\1.0.4\commons-logging-1.0.4.jar;C:\Users\madhusudhan.reddy\.m2\repository\commons-codec\commons-codec\1.3\commons-codec-1.3.jar;C:\Users\madhusudhan.reddy\.m2\repository\org\apache\commons\commons-exec\1.3\commons-exec-1.3.jar;C:\Users\madhusudhan.reddy\.m2\repository\net\java\dev\jna\jna\4.1.0\jna-4.1.0.jar;C:\Users\madhusudhan.reddy\.m2\repository\net\java\dev\jna\jna-platform\4.1.0\jna-platform-4.1.0.jar;C:\Users\madhusudhan.reddy\.m2\repository\org\seleniumhq\selenium\selenium-edge-driver\2.53.0\selenium-edge-driver-2.53.0.jar;C:\Users\madhusudhan.reddy\.m2\repository\commons-io\commons-io\2.4\commons-io-2.4.jar;C:\Users\madhusudhan.reddy\.m2\repository\org\seleniumhq\selenium\selenium-firefox-driver\2.53.0\selenium-firefox-driver-2.53.0.jar;C:\Users\madhusudhan.reddy\.m2\repository\org\seleniumhq\selenium\selenium-ie-driver\2.53.0\selenium-ie-driver-2.53.0.jar;C:\Users\madhusudhan.reddy\.m2\repository\org\seleniumhq\selenium\selenium-safari-driver\2.53.0\selenium-safari-driver-2.53.0.jar;C:\Users\madhusudhan.reddy\.m2\repository\io\netty\netty\3.5.7.Final\netty-3.5.7.Final.jar;C:\Users\madhusudhan.reddy\.m2\repository\org\seleniumhq\selenium\selenium-support\2.53.0\selenium-support-2.53.0.jar;C:\Users\madhusudhan.reddy\.m2\repository\org\seleniumhq\selenium\selenium-leg-rc\2.53.0\selenium-leg-rc-2.53.0.jar;C:\Users\madhusudhan.reddy\.m2\repository\org\openqa\selenium\server\selenium-server\1.0-20081010.060147\selenium-server-1.0-20081010.060147.jar;C:\Users\madhusudhan.reddy\.m2\repository\org\openqa\selenium\server\selenium-server-coreless\1.0-20081010.060147\selenium-server-coreless-1.0-20081010.060147.jar;C:\Users\madhusudhan.reddy\.m2\repository\ant\ant\1.6.5\ant-1.6.5.jar;C:\Users\madhusudhan.reddy\.m2\repository\jetty\org.mortbay.jetty\5.1.10\org.mortbay.jetty-5.1.10.jar;C:\Users\madhusudhan.reddy\.m2\repository\javax\servlet\servlet-api\2.4\servlet-api-2.4.jar;C:\Users\madhusudhan.reddy\.m2\repository\bouncycastle\bcprov-jdk15\135\bcprov-jdk15-135.jar;C:\Users\madhusudhan.reddy\.m2\repository\org\openqa\selenium\core\selenium-core\1.0-20080914.225453\selenium-core-1.0-20080914.225453.jar;C:\Users\madhusudhan.reddy\.m2\repository\commons-logging\commons-logging-api\1.1\commons-logging-api-1.1.jar;C:\Users\madhusudhan.reddy\.m2\repository\mysql\mysql-connector-java\5.1.36\mysql-connector-java-5.1.36.jar;C:\Users\madhusudhan.reddy\.m2\repository\joda-time\joda-time\2.8.1\joda-time-2.8.1.jar;C:\Users\madhusudhan.reddy\.m2\repository\com\opera\operadriver\1.5\operadriver-1.5.jar;C:\Users\madhusudhan.reddy\.m2\repository\com\opera\operalaunchers\1.1\operalaunchers-1.1.jar;C:\Users\madhusudhan.reddy\.m2\repository\com\google\protobuf\protobuf-java\2.4.1\protobuf-java-2.4.1.jar;C:\Users\madhusudhan.reddy\.m2\repository\commons-jxpath\commons-jxpath\1.3\commons-jxpath-1.3.jar;C:\Users\madhusudhan.reddy\.m2\repository\org\ini4j\ini4j\0.5.2\ini4j-0.5.2.jar;C:\Users\madhusudhan.reddy\.m2\repository\net\sourceforge\jexcelapi\jxl\2.6.12\jxl-2.6.12.jar;C:\Users\madhusudhan.reddy\.m2\repository\log4j\log4j\1.2.14\log4j-1.2.14.jar;C:\Users\madhusudhan.reddy\eclipse-jee-mars-2-win32-x86_64\eclipse\plugins\org.apache.ant_1.9.6.v201510161327\lib\ant-launcher.jar;C:\Users\madhusudhan.reddy\eclipse-jee-mars-2-win32-x86_64\eclipse\plugins\org.apache.ant_1.9.6.v201510161327\lib\ant.jar;C:\Users\madhusudhan.reddy\eclipse-jee-mars-2-win32-x86_64\eclipse\plugins\org.apache.ant_1.9.6.v201510161327\lib\ant-junit.jar;C:\Users\madhusudhan.reddy\eclipse-jee-mars-2-win32-x86_64\eclipse\plugins\org.apache.ant_1.9.6.v201510161327\lib\ant-junit4.jar"></property>
    <property name="sun.java.command" value="org.apache.tools.ant.taskdefs.optional.junit.JUnitTestRunner com.salesforce.tests.suites.CategorySuite skipNonTests=false filtertrace=true haltOnError=false haltOnFailure=false formatter=org.apache.tools.ant.taskdefs.optional.junit.SummaryJUnitResultFormatter showoutput=true outputtoformatters=true logfailedtests=true threadid=0 logtestlistenerevents=false formatter=org.apache.tools.ant.taskdefs.optional.junit.XMLJUnitResultFormatter,C:\Users\madhusudhan.reddy\Backup selenium folder\webdriver-framework-steelbrick\report\xml\TEST-com.salesforce.tests.suites.CategorySuite.xml crashfile=C:\Users\madhusudhan.reddy\Backup selenium folder\webdriver-framework-steelbrick\junitvmwatcher2291556197986638265.properties propsfile=C:\Users\madhusudhan.reddy\Backup selenium folder\webdriver-framework-steelbrick\junit1241274980765838129.properties"></property>
    <property name="TSTAMP" value="1041"></property>
    <property name="java.vm.specification.name" value="Java Virtual Machine Specification"></property>
    <property name="commons-io:commons-io:jar" value="C:\Users\madhusudhan.reddy\.m2\repository\commons-io\commons-io\2.4\commons-io-2.4.jar"></property>
    <property name="java.vm.specification.version" value="1.8"></property>
    <property name="bouncycastle:bcprov-jdk15:jar" value="C:\Users\madhusudhan.reddy\.m2\repository\bouncycastle\bcprov-jdk15\135\bcprov-jdk15-135.jar"></property>
    <property name="sun.cpu.endian" value="little"></property>
    <property name="sun.os.patch.level" value=""></property>
    <property name="com.google.guava:guava:jar" value="C:\Users\madhusudhan.reddy\.m2\repository\com\google\guava\guava\14.0\guava-14.0.jar"></property>
    <property name="java.io.tmpdir" value="C:\Users\MADHUS~1.RED\AppData\Local\Temp\"></property>
    <property name="cglib:cglib-nodep:jar" value="C:\Users\madhusudhan.reddy\.m2\repository\cglib\cglib-nodep\2.1_3\cglib-nodep-2.1_3.jar"></property>
    <property name="eclipse.pdebuild.home" value="/C:/Users/madhusudhan.reddy/eclipse-jee-mars-2-win32-x86_64/eclipse/plugins/org.eclipse.pde.build_3.9.100.v20150521-1524/./"></property>
    <property name="javax.servlet:servlet-api:jar" value="C:\Users\madhusudhan.reddy\.m2\repository\javax\servlet\servlet-api\2.4\servlet-api-2.4.jar"></property>
    <property name="testresultsfolder" value="./archive/22_May_16_10_41_42"></property>
    <property name="java.vendor.url.bug" value="http://bugreport.sun.com/bugreport/"></property>
    <property name="ant.file.test" value="C:\Users\madhusudhan.reddy\Backup selenium folder\webdriver-framework-steelbrick\build_jenkins.xml"></property>
    <property name="ant:ant:jar" value="C:\Users\madhusudhan.reddy\.m2\repository\ant\ant\1.6.5\ant-1.6.5.jar"></property>
    <property name="org.seleniumhq.selenium:selenium-remote-driver:jar" value="C:\Users\madhusudhan.reddy\.m2\repository\org\seleniumhq\selenium\selenium-remote-driver\2.53.0\selenium-remote-driver-2.53.0.jar"></property>
    <property name="ant.file.type.test" value="file"></property>
    <property name="java.awt.graphicsenv" value="sun.awt.Win32GraphicsEnvironment"></property>
    <property name="os.arch" value="amd64"></property>
    <property name="java.ext.dirs" value="C:\Program Files\Java\jdk1.8.0_91\jre\lib\ext;C:\windows\Sun\Java\lib\ext"></property>
    <property name="user.dir" value="C:\Users\madhusudhan.reddy\Backup selenium folder\webdriver-framework-steelbrick"></property>
    <property name="line.separator" value="
"></property>
    <property name="java.vm.name" value="Java HotSpot(TM) 64-Bit Server VM"></property>
    <property name="commons-codec:commons-codec:jar" value="C:\Users\madhusudhan.reddy\.m2\repository\commons-codec\commons-codec\1.3\commons-codec-1.3.jar"></property>
    <property name="basedir" value="C:\Users\madhusudhan.reddy\Backup selenium folder\webdriver-framework-steelbrick"></property>
    <property name="ant.java.version" value="1.8"></property>
    <property name="ant.core.lib" value="C:\Users\madhusudhan.reddy\eclipse-jee-mars-2-win32-x86_64\eclipse\plugins\org.apache.ant_1.9.6.v201510161327\lib\ant.jar"></property>
    <property name="file.encoding" value="Cp1252"></property>
    <property name="net.java.dev.jna:jna-platform:jar" value="C:\Users\madhusudhan.reddy\.m2\repository\net\java\dev\jna\jna-platform\4.1.0\jna-platform-4.1.0.jar"></property>
    <property name="net.java.dev.jna:jna:jar" value="C:\Users\madhusudhan.reddy\.m2\repository\net\java\dev\jna\jna\4.1.0\jna-4.1.0.jar"></property>
    <property name="java.specification.version" value="1.8"></property>
    <property name="net.sourceforge.jexcelapi:jxl:jar" value="C:\Users\madhusudhan.reddy\.m2\repository\net\sourceforge\jexcelapi\jxl\2.6.12\jxl-2.6.12.jar"></property>
    <property name="ant.project.invoked-targets" value="exec"></property>
    <property name="tblName" value="All_Dev_Runs"></property>
  </properties>
  <testcase classname="com.salesforce.tests.functionaltests.Billing.Accounts.Createaccount" name="testSelectBillingAccount_Bil" time="9.311">
    <error message="2" type="java.lang.ArrayIndexOutOfBoundsException">java.lang.ArrayIndexOutOfBoundsException: 2
	at jxl.read.biff.SheetImpl.getCell(SheetImpl.java:356)
	at com.salesforce.utils.datastore.ExcelSheetDriver.ReadCell(Unknown Source)
	at com.salesforce.tests.functionaltests.Billing.Accounts.Createaccount.testSelectBillingAccount_Bil(Unknown Source)
</error>
  </testcase>
  <testcase classname="com.salesforce.tests.functionaltests.Billing.Orders.Createorderforonetimecharge" name="test_CreateOrder" time="192.311"></testcase>
  <testcase classname="com.salesforce.tests.functionaltests.Billing.Orders.Addproductfororder" name="edit_AddProduct" time="213.965"></testcase>
  <testcase classname="com.salesforce.tests.functionaltests.Billing.Orders.Cloneorder" name="cloneorder_TestCancel" time="170.658"></testcase>
  <testcase classname="com.salesforce.tests.functionaltests.Billing.Orders.Cloneorder" name="cloneorder_TestPreview" time="185.391"></testcase>
  <testcase classname="com.salesforce.tests.functionaltests.Billing.Orders.Cloneorder" name="cloneorder_TestQuickSave" time="206.366"></testcase>
  <testcase classname="com.salesforce.tests.functionaltests.Billing.Orders.Cloneorder" name="cloneorder_TestStepWizard" time="223.224"></testcase>
  <testcase classname="com.salesforce.tests.functionaltests.Billing.Orders.Previewinvoiceoforder" name="test_PreviewInvoice" time="208.345">
    <error message="Intermittent failure clicking on element" type="java.lang.RuntimeException">java.lang.RuntimeException: Intermittent failure clicking on element
	at com.salesforce.pages.PageBase.clickOnElement(Unknown Source)
	at com.salesforce.pages.Billing.Orders.orderpreviewinvoice.clickOnPreviewInvoice(Unknown Source)
	at com.salesforce.tests.functionaltests.Billing.Orders.Previewinvoiceoforder.test_PreviewInvoice(Unknown Source)
</error>
  </testcase>
  <testcase classname="com.salesforce.tests.functionaltests.Billing.Orders.Midtermadjustmentorder" name="test_Midterm" time="280.078"></testcase>
  <testcase classname="com.salesforce.tests.functionaltests.Billing.Orders.Upgradesorder" name="upgardeTest" time="249.837"></testcase>
  <testcase classname="com.salesforce.tests.functionaltests.Billing.Orders.Downgradesorder" name="test_Downgrade" time="273.076">
    <error message="Element not found in the cache - perhaps the page has changed since it was looked up
Command duration or timeout: 45.19 seconds
For documentation on this error, please visit: http://seleniumhq.org/exceptions/stale_element_reference.html
Build info: version: &apos;2.53.0&apos;, revision: &apos;35ae25b1534ae328c771e0856c93e187490ca824&apos;, time: &apos;2016-03-15 10:43:46&apos;
System info: host: &apos;mreddy-ltr&apos;, ip: &apos;10.195.0.45&apos;, os.name: &apos;Windows 8.1&apos;, os.arch: &apos;amd64&apos;, os.version: &apos;6.3&apos;, java.version: &apos;1.8.0_91&apos;
Driver info: org.openqa.selenium.firefox.FirefoxDriver
Capabilities [{applicationCacheEnabled=true, rotatable=false, handlesAlerts=true, databaseEnabled=true, version=46.0.1, platform=WINDOWS, nativeEvents=false, acceptSslCerts=true, webStorageEnabled=true, locationContextEnabled=true, browserName=firefox, takesScreenshot=true, javascriptEnabled=true, cssSelectorsEnabled=true}]
Session ID: 29a84cd9-616e-4cf7-9c3f-4b6dfe71338f" type="org.openqa.selenium.StaleElementReferenceException">org.openqa.selenium.StaleElementReferenceException: Element not found in the cache - perhaps the page has changed since it was looked up
Command duration or timeout: 45.19 seconds
For documentation on this error, please visit: http://seleniumhq.org/exceptions/stale_element_reference.html
Build info: version: &apos;2.53.0&apos;, revision: &apos;35ae25b1534ae328c771e0856c93e187490ca824&apos;, time: &apos;2016-03-15 10:43:46&apos;
System info: host: &apos;mreddy-ltr&apos;, ip: &apos;10.195.0.45&apos;, os.name: &apos;Windows 8.1&apos;, os.arch: &apos;amd64&apos;, os.version: &apos;6.3&apos;, java.version: &apos;1.8.0_91&apos;
Driver info: org.openqa.selenium.firefox.FirefoxDriver
Capabilities [{applicationCacheEnabled=true, rotatable=false, handlesAlerts=true, databaseEnabled=true, version=46.0.1, platform=WINDOWS, nativeEvents=false, acceptSslCerts=true, webStorageEnabled=true, locationContextEnabled=true, browserName=firefox, takesScreenshot=true, javascriptEnabled=true, cssSelectorsEnabled=true}]
Session ID: 29a84cd9-616e-4cf7-9c3f-4b6dfe71338f
	at java.lang.reflect.Constructor.newInstance(Constructor.java:423)
	at org.openqa.selenium.remote.ErrorHandler.createThrowable(ErrorHandler.java:206)
	at org.openqa.selenium.remote.ErrorHandler.throwIfResponseFailed(ErrorHandler.java:158)
	at org.openqa.selenium.remote.RemoteWebDriver.execute(RemoteWebDriver.java:678)
	at org.openqa.selenium.remote.RemoteWebElement.execute(RemoteWebElement.java:327)
	at org.openqa.selenium.remote.RemoteWebElement.getText(RemoteWebElement.java:179)
	at com.salesforce.pages.Billing.Orders.OrderHome.getHeaderText(Unknown Source)
	at com.salesforce.tests.functionaltests.Billing.Orders.Downgradesorder.test_Downgrade(Unknown Source)
Caused by: org.openqa.selenium.StaleElementReferenceException: Element not found in the cache - perhaps the page has changed since it was looked up
For documentation on this error, please visit: http://seleniumhq.org/exceptions/stale_element_reference.html
Build info: version: &apos;2.53.0&apos;, revision: &apos;35ae25b1534ae328c771e0856c93e187490ca824&apos;, time: &apos;2016-03-15 10:43:46&apos;
System info: host: &apos;mreddy-ltr&apos;, ip: &apos;10.195.0.45&apos;, os.name: &apos;Windows 8.1&apos;, os.arch: &apos;amd64&apos;, os.version: &apos;6.3&apos;, java.version: &apos;1.8.0_91&apos;
Driver info: driver.version: unknown
	at &lt;anonymous class&gt;.fxdriver.cache.getElementAt(resource://fxdriver/modules/web-element-cache.js:9454)
	at &lt;anonymous class&gt;.Utils.getElementAt(file:///C:/Users/MADHUS~1.RED/AppData/Local/Temp/anonymous6125719726576556373webdriver-profile/extensions/fxdriver@googlecode.com/components/command-processor.js:9039)
	at &lt;anonymous class&gt;.WebElement.getElementText(file:///C:/Users/MADHUS~1.RED/AppData/Local/Temp/anonymous6125719726576556373webdriver-profile/extensions/fxdriver@googlecode.com/components/command-processor.js:12092)
	at &lt;anonymous class&gt;.DelayedCommand.prototype.executeInternal_/h(file:///C:/Users/MADHUS~1.RED/AppData/Local/Temp/anonymous6125719726576556373webdriver-profile/extensions/fxdriver@googlecode.com/components/command-processor.js:12661)
	at &lt;anonymous class&gt;.fxdriver.Timer.prototype.setTimeout/&lt;.notify(file:///C:/Users/MADHUS~1.RED/AppData/Local/Temp/anonymous6125719726576556373webdriver-profile/extensions/fxdriver@googlecode.com/components/command-processor.js:625)
</error>
  </testcase>
  <testcase classname="com.salesforce.tests.functionaltests.Billing.Orders.Createpaymentplan" name="test_PaymentPlans" time="123.269"></testcase>
  <testcase classname="com.salesforce.tests.functionaltests.Billing.Orders.Paymentplanfororder" name="paymentplantoorder" time="316.078"></testcase>
  <testcase classname="com.salesforce.tests.functionaltests.Billing.Orders.Testgenerateinvoice" name="test_GenerateInvoice" time="202.431"></testcase>
  <testcase classname="com.salesforce.tests.functionaltests.Billing.Orders.Testupdateorderstatus" name="updateOrderStatus" time="266.741"></testcase>
  <testcase classname="com.salesforce.tests.functionaltests.Billing.Orders.createorderforonetimeandmonthly" name="test_CreateOrderForOnetimeAndMonthlyCharges" time="196.404"></testcase>
  <testcase classname="com.salesforce.tests.functionaltests.Billing.Orders.Createadhocinvoice" name="createAdhocInvoiceFromOrder" time="204.798"></testcase>
  <testcase classname="com.salesforce.tests.functionaltests.Billing.Orders.createorderforprofarmainvoice" name="test_CreateOrderForInvoice" time="188.789"></testcase>
  <testcase classname="com.salesforce.tests.functionaltests.Billing.Accounts.createlightningaccount" name="lightningAccount" time="66.8">
    <error message="Intermittent failure clicking on element" type="java.lang.RuntimeException">java.lang.RuntimeException: Intermittent failure clicking on element
	at com.salesforce.pages.PageBase.clickOnElement(Unknown Source)
	at com.salesforce.pages.Billing.Accounts.accountlightningpage.clickOnAccounts(Unknown Source)
	at com.salesforce.tests.functionaltests.Billing.Accounts.createlightningaccount.lightningAccount(Unknown Source)
</error>
  </testcase>
  <system-out><![CDATA[ INFO [main] - com.salesforce.utils.datastore.FileIO:-1:Setting the Config Property Key [CurrentTestName] to Value: testSelectBillingAccount_Bil
DEBUG [main] - com.salesforce.utils.datastore.FileIO:-1:Directory: "report/images/" created
DEBUG [main] - com.salesforce.tests.functionaltests.CloudBaseTest:-1:------------------------------------------------------
DEBUG [main] - com.salesforce.tests.functionaltests.CloudBaseTest:-1:Executing Test: testSelectBillingAccount_Bil()...
DEBUG [main] - com.salesforce.tests.functionaltests.CloudBaseTest:-1:------------------------------------------------------
DEBUG [main] - com.salesforce.tests.functionaltests.CloudBaseTest:-1:------------------------------------------------------
DEBUG [main] - com.salesforce.tests.functionaltests.CloudBaseTest:-1:Initializing... 
DEBUG [main] - com.salesforce.tests.functionaltests.CloudBaseTest:-1:------------------------------------------------------
DEBUG [main] - com.salesforce.tests.functionaltests.CloudBaseTest:-1:Grid is set to OFF. All browsers will launch browser locally...
DEBUG [main] - com.salesforce.utils.datastore.FileIO:-1:Getting the download directory path...
DEBUG [main] - com.salesforce.tests.functionaltests.CloudBaseTest:-1:Launching Firefox Browser
DEBUG [main] - com.salesforce.tests.functionaltests.CloudBaseTest:-1:Driver version: FirefoxDriver: firefox on WINDOWS (14b3997d-8e03-43eb-be7c-019c0a268a3b)
DEBUG [main] - com.salesforce.tests.functionaltests.CloudBaseTest:-1:Initializing Excel data sheet...
DEBUG [main] - com.salesforce.utils.datastore.ExcelSheetDriver:-1:Returning the Excel cell value: "Email"
DEBUG [main] - com.salesforce.utils.datastore.ExcelSheetDriver:-1:Returning the Excel cell value: "Password"
DEBUG [main] - com.salesforce.utils.datastore.ExcelSheetDriver:-1:Returning the Excel cell value: "Tab"
DEBUG [main] - com.salesforce.utils.datastore.ExcelSheetDriver:-1:Returning the Excel cell value: "Account Name"
DEBUG [main] - com.salesforce.utils.datastore.FileIO:-1:Loading iFrame ID Cache...
DEBUG [main] - com.salesforce.tests.functionaltests.CloudBaseTest:-1:Initializing Excel data sheet...
DEBUG [main] - com.salesforce.utils.datastore.ExcelSheetDriver:-1:Returning the Excel cell value: "Email"
DEBUG [main] - com.salesforce.utils.datastore.ExcelSheetDriver:-1:Returning the Excel cell value: "Password"
DEBUG [main] - com.salesforce.utils.datastore.ExcelSheetDriver:-1:Returning the Excel cell value: "Tab"
DEBUG [main] - com.salesforce.utils.datastore.ExcelSheetDriver:-1:Returning the Excel cell value: "Account Name"
DEBUG [main] - com.salesforce.utils.datastore.FileIO:-1:Taking screenshot for test: "testSelectBillingAccount_Bil"
DEBUG [main] - com.salesforce.utils.driver.SalesforcePageExtensions:-1:Waiting for page to load!
DEBUG [main] - com.salesforce.utils.driver.SalesforcePageExtensions:-1:Returned a ready state of complete
DEBUG [main] - com.salesforce.tests.functionaltests.CloudBaseTest:-1:ENDING TEST: testSelectBillingAccount_Bil()
DEBUG [main] - com.salesforce.tests.functionaltests.CloudBaseTest:-1:Starting test class teardown
DEBUG [main] - com.salesforce.tests.functionaltests.CloudBaseTest:-1:Clearing all browser cookies
DEBUG [main] - com.salesforce.tests.functionaltests.CloudBaseTest:-1:Terminating browser
 INFO [main] - com.salesforce.utils.datastore.FileIO:-1:Setting the Config Property Key [CurrentTestName] to Value: test_CreateOrder
DEBUG [main] - com.salesforce.utils.datastore.FileIO:-1:Directory: "report/images/" created
DEBUG [main] - com.salesforce.tests.functionaltests.CloudBaseTest:-1:------------------------------------------------------
DEBUG [main] - com.salesforce.tests.functionaltests.CloudBaseTest:-1:Executing Test: test_CreateOrder()...
DEBUG [main] - com.salesforce.tests.functionaltests.CloudBaseTest:-1:------------------------------------------------------
DEBUG [main] - com.salesforce.tests.functionaltests.CloudBaseTest:-1:------------------------------------------------------
DEBUG [main] - com.salesforce.tests.functionaltests.CloudBaseTest:-1:Initializing... 
DEBUG [main] - com.salesforce.tests.functionaltests.CloudBaseTest:-1:------------------------------------------------------
DEBUG [main] - com.salesforce.tests.functionaltests.CloudBaseTest:-1:Grid is set to OFF. All browsers will launch browser locally...
DEBUG [main] - com.salesforce.utils.datastore.FileIO:-1:Getting the download directory path...
DEBUG [main] - com.salesforce.tests.functionaltests.CloudBaseTest:-1:Launching Firefox Browser
DEBUG [main] - com.salesforce.tests.functionaltests.CloudBaseTest:-1:Driver version: FirefoxDriver: firefox on WINDOWS (f158f241-8c38-4900-b427-5209de3b8543)
DEBUG [main] - com.salesforce.tests.functionaltests.CloudBaseTest:-1:Initializing Excel data sheet...
DEBUG [main] - com.salesforce.utils.datastore.ExcelSheetDriver:-1:Returning the Excel cell value: "Email"
DEBUG [main] - com.salesforce.utils.datastore.ExcelSheetDriver:-1:Returning the Excel cell value: "Password"
DEBUG [main] - com.salesforce.utils.datastore.ExcelSheetDriver:-1:Returning the Excel cell value: "Tab"
DEBUG [main] - com.salesforce.utils.datastore.ExcelSheetDriver:-1:Returning the Excel cell value: "Order Name"
DEBUG [main] - com.salesforce.utils.datastore.ExcelSheetDriver:-1:Returning the Excel cell value: "Terms (Months)"
DEBUG [main] - com.salesforce.utils.datastore.ExcelSheetDriver:-1:Returning the Excel cell value: "Auto Renew?"
DEBUG [main] - com.salesforce.utils.datastore.ExcelSheetDriver:-1:Returning the Excel cell value: "orderAccountName"
DEBUG [main] - com.salesforce.utils.datastore.ExcelSheetDriver:-1:Returning the Excel cell value: "PBDM"
DEBUG [main] - com.salesforce.utils.datastore.ExcelSheetDriver:-1:Returning the Excel cell value: "Payment Terms"
DEBUG [main] - com.salesforce.utils.datastore.ExcelSheetDriver:-1:Returning the Excel cell value: "Service Start Date"
DEBUG [main] - com.salesforce.utils.datastore.ExcelSheetDriver:-1:Returning the Excel cell value: "ProductName"
DEBUG [main] - com.salesforce.utils.datastore.FileIO:-1:Loading iFrame ID Cache...
DEBUG [main] - com.salesforce.tests.functionaltests.CloudBaseTest:-1:Initializing Excel data sheet...
DEBUG [main] - com.salesforce.utils.datastore.ExcelSheetDriver:-1:Returning the Excel cell value: "Email"
DEBUG [main] - com.salesforce.utils.datastore.ExcelSheetDriver:-1:Returning the Excel cell value: "Password"
DEBUG [main] - com.salesforce.utils.datastore.ExcelSheetDriver:-1:Returning the Excel cell value: "Tab"
DEBUG [main] - com.salesforce.utils.datastore.ExcelSheetDriver:-1:Returning the Excel cell value: "Order Name"
DEBUG [main] - com.salesforce.utils.datastore.ExcelSheetDriver:-1:Returning the Excel cell value: "Terms (Months)"
DEBUG [main] - com.salesforce.utils.datastore.ExcelSheetDriver:-1:Returning the Excel cell value: "Auto Renew?"
DEBUG [main] - com.salesforce.utils.datastore.ExcelSheetDriver:-1:Returning the Excel cell value: "orderAccountName"
DEBUG [main] - com.salesforce.utils.datastore.ExcelSheetDriver:-1:Returning the Excel cell value: "PBDM"
DEBUG [main] - com.salesforce.utils.datastore.ExcelSheetDriver:-1:Returning the Excel cell value: "Payment Terms"
DEBUG [main] - com.salesforce.utils.datastore.ExcelSheetDriver:-1:Returning the Excel cell value: "Service Start Date"
DEBUG [main] - com.salesforce.utils.datastore.ExcelSheetDriver:-1:Returning the Excel cell value: "ProductName"
DEBUG [main] - com.salesforce.utils.datastore.ExcelSheetDriver:-1:Returning the Excel cell value: "keshava.reddy@salesforce.com"
DEBUG [main] - com.salesforce.utils.datastore.ExcelSheetDriver:-1:Returning the Excel cell value: "BillingQA2"
DEBUG [main] - com.salesforce.utils.datastore.ExcelSheetDriver:-1:Returning the Excel cell value: "Orders"
DEBUG [main] - com.salesforce.utils.datastore.ExcelSheetDriver:-1:Returning the Excel cell value: "Demo order test"
DEBUG [main] - com.salesforce.utils.datastore.ExcelSheetDriver:-1:Returning the Excel cell value: "true"
DEBUG [main] - com.salesforce.utils.datastore.ExcelSheetDriver:-1:Returning the Excel cell value: "04/04/2016"
DEBUG [main] - com.salesforce.utils.datastore.ExcelSheetDriver:-1:Returning the Excel cell value: "Demo Account,Demo Account"
DEBUG [main] - com.salesforce.utils.datastore.ExcelSheetDriver:-1:Returning the Excel cell value: "GenWatt Diesel 200kW"
DEBUG [main] - com.salesforce.pages.PageBase:-1:Opening the page: "https://login.salesforce.com"
DEBUG [main] - com.salesforce.pages.Login:-1:Entering Username: keshava.reddy@salesforce.com
DEBUG [main] - com.salesforce.pages.Login:-1:Entering Password: BillingQA2
DEBUG [main] - com.salesforce.pages.Login:-1:Submitting Login Form!
DEBUG [main] - com.salesforce.pages.PageBase:-1:Will Continue testcase as exception is ignored and expected.
DEBUG [main] - com.salesforce.pages.PageBase:-1:Will Continue testcase as exception is ignored and expected.
DEBUG [main] - com.salesforce.utils.driver.SalesforcePageExtensions:-1:Waiting for page to load!
DEBUG [main] - com.salesforce.utils.driver.SalesforcePageExtensions:-1:Returned a ready state of complete
DEBUG [main] - com.salesforce.pages.DefaultTopFrame:-1:Changing App to SteelBrick Billing
DEBUG [main] - com.salesforce.pages.DefaultTopFrame:-1:Closing all top level Navigation tabs
DEBUG [main] - com.salesforce.utils.driver.ServiceCloudPageExtensions:-1:Closing all Service Cloud navigation tabs...
DEBUG [main] - com.salesforce.pages.PageBase:-1:Will Continue testcase as exception is ignored and expected.
DEBUG [main] - com.salesforce.pages.PageBase:-1:Checking page load status...
DEBUG [main] - com.salesforce.pages.PageBase:-1:Current wait time is: 0
DEBUG [main] - com.salesforce.pages.PageBase:-1:Loading element is no longer visible. Continuing execution...
DEBUG [main] - com.salesforce.pages.PageBase:-1:Waiting 1 sec then returning result. Current wait time is:0
DEBUG [main] - com.salesforce.pages.PageBase:-1:Context Loading element is no longer visible. Continuing execution.
DEBUG [main] - com.salesforce.utils.driver.SalesforcePageExtensions:-1:Waiting for page to load!
DEBUG [main] - com.salesforce.utils.driver.SalesforcePageExtensions:-1:Returned a ready state of complete
DEBUG [main] - com.salesforce.pages.PageBase:-1:Will Continue testcase as exception is ignored and expected.
DEBUG [main] - com.salesforce.utils.driver.ServiceCloudPageExtensions:-1:The close tabs link was inactive. Skipping...
DEBUG [main] - com.salesforce.pages.PageBase:-1:Setting the context mode to Page
DEBUG [main] - com.salesforce.utils.driver.SalesforcePageExtensions:-1:Waiting for page to load!
DEBUG [main] - com.salesforce.utils.driver.SalesforcePageExtensions:-1:Returned a ready state of complete
DEBUG [main] - com.salesforce.pages.Billing.Orders.OrderHome:-1:Clicking on the New button...
DEBUG [main] - com.salesforce.pages.Billing.Orders.OrderHome:-1:Setting order Name to: Demo order test
DEBUG [main] - com.salesforce.pages.Billing.Orders.OrderHome:-1:Setting Account Name to: Demo Account,Demo Account
DEBUG [main] - com.salesforce.pages.PageBase:-1:Checking page load status...
DEBUG [main] - com.salesforce.pages.PageBase:-1:Current wait time is: 0
DEBUG [main] - com.salesforce.pages.PageBase:-1:Loading element is no longer visible. Continuing execution...
DEBUG [main] - com.salesforce.pages.PageBase:-1:Waiting 1 sec then returning result. Current wait time is:0
DEBUG [main] - com.salesforce.pages.PageBase:-1:Context Loading element is no longer visible. Continuing execution.
DEBUG [main] - com.salesforce.utils.driver.SalesforcePageExtensions:-1:Waiting for page to load!
DEBUG [main] - com.salesforce.utils.driver.SalesforcePageExtensions:-1:Returned a ready state of complete
DEBUG [main] - com.salesforce.utils.driver.SalesforcePageExtensions:-1:Main window handle is: {40f1c78e-ff03-49f2-90ba-e5ec3473cae6}
DEBUG [main] - com.salesforce.utils.driver.SalesforcePageExtensions:-1:Current window handle is: {40f1c78e-ff03-49f2-90ba-e5ec3473cae6}
DEBUG [main] - com.salesforce.utils.driver.SalesforcePageExtensions:-1:Current window handle is: {88ab920d-e0dc-46eb-bdec-fa62e5fd05b5}
DEBUG [main] - com.salesforce.utils.driver.SalesforcePageExtensions:-1:New window handle is: {88ab920d-e0dc-46eb-bdec-fa62e5fd05b5}. Now executing on pop-up window...
DEBUG [main] - com.salesforce.utils.driver.SalesforcePageExtensions:-1:Now executing on pop-up window...
DEBUG [main] - com.salesforce.utils.driver.SalesforcePageExtensions:-1:Selecting search result value: Demo Account
DEBUG [main] - com.salesforce.utils.driver.SalesforcePageExtensions:-1:Switching back to main window: {40f1c78e-ff03-49f2-90ba-e5ec3473cae6}
DEBUG [main] - com.salesforce.pages.Billing.Orders.OrderHome:-1:Saving order wizard step1...
DEBUG [main] - com.salesforce.pages.Billing.Orders.OrderHome:-1:Setting Opportunity Close Date to: GenWatt Diesel 200kW
DEBUG [main] - com.salesforce.pages.Billing.Orders.OrderHome:-1:adding product to order...
DEBUG [main] - com.salesforce.pages.Billing.Orders.OrderHome:-1:Saving order wizard step2...
DEBUG [main] - com.salesforce.pages.Billing.Orders.OrderHome:-1:Saving order wizard step2...
DEBUG [main] - com.salesforce.pages.Billing.Orders.OrderHome:-1:Getting the Account Header text
DEBUG [main] - com.salesforce.pages.Billing.Orders.OrderHome:-1:Getting the Account Header text
DEBUG [main] - com.salesforce.utils.datastore.FileIO:-1:Taking screenshot for test: "test_CreateOrder"
DEBUG [main] - com.salesforce.utils.driver.SalesforcePageExtensions:-1:Waiting for page to load!
DEBUG [main] - com.salesforce.utils.driver.SalesforcePageExtensions:-1:Returned a ready state of complete
DEBUG [main] - com.salesforce.tests.functionaltests.CloudBaseTest:-1:ENDING TEST: test_CreateOrder()
DEBUG [main] - com.salesforce.tests.functionaltests.CloudBaseTest:-1:Starting test class teardown
DEBUG [main] - com.salesforce.tests.functionaltests.CloudBaseTest:-1:Clearing all browser cookies
DEBUG [main] - com.salesforce.tests.functionaltests.CloudBaseTest:-1:Terminating browser
 INFO [main] - com.salesforce.utils.datastore.FileIO:-1:Setting the Config Property Key [CurrentTestName] to Value: edit_AddProduct
DEBUG [main] - com.salesforce.utils.datastore.FileIO:-1:Directory: "report/images/" created
DEBUG [main] - com.salesforce.tests.functionaltests.CloudBaseTest:-1:------------------------------------------------------
DEBUG [main] - com.salesforce.tests.functionaltests.CloudBaseTest:-1:Executing Test: edit_AddProduct()...
DEBUG [main] - com.salesforce.tests.functionaltests.CloudBaseTest:-1:------------------------------------------------------
DEBUG [main] - com.salesforce.tests.functionaltests.CloudBaseTest:-1:------------------------------------------------------
DEBUG [main] - com.salesforce.tests.functionaltests.CloudBaseTest:-1:Initializing... 
DEBUG [main] - com.salesforce.tests.functionaltests.CloudBaseTest:-1:------------------------------------------------------
DEBUG [main] - com.salesforce.tests.functionaltests.CloudBaseTest:-1:Grid is set to OFF. All browsers will launch browser locally...
DEBUG [main] - com.salesforce.utils.datastore.FileIO:-1:Getting the download directory path...
DEBUG [main] - com.salesforce.tests.functionaltests.CloudBaseTest:-1:Launching Firefox Browser
DEBUG [main] - com.salesforce.tests.functionaltests.CloudBaseTest:-1:Driver version: FirefoxDriver: firefox on WINDOWS (503c8e34-1ae8-477f-976f-9ed191015203)
DEBUG [main] - com.salesforce.tests.functionaltests.CloudBaseTest:-1:Initializing Excel data sheet...
DEBUG [main] - com.salesforce.utils.datastore.ExcelSheetDriver:-1:Returning the Excel cell value: "Email"
DEBUG [main] - com.salesforce.utils.datastore.ExcelSheetDriver:-1:Returning the Excel cell value: "Password"
DEBUG [main] - com.salesforce.utils.datastore.ExcelSheetDriver:-1:Returning the Excel cell value: "Tab"
DEBUG [main] - com.salesforce.utils.datastore.ExcelSheetDriver:-1:Returning the Excel cell value: "View"
DEBUG [main] - com.salesforce.utils.datastore.ExcelSheetDriver:-1:Returning the Excel cell value: "Filter"
DEBUG [main] - com.salesforce.utils.datastore.ExcelSheetDriver:-1:Returning the Excel cell value: "Order Name"
DEBUG [main] - com.salesforce.utils.datastore.ExcelSheetDriver:-1:Returning the Excel cell value: "ProductName"
DEBUG [main] - com.salesforce.utils.datastore.FileIO:-1:Loading iFrame ID Cache...
DEBUG [main] - com.salesforce.tests.functionaltests.CloudBaseTest:-1:Initializing Excel data sheet...
DEBUG [main] - com.salesforce.utils.datastore.ExcelSheetDriver:-1:Returning the Excel cell value: "Email"
DEBUG [main] - com.salesforce.utils.datastore.ExcelSheetDriver:-1:Returning the Excel cell value: "Password"
DEBUG [main] - com.salesforce.utils.datastore.ExcelSheetDriver:-1:Returning the Excel cell value: "Tab"
DEBUG [main] - com.salesforce.utils.datastore.ExcelSheetDriver:-1:Returning the Excel cell value: "View"
DEBUG [main] - com.salesforce.utils.datastore.ExcelSheetDriver:-1:Returning the Excel cell value: "Filter"
DEBUG [main] - com.salesforce.utils.datastore.ExcelSheetDriver:-1:Returning the Excel cell value: "Order Name"
DEBUG [main] - com.salesforce.utils.datastore.ExcelSheetDriver:-1:Returning the Excel cell value: "ProductName"
DEBUG [main] - com.salesforce.utils.datastore.ExcelSheetDriver:-1:Returning the Excel cell value: "keshava.reddy@salesforce.com"
DEBUG [main] - com.salesforce.utils.datastore.ExcelSheetDriver:-1:Returning the Excel cell value: "BillingQA2"
DEBUG [main] - com.salesforce.utils.datastore.ExcelSheetDriver:-1:Returning the Excel cell value: "Orders"
DEBUG [main] - com.salesforce.utils.datastore.ExcelSheetDriver:-1:Returning the Excel cell value: "All Orders"
DEBUG [main] - com.salesforce.utils.datastore.ExcelSheetDriver:-1:Returning the Excel cell value: "D"
DEBUG [main] - com.salesforce.utils.datastore.ExcelSheetDriver:-1:Returning the Excel cell value: "Demo order test"
DEBUG [main] - com.salesforce.utils.datastore.ExcelSheetDriver:-1:Returning the Excel cell value: "GenWatt Diesel 200kW"
DEBUG [main] - com.salesforce.pages.PageBase:-1:Opening the page: "https://login.salesforce.com"
DEBUG [main] - com.salesforce.pages.Login:-1:Entering Username: keshava.reddy@salesforce.com
DEBUG [main] - com.salesforce.pages.Login:-1:Entering Password: BillingQA2
DEBUG [main] - com.salesforce.pages.Login:-1:Submitting Login Form!
DEBUG [main] - com.salesforce.pages.PageBase:-1:Will Continue testcase as exception is ignored and expected.
DEBUG [main] - com.salesforce.pages.PageBase:-1:Will Continue testcase as exception is ignored and expected.
DEBUG [main] - com.salesforce.utils.driver.SalesforcePageExtensions:-1:Waiting for page to load!
DEBUG [main] - com.salesforce.utils.driver.SalesforcePageExtensions:-1:Returned a ready state of complete
DEBUG [main] - com.salesforce.pages.DefaultTopFrame:-1:Changing App to SteelBrick Billing
DEBUG [main] - com.salesforce.pages.DefaultTopFrame:-1:Closing all top level Navigation tabs
DEBUG [main] - com.salesforce.utils.driver.ServiceCloudPageExtensions:-1:Closing all Service Cloud navigation tabs...
DEBUG [main] - com.salesforce.pages.PageBase:-1:Will Continue testcase as exception is ignored and expected.
DEBUG [main] - com.salesforce.pages.PageBase:-1:Checking page load status...
DEBUG [main] - com.salesforce.pages.PageBase:-1:Current wait time is: 0
DEBUG [main] - com.salesforce.pages.PageBase:-1:Loading element is no longer visible. Continuing execution...
DEBUG [main] - com.salesforce.pages.PageBase:-1:Waiting 1 sec then returning result. Current wait time is:0
DEBUG [main] - com.salesforce.pages.PageBase:-1:Context Loading element is no longer visible. Continuing execution.
DEBUG [main] - com.salesforce.utils.driver.SalesforcePageExtensions:-1:Waiting for page to load!
DEBUG [main] - com.salesforce.utils.driver.SalesforcePageExtensions:-1:Returned a ready state of complete
DEBUG [main] - com.salesforce.pages.PageBase:-1:Will Continue testcase as exception is ignored and expected.
DEBUG [main] - com.salesforce.utils.driver.ServiceCloudPageExtensions:-1:The close tabs link was inactive. Skipping...
DEBUG [main] - com.salesforce.pages.PageBase:-1:Setting the context mode to Page
DEBUG [main] - com.salesforce.utils.driver.SalesforcePageExtensions:-1:Waiting for page to load!
DEBUG [main] - com.salesforce.utils.driver.SalesforcePageExtensions:-1:Returned a ready state of complete
DEBUG [main] - com.salesforce.pages.salescloud.leads.LeadsHome:-1:Waiting for page to load
DEBUG [main] - com.salesforce.utils.driver.SalesforcePageExtensions:-1:Waiting for page to load!
DEBUG [main] - com.salesforce.utils.driver.SalesforcePageExtensions:-1:Returned a ready state of complete
DEBUG [main] - com.salesforce.pages.salescloud.leads.LeadsHome:-1:Setting View filter to: All Orders
DEBUG [main] - com.salesforce.pages.PageBase:-1:Will Continue testcase as exception is ignored and expected.
DEBUG [main] - com.salesforce.pages.PageBase:-1:Will Continue testcase as exception is ignored and expected.
DEBUG [main] - com.salesforce.utils.driver.SalesforcePageExtensions:-1:Had to use alternate DOM structure to get the class name for the input within a DIV. Input class is: fcf
DEBUG [main] - com.salesforce.pages.salescloud.leads.LeadsHome:-1:Selecting the Lead view type: All Orders
DEBUG [main] - com.salesforce.pages.salescloud.leads.LeadsHome:-1:The <option> value was found as the default selected element. Selecting it now
DEBUG [main] - com.salesforce.pages.salescloud.leads.LeadsHome:-1:Waiting for page to load
DEBUG [main] - com.salesforce.utils.driver.SalesforcePageExtensions:-1:Waiting for page to load!
DEBUG [main] - com.salesforce.utils.driver.SalesforcePageExtensions:-1:Returned a ready state of complete
DEBUG [main] - com.salesforce.pages.salescloud.leads.LeadsHome:-1:Sorting the leads Table by the Letter: D
DEBUG [main] - com.salesforce.utils.driver.SalesforcePageExtensions:-1:Waiting for page to load!
DEBUG [main] - com.salesforce.utils.driver.SalesforcePageExtensions:-1:Returned a ready state of complete
DEBUG [main] - com.salesforce.utils.driver.BrowserExtensions:-1:Waiting 1 sec then returning result. Current wait time is:0
DEBUG [main] - com.salesforce.utils.driver.BrowserExtensions:-1:Loading element is no longer visible. Continuing execution.
DEBUG [main] - com.salesforce.utils.driver.SalesforcePageExtensions:-1:Sorting Activity contents by letter: D
DEBUG [main] - com.salesforce.pages.salescloud.leads.LeadsHome:-1:Selecting the following value from the Leads table: Demo order test
DEBUG [main] - com.salesforce.utils.driver.SalesforcePageExtensions:-1:Waiting for page to load!
DEBUG [main] - com.salesforce.utils.driver.SalesforcePageExtensions:-1:Returned a ready state of complete
DEBUG [main] - com.salesforce.pages.salescloud.leads.LeadsHome:-1:Selecting the following value from the leads record table: Demo order test
DEBUG [main] - com.salesforce.utils.driver.BrowserExtensions:-1:Waiting 1 sec then returning result. Current wait time is:0
DEBUG [main] - com.salesforce.utils.driver.BrowserExtensions:-1:Loading element is no longer visible. Continuing execution.
DEBUG [main] - com.salesforce.utils.driver.SalesforcePageExtensions:-1:Found the table value: Demo order test
DEBUG [main] - com.salesforce.pages.Billing.Orders.OrderHome:-1:Clicking on edit....
DEBUG [main] - com.salesforce.pages.Billing.Orders.OrderHome:-1:Saving order wizard step1...
DEBUG [main] - com.salesforce.pages.Billing.Orders.OrderHome:-1:Setting Opportunity Close Date to: GenWatt Diesel 200kW
DEBUG [main] - com.salesforce.pages.Billing.Orders.OrderHome:-1:Saving order wizard step2...
DEBUG [main] - com.salesforce.pages.Billing.Orders.OrderHome:-1:Saving order wizard step2...
DEBUG [main] - com.salesforce.utils.datastore.FileIO:-1:Taking screenshot for test: "edit_AddProduct"
DEBUG [main] - com.salesforce.utils.driver.SalesforcePageExtensions:-1:Waiting for page to load!
DEBUG [main] - com.salesforce.utils.driver.SalesforcePageExtensions:-1:Returned a ready state of complete
DEBUG [main] - com.salesforce.tests.functionaltests.CloudBaseTest:-1:ENDING TEST: edit_AddProduct()
DEBUG [main] - com.salesforce.tests.functionaltests.CloudBaseTest:-1:Starting test class teardown
DEBUG [main] - com.salesforce.tests.functionaltests.CloudBaseTest:-1:Clearing all browser cookies
DEBUG [main] - com.salesforce.tests.functionaltests.CloudBaseTest:-1:Terminating browser
 INFO [main] - com.salesforce.utils.datastore.FileIO:-1:Setting the Config Property Key [CurrentTestName] to Value: cloneorder_TestCancel
DEBUG [main] - com.salesforce.utils.datastore.FileIO:-1:Directory: "report/images/" created
DEBUG [main] - com.salesforce.tests.functionaltests.CloudBaseTest:-1:------------------------------------------------------
DEBUG [main] - com.salesforce.tests.functionaltests.CloudBaseTest:-1:Executing Test: cloneorder_TestCancel()...
DEBUG [main] - com.salesforce.tests.functionaltests.CloudBaseTest:-1:------------------------------------------------------
DEBUG [main] - com.salesforce.tests.functionaltests.CloudBaseTest:-1:------------------------------------------------------
DEBUG [main] - com.salesforce.tests.functionaltests.CloudBaseTest:-1:Initializing... 
DEBUG [main] - com.salesforce.tests.functionaltests.CloudBaseTest:-1:------------------------------------------------------
DEBUG [main] - com.salesforce.tests.functionaltests.CloudBaseTest:-1:Grid is set to OFF. All browsers will launch browser locally...
DEBUG [main] - com.salesforce.utils.datastore.FileIO:-1:Getting the download directory path...
DEBUG [main] - com.salesforce.tests.functionaltests.CloudBaseTest:-1:Launching Firefox Browser
DEBUG [main] - com.salesforce.tests.functionaltests.CloudBaseTest:-1:Driver version: FirefoxDriver: firefox on WINDOWS (c79961cf-26b6-44b5-abc5-84048b2abb06)
DEBUG [main] - com.salesforce.tests.functionaltests.CloudBaseTest:-1:Initializing Excel data sheet...
DEBUG [main] - com.salesforce.utils.datastore.ExcelSheetDriver:-1:Returning the Excel cell value: "Email"
DEBUG [main] - com.salesforce.utils.datastore.ExcelSheetDriver:-1:Returning the Excel cell value: "Password"
DEBUG [main] - com.salesforce.utils.datastore.ExcelSheetDriver:-1:Returning the Excel cell value: "Tab"
DEBUG [main] - com.salesforce.utils.datastore.ExcelSheetDriver:-1:Returning the Excel cell value: "View"
DEBUG [main] - com.salesforce.utils.datastore.ExcelSheetDriver:-1:Returning the Excel cell value: "Filter"
DEBUG [main] - com.salesforce.utils.datastore.ExcelSheetDriver:-1:Returning the Excel cell value: "OrderName"
DEBUG [main] - com.salesforce.utils.datastore.FileIO:-1:Loading iFrame ID Cache...
DEBUG [main] - com.salesforce.tests.functionaltests.CloudBaseTest:-1:Initializing Excel data sheet...
DEBUG [main] - com.salesforce.utils.datastore.ExcelSheetDriver:-1:Returning the Excel cell value: "Email"
DEBUG [main] - com.salesforce.utils.datastore.ExcelSheetDriver:-1:Returning the Excel cell value: "Password"
DEBUG [main] - com.salesforce.utils.datastore.ExcelSheetDriver:-1:Returning the Excel cell value: "Tab"
DEBUG [main] - com.salesforce.utils.datastore.ExcelSheetDriver:-1:Returning the Excel cell value: "View"
DEBUG [main] - com.salesforce.utils.datastore.ExcelSheetDriver:-1:Returning the Excel cell value: "Filter"
DEBUG [main] - com.salesforce.utils.datastore.ExcelSheetDriver:-1:Returning the Excel cell value: "OrderName"
DEBUG [main] - com.salesforce.utils.datastore.ExcelSheetDriver:-1:Returning the Excel cell value: "keshava.reddy@salesforce.com"
DEBUG [main] - com.salesforce.utils.datastore.ExcelSheetDriver:-1:Returning the Excel cell value: "BillingQA2"
DEBUG [main] - com.salesforce.utils.datastore.ExcelSheetDriver:-1:Returning the Excel cell value: "Orders"
DEBUG [main] - com.salesforce.utils.datastore.ExcelSheetDriver:-1:Returning the Excel cell value: "All Orders"
DEBUG [main] - com.salesforce.utils.datastore.ExcelSheetDriver:-1:Returning the Excel cell value: "D"
DEBUG [main] - com.salesforce.utils.datastore.ExcelSheetDriver:-1:Returning the Excel cell value: "Demo order test"
DEBUG [main] - com.salesforce.pages.PageBase:-1:Opening the page: "https://login.salesforce.com"
DEBUG [main] - com.salesforce.pages.Login:-1:Entering Username: keshava.reddy@salesforce.com
DEBUG [main] - com.salesforce.pages.Login:-1:Entering Password: BillingQA2
DEBUG [main] - com.salesforce.pages.Login:-1:Submitting Login Form!
DEBUG [main] - com.salesforce.pages.PageBase:-1:Will Continue testcase as exception is ignored and expected.
DEBUG [main] - com.salesforce.pages.PageBase:-1:Will Continue testcase as exception is ignored and expected.
DEBUG [main] - com.salesforce.utils.driver.SalesforcePageExtensions:-1:Waiting for page to load!
DEBUG [main] - com.salesforce.utils.driver.SalesforcePageExtensions:-1:Returned a ready state of complete
DEBUG [main] - com.salesforce.pages.DefaultTopFrame:-1:Changing App to SteelBrick Billing
DEBUG [main] - com.salesforce.pages.DefaultTopFrame:-1:Closing all top level Navigation tabs
DEBUG [main] - com.salesforce.utils.driver.ServiceCloudPageExtensions:-1:Closing all Service Cloud navigation tabs...
DEBUG [main] - com.salesforce.pages.PageBase:-1:Will Continue testcase as exception is ignored and expected.
DEBUG [main] - com.salesforce.pages.PageBase:-1:Checking page load status...
DEBUG [main] - com.salesforce.pages.PageBase:-1:Current wait time is: 0
DEBUG [main] - com.salesforce.pages.PageBase:-1:Loading element is no longer visible. Continuing execution...
DEBUG [main] - com.salesforce.pages.PageBase:-1:Waiting 1 sec then returning result. Current wait time is:0
DEBUG [main] - com.salesforce.pages.PageBase:-1:Context Loading element is no longer visible. Continuing execution.
DEBUG [main] - com.salesforce.utils.driver.SalesforcePageExtensions:-1:Waiting for page to load!
DEBUG [main] - com.salesforce.utils.driver.SalesforcePageExtensions:-1:Returned a ready state of complete
DEBUG [main] - com.salesforce.pages.PageBase:-1:Will Continue testcase as exception is ignored and expected.
DEBUG [main] - com.salesforce.utils.driver.ServiceCloudPageExtensions:-1:The close tabs link was inactive. Skipping...
DEBUG [main] - com.salesforce.pages.PageBase:-1:Setting the context mode to Page
DEBUG [main] - com.salesforce.utils.driver.SalesforcePageExtensions:-1:Waiting for page to load!
DEBUG [main] - com.salesforce.utils.driver.SalesforcePageExtensions:-1:Returned a ready state of complete
DEBUG [main] - com.salesforce.pages.salescloud.leads.LeadsHome:-1:Waiting for page to load
DEBUG [main] - com.salesforce.utils.driver.SalesforcePageExtensions:-1:Waiting for page to load!
DEBUG [main] - com.salesforce.utils.driver.SalesforcePageExtensions:-1:Returned a ready state of complete
DEBUG [main] - com.salesforce.pages.salescloud.leads.LeadsHome:-1:Setting View filter to: All Orders
DEBUG [main] - com.salesforce.pages.PageBase:-1:Will Continue testcase as exception is ignored and expected.
DEBUG [main] - com.salesforce.pages.PageBase:-1:Will Continue testcase as exception is ignored and expected.
DEBUG [main] - com.salesforce.utils.driver.SalesforcePageExtensions:-1:Had to use alternate DOM structure to get the class name for the input within a DIV. Input class is: fcf
DEBUG [main] - com.salesforce.pages.salescloud.leads.LeadsHome:-1:Selecting the Lead view type: All Orders
DEBUG [main] - com.salesforce.pages.salescloud.leads.LeadsHome:-1:The <option> value was found as the default selected element. Selecting it now
DEBUG [main] - com.salesforce.pages.salescloud.leads.LeadsHome:-1:Waiting for page to load
DEBUG [main] - com.salesforce.utils.driver.SalesforcePageExtensions:-1:Waiting for page to load!
DEBUG [main] - com.salesforce.utils.driver.SalesforcePageExtensions:-1:Returned a ready state of complete
DEBUG [main] - com.salesforce.pages.salescloud.leads.LeadsHome:-1:Sorting the leads Table by the Letter: D
DEBUG [main] - com.salesforce.utils.driver.SalesforcePageExtensions:-1:Waiting for page to load!
DEBUG [main] - com.salesforce.utils.driver.SalesforcePageExtensions:-1:Returned a ready state of complete
DEBUG [main] - com.salesforce.utils.driver.BrowserExtensions:-1:Waiting 1 sec then returning result. Current wait time is:0
DEBUG [main] - com.salesforce.utils.driver.BrowserExtensions:-1:Loading element is no longer visible. Continuing execution.
DEBUG [main] - com.salesforce.utils.driver.SalesforcePageExtensions:-1:Sorting Activity contents by letter: D
DEBUG [main] - com.salesforce.pages.salescloud.leads.LeadsHome:-1:Selecting the following value from the Leads table: Demo order test
DEBUG [main] - com.salesforce.utils.driver.SalesforcePageExtensions:-1:Waiting for page to load!
DEBUG [main] - com.salesforce.utils.driver.SalesforcePageExtensions:-1:Returned a ready state of complete
DEBUG [main] - com.salesforce.pages.salescloud.leads.LeadsHome:-1:Selecting the following value from the leads record table: Demo order test
DEBUG [main] - com.salesforce.utils.driver.BrowserExtensions:-1:Waiting 1 sec then returning result. Current wait time is:0
DEBUG [main] - com.salesforce.utils.driver.BrowserExtensions:-1:Waiting 1 sec then returning result. Current wait time is:1
DEBUG [main] - com.salesforce.utils.driver.BrowserExtensions:-1:Waiting 1 sec then returning result. Current wait time is:2
DEBUG [main] - com.salesforce.utils.driver.BrowserExtensions:-1:Waiting 1 sec then returning result. Current wait time is:3
DEBUG [main] - com.salesforce.utils.driver.BrowserExtensions:-1:Waiting 1 sec then returning result. Current wait time is:4
DEBUG [main] - com.salesforce.utils.driver.BrowserExtensions:-1:Loading element is no longer visible. Continuing execution.
DEBUG [main] - com.salesforce.utils.driver.SalesforcePageExtensions:-1:Found the table value: Demo order test
DEBUG [main] - com.salesforce.pages.Billing.Orders.Cloneorder:-1:Clicking on clone button
DEBUG [main] - com.salesforce.pages.Billing.Orders.Cloneorder:-1:Clicking on cancel button
DEBUG [main] - com.salesforce.pages.Billing.Orders.Cloneorder:-1:Getting the Account Header text
DEBUG [main] - com.salesforce.utils.datastore.FileIO:-1:Taking screenshot for test: "cloneorder_TestCancel"
DEBUG [main] - com.salesforce.utils.driver.SalesforcePageExtensions:-1:Waiting for page to load!
DEBUG [main] - com.salesforce.utils.driver.SalesforcePageExtensions:-1:Returned a ready state of complete
DEBUG [main] - com.salesforce.tests.functionaltests.CloudBaseTest:-1:ENDING TEST: cloneorder_TestCancel()
DEBUG [main] - com.salesforce.tests.functionaltests.CloudBaseTest:-1:Starting test class teardown
DEBUG [main] - com.salesforce.tests.functionaltests.CloudBaseTest:-1:Clearing all browser cookies
DEBUG [main] - com.salesforce.tests.functionaltests.CloudBaseTest:-1:Terminating browser
 INFO [main] - com.salesforce.utils.datastore.FileIO:-1:Setting the Config Property Key [CurrentTestName] to Value: cloneorder_TestPreview
DEBUG [main] - com.salesforce.utils.datastore.FileIO:-1:Directory: "report/images/" created
DEBUG [main] - com.salesforce.tests.functionaltests.CloudBaseTest:-1:------------------------------------------------------
DEBUG [main] - com.salesforce.tests.functionaltests.CloudBaseTest:-1:Executing Test: cloneorder_TestPreview()...
DEBUG [main] - com.salesforce.tests.functionaltests.CloudBaseTest:-1:------------------------------------------------------
DEBUG [main] - com.salesforce.tests.functionaltests.CloudBaseTest:-1:------------------------------------------------------
DEBUG [main] - com.salesforce.tests.functionaltests.CloudBaseTest:-1:Initializing... 
DEBUG [main] - com.salesforce.tests.functionaltests.CloudBaseTest:-1:------------------------------------------------------
DEBUG [main] - com.salesforce.tests.functionaltests.CloudBaseTest:-1:Grid is set to OFF. All browsers will launch browser locally...
DEBUG [main] - com.salesforce.utils.datastore.FileIO:-1:Getting the download directory path...
DEBUG [main] - com.salesforce.tests.functionaltests.CloudBaseTest:-1:Launching Firefox Browser
DEBUG [main] - com.salesforce.tests.functionaltests.CloudBaseTest:-1:Driver version: FirefoxDriver: firefox on WINDOWS (02615fd1-b498-4b2b-a500-b06dc571bca0)
DEBUG [main] - com.salesforce.tests.functionaltests.CloudBaseTest:-1:Initializing Excel data sheet...
DEBUG [main] - com.salesforce.utils.datastore.ExcelSheetDriver:-1:Returning the Excel cell value: "Email"
DEBUG [main] - com.salesforce.utils.datastore.ExcelSheetDriver:-1:Returning the Excel cell value: "Password"
DEBUG [main] - com.salesforce.utils.datastore.ExcelSheetDriver:-1:Returning the Excel cell value: "Tab"
DEBUG [main] - com.salesforce.utils.datastore.ExcelSheetDriver:-1:Returning the Excel cell value: "View"
DEBUG [main] - com.salesforce.utils.datastore.ExcelSheetDriver:-1:Returning the Excel cell value: "Filter"
DEBUG [main] - com.salesforce.utils.datastore.ExcelSheetDriver:-1:Returning the Excel cell value: "OrderName"
DEBUG [main] - com.salesforce.utils.datastore.FileIO:-1:Loading iFrame ID Cache...
DEBUG [main] - com.salesforce.tests.functionaltests.CloudBaseTest:-1:Initializing Excel data sheet...
DEBUG [main] - com.salesforce.utils.datastore.ExcelSheetDriver:-1:Returning the Excel cell value: "Email"
DEBUG [main] - com.salesforce.utils.datastore.ExcelSheetDriver:-1:Returning the Excel cell value: "Password"
DEBUG [main] - com.salesforce.utils.datastore.ExcelSheetDriver:-1:Returning the Excel cell value: "Tab"
DEBUG [main] - com.salesforce.utils.datastore.ExcelSheetDriver:-1:Returning the Excel cell value: "View"
DEBUG [main] - com.salesforce.utils.datastore.ExcelSheetDriver:-1:Returning the Excel cell value: "Filter"
DEBUG [main] - com.salesforce.utils.datastore.ExcelSheetDriver:-1:Returning the Excel cell value: "OrderName"
DEBUG [main] - com.salesforce.utils.datastore.ExcelSheetDriver:-1:Returning the Excel cell value: "keshava.reddy@salesforce.com"
DEBUG [main] - com.salesforce.utils.datastore.ExcelSheetDriver:-1:Returning the Excel cell value: "BillingQA2"
DEBUG [main] - com.salesforce.utils.datastore.ExcelSheetDriver:-1:Returning the Excel cell value: "Orders"
DEBUG [main] - com.salesforce.utils.datastore.ExcelSheetDriver:-1:Returning the Excel cell value: "All Orders"
DEBUG [main] - com.salesforce.utils.datastore.ExcelSheetDriver:-1:Returning the Excel cell value: "D"
DEBUG [main] - com.salesforce.utils.datastore.ExcelSheetDriver:-1:Returning the Excel cell value: "Demo order test"
DEBUG [main] - com.salesforce.pages.PageBase:-1:Opening the page: "https://login.salesforce.com"
DEBUG [main] - com.salesforce.pages.Login:-1:Entering Username: keshava.reddy@salesforce.com
DEBUG [main] - com.salesforce.pages.Login:-1:Entering Password: BillingQA2
DEBUG [main] - com.salesforce.pages.Login:-1:Submitting Login Form!
DEBUG [main] - com.salesforce.pages.PageBase:-1:Will Continue testcase as exception is ignored and expected.
DEBUG [main] - com.salesforce.pages.PageBase:-1:Will Continue testcase as exception is ignored and expected.
DEBUG [main] - com.salesforce.utils.driver.SalesforcePageExtensions:-1:Waiting for page to load!
DEBUG [main] - com.salesforce.utils.driver.SalesforcePageExtensions:-1:Returned a ready state of complete
DEBUG [main] - com.salesforce.pages.DefaultTopFrame:-1:Changing App to SteelBrick Billing
DEBUG [main] - com.salesforce.pages.DefaultTopFrame:-1:Closing all top level Navigation tabs
DEBUG [main] - com.salesforce.utils.driver.ServiceCloudPageExtensions:-1:Closing all Service Cloud navigation tabs...
DEBUG [main] - com.salesforce.pages.PageBase:-1:Will Continue testcase as exception is ignored and expected.
DEBUG [main] - com.salesforce.pages.PageBase:-1:Checking page load status...
DEBUG [main] - com.salesforce.pages.PageBase:-1:Current wait time is: 0
DEBUG [main] - com.salesforce.pages.PageBase:-1:Loading element is no longer visible. Continuing execution...
DEBUG [main] - com.salesforce.pages.PageBase:-1:Waiting 1 sec then returning result. Current wait time is:0
DEBUG [main] - com.salesforce.pages.PageBase:-1:Context Loading element is no longer visible. Continuing execution.
DEBUG [main] - com.salesforce.utils.driver.SalesforcePageExtensions:-1:Waiting for page to load!
DEBUG [main] - com.salesforce.utils.driver.SalesforcePageExtensions:-1:Returned a ready state of complete
DEBUG [main] - com.salesforce.pages.PageBase:-1:Will Continue testcase as exception is ignored and expected.
DEBUG [main] - com.salesforce.utils.driver.ServiceCloudPageExtensions:-1:The close tabs link was inactive. Skipping...
DEBUG [main] - com.salesforce.pages.PageBase:-1:Setting the context mode to Page
DEBUG [main] - com.salesforce.utils.driver.SalesforcePageExtensions:-1:Waiting for page to load!
DEBUG [main] - com.salesforce.utils.driver.SalesforcePageExtensions:-1:Returned a ready state of complete
DEBUG [main] - com.salesforce.pages.salescloud.leads.LeadsHome:-1:Waiting for page to load
DEBUG [main] - com.salesforce.utils.driver.SalesforcePageExtensions:-1:Waiting for page to load!
DEBUG [main] - com.salesforce.utils.driver.SalesforcePageExtensions:-1:Returned a ready state of complete
DEBUG [main] - com.salesforce.pages.salescloud.leads.LeadsHome:-1:Setting View filter to: All Orders
DEBUG [main] - com.salesforce.pages.PageBase:-1:Will Continue testcase as exception is ignored and expected.
DEBUG [main] - com.salesforce.pages.PageBase:-1:Will Continue testcase as exception is ignored and expected.
DEBUG [main] - com.salesforce.utils.driver.SalesforcePageExtensions:-1:Had to use alternate DOM structure to get the class name for the input within a DIV. Input class is: fcf
DEBUG [main] - com.salesforce.pages.salescloud.leads.LeadsHome:-1:Selecting the Lead view type: All Orders
DEBUG [main] - com.salesforce.pages.salescloud.leads.LeadsHome:-1:The <option> value was found as the default selected element. Selecting it now
DEBUG [main] - com.salesforce.pages.salescloud.leads.LeadsHome:-1:Waiting for page to load
DEBUG [main] - com.salesforce.utils.driver.SalesforcePageExtensions:-1:Waiting for page to load!
DEBUG [main] - com.salesforce.utils.driver.SalesforcePageExtensions:-1:Returned a ready state of complete
DEBUG [main] - com.salesforce.pages.salescloud.leads.LeadsHome:-1:Sorting the leads Table by the Letter: D
DEBUG [main] - com.salesforce.utils.driver.SalesforcePageExtensions:-1:Waiting for page to load!
DEBUG [main] - com.salesforce.utils.driver.SalesforcePageExtensions:-1:Returned a ready state of complete
DEBUG [main] - com.salesforce.utils.driver.BrowserExtensions:-1:Waiting 1 sec then returning result. Current wait time is:0
DEBUG [main] - com.salesforce.utils.driver.BrowserExtensions:-1:Loading element is no longer visible. Continuing execution.
DEBUG [main] - com.salesforce.utils.driver.SalesforcePageExtensions:-1:Sorting Activity contents by letter: D
DEBUG [main] - com.salesforce.pages.salescloud.leads.LeadsHome:-1:Selecting the following value from the Leads table: Demo order test
DEBUG [main] - com.salesforce.utils.driver.SalesforcePageExtensions:-1:Waiting for page to load!
DEBUG [main] - com.salesforce.utils.driver.SalesforcePageExtensions:-1:Returned a ready state of complete
DEBUG [main] - com.salesforce.pages.salescloud.leads.LeadsHome:-1:Selecting the following value from the leads record table: Demo order test
DEBUG [main] - com.salesforce.utils.driver.BrowserExtensions:-1:Waiting 1 sec then returning result. Current wait time is:0
DEBUG [main] - com.salesforce.utils.driver.BrowserExtensions:-1:Waiting 1 sec then returning result. Current wait time is:1
DEBUG [main] - com.salesforce.utils.driver.BrowserExtensions:-1:Waiting 1 sec then returning result. Current wait time is:2
DEBUG [main] - com.salesforce.utils.driver.BrowserExtensions:-1:Waiting 1 sec then returning result. Current wait time is:3
DEBUG [main] - com.salesforce.utils.driver.BrowserExtensions:-1:Waiting 1 sec then returning result. Current wait time is:4
DEBUG [main] - com.salesforce.utils.driver.BrowserExtensions:-1:Waiting 1 sec then returning result. Current wait time is:5
DEBUG [main] - com.salesforce.utils.driver.BrowserExtensions:-1:Waiting 1 sec then returning result. Current wait time is:6
DEBUG [main] - com.salesforce.utils.driver.BrowserExtensions:-1:Waiting 1 sec then returning result. Current wait time is:7
DEBUG [main] - com.salesforce.utils.driver.BrowserExtensions:-1:Waiting 1 sec then returning result. Current wait time is:8
DEBUG [main] - com.salesforce.utils.driver.BrowserExtensions:-1:Waiting 1 sec then returning result. Current wait time is:9
DEBUG [main] - com.salesforce.utils.driver.BrowserExtensions:-1:Waiting 1 sec then returning result. Current wait time is:10
DEBUG [main] - com.salesforce.utils.driver.BrowserExtensions:-1:Waiting 1 sec then returning result. Current wait time is:11
DEBUG [main] - com.salesforce.utils.driver.BrowserExtensions:-1:Waiting 1 sec then returning result. Current wait time is:12
DEBUG [main] - com.salesforce.utils.driver.BrowserExtensions:-1:Waiting 1 sec then returning result. Current wait time is:13
DEBUG [main] - com.salesforce.utils.driver.BrowserExtensions:-1:Waiting 1 sec then returning result. Current wait time is:14
DEBUG [main] - com.salesforce.utils.driver.BrowserExtensions:-1:Waiting 1 sec then returning result. Current wait time is:15
DEBUG [main] - com.salesforce.utils.driver.BrowserExtensions:-1:Waiting 1 sec then returning result. Current wait time is:16
DEBUG [main] - com.salesforce.utils.driver.BrowserExtensions:-1:Waiting 1 sec then returning result. Current wait time is:17
DEBUG [main] - com.salesforce.utils.driver.BrowserExtensions:-1:Waiting 1 sec then returning result. Current wait time is:18
DEBUG [main] - com.salesforce.utils.driver.BrowserExtensions:-1:Waiting 1 sec then returning result. Current wait time is:19
DEBUG [main] - com.salesforce.utils.driver.BrowserExtensions:-1:Waiting 1 sec then returning result. Current wait time is:20
DEBUG [main] - com.salesforce.utils.driver.BrowserExtensions:-1:Waiting 1 sec then returning result. Current wait time is:21
DEBUG [main] - com.salesforce.utils.driver.BrowserExtensions:-1:Waiting 1 sec then returning result. Current wait time is:22
DEBUG [main] - com.salesforce.utils.driver.BrowserExtensions:-1:Loading element is no longer visible. Continuing execution.
DEBUG [main] - com.salesforce.utils.driver.SalesforcePageExtensions:-1:Found the table value: Demo order test
DEBUG [main] - com.salesforce.pages.Billing.Orders.Cloneorder:-1:Clicking on clone button
DEBUG [main] - com.salesforce.pages.Billing.Orders.Cloneorder:-1:Clicking on preview button
DEBUG [main] - com.salesforce.utils.datastore.FileIO:-1:Taking screenshot for test: "cloneorder_TestPreview"
DEBUG [main] - com.salesforce.utils.driver.SalesforcePageExtensions:-1:Waiting for page to load!
DEBUG [main] - com.salesforce.utils.driver.SalesforcePageExtensions:-1:Returned a ready state of complete
DEBUG [main] - com.salesforce.tests.functionaltests.CloudBaseTest:-1:ENDING TEST: cloneorder_TestPreview()
DEBUG [main] - com.salesforce.tests.functionaltests.CloudBaseTest:-1:Starting test class teardown
DEBUG [main] - com.salesforce.tests.functionaltests.CloudBaseTest:-1:Clearing all browser cookies
DEBUG [main] - com.salesforce.tests.functionaltests.CloudBaseTest:-1:Terminating browser
 INFO [main] - com.salesforce.utils.datastore.FileIO:-1:Setting the Config Property Key [CurrentTestName] to Value: cloneorder_TestQuickSave
DEBUG [main] - com.salesforce.utils.datastore.FileIO:-1:Directory: "report/images/" created
DEBUG [main] - com.salesforce.tests.functionaltests.CloudBaseTest:-1:------------------------------------------------------
DEBUG [main] - com.salesforce.tests.functionaltests.CloudBaseTest:-1:Executing Test: cloneorder_TestQuickSave()...
DEBUG [main] - com.salesforce.tests.functionaltests.CloudBaseTest:-1:------------------------------------------------------
DEBUG [main] - com.salesforce.tests.functionaltests.CloudBaseTest:-1:------------------------------------------------------
DEBUG [main] - com.salesforce.tests.functionaltests.CloudBaseTest:-1:Initializing... 
DEBUG [main] - com.salesforce.tests.functionaltests.CloudBaseTest:-1:------------------------------------------------------
DEBUG [main] - com.salesforce.tests.functionaltests.CloudBaseTest:-1:Grid is set to OFF. All browsers will launch browser locally...
DEBUG [main] - com.salesforce.utils.datastore.FileIO:-1:Getting the download directory path...
DEBUG [main] - com.salesforce.tests.functionaltests.CloudBaseTest:-1:Launching Firefox Browser
DEBUG [main] - com.salesforce.tests.functionaltests.CloudBaseTest:-1:Driver version: FirefoxDriver: firefox on WINDOWS (cc311488-f18e-4a6b-89ae-ae5fdb4c4939)
DEBUG [main] - com.salesforce.tests.functionaltests.CloudBaseTest:-1:Initializing Excel data sheet...
DEBUG [main] - com.salesforce.utils.datastore.ExcelSheetDriver:-1:Returning the Excel cell value: "Email"
DEBUG [main] - com.salesforce.utils.datastore.ExcelSheetDriver:-1:Returning the Excel cell value: "Password"
DEBUG [main] - com.salesforce.utils.datastore.ExcelSheetDriver:-1:Returning the Excel cell value: "Tab"
DEBUG [main] - com.salesforce.utils.datastore.ExcelSheetDriver:-1:Returning the Excel cell value: "View"
DEBUG [main] - com.salesforce.utils.datastore.ExcelSheetDriver:-1:Returning the Excel cell value: "Filter"
DEBUG [main] - com.salesforce.utils.datastore.ExcelSheetDriver:-1:Returning the Excel cell value: "OrderName"
DEBUG [main] - com.salesforce.utils.datastore.FileIO:-1:Loading iFrame ID Cache...
DEBUG [main] - com.salesforce.tests.functionaltests.CloudBaseTest:-1:Initializing Excel data sheet...
DEBUG [main] - com.salesforce.utils.datastore.ExcelSheetDriver:-1:Returning the Excel cell value: "Email"
DEBUG [main] - com.salesforce.utils.datastore.ExcelSheetDriver:-1:Returning the Excel cell value: "Password"
DEBUG [main] - com.salesforce.utils.datastore.ExcelSheetDriver:-1:Returning the Excel cell value: "Tab"
DEBUG [main] - com.salesforce.utils.datastore.ExcelSheetDriver:-1:Returning the Excel cell value: "View"
DEBUG [main] - com.salesforce.utils.datastore.ExcelSheetDriver:-1:Returning the Excel cell value: "Filter"
DEBUG [main] - com.salesforce.utils.datastore.ExcelSheetDriver:-1:Returning the Excel cell value: "OrderName"
DEBUG [main] - com.salesforce.utils.datastore.ExcelSheetDriver:-1:Returning the Excel cell value: "keshava.reddy@salesforce.com"
DEBUG [main] - com.salesforce.utils.datastore.ExcelSheetDriver:-1:Returning the Excel cell value: "BillingQA2"
DEBUG [main] - com.salesforce.utils.datastore.ExcelSheetDriver:-1:Returning the Excel cell value: "Orders"
DEBUG [main] - com.salesforce.utils.datastore.ExcelSheetDriver:-1:Returning the Excel cell value: "All Orders"
DEBUG [main] - com.salesforce.utils.datastore.ExcelSheetDriver:-1:Returning the Excel cell value: "D"
DEBUG [main] - com.salesforce.utils.datastore.ExcelSheetDriver:-1:Returning the Excel cell value: "Demo order test"
DEBUG [main] - com.salesforce.pages.PageBase:-1:Opening the page: "https://login.salesforce.com"
DEBUG [main] - com.salesforce.pages.Login:-1:Entering Username: keshava.reddy@salesforce.com
DEBUG [main] - com.salesforce.pages.Login:-1:Entering Password: BillingQA2
DEBUG [main] - com.salesforce.pages.Login:-1:Submitting Login Form!
DEBUG [main] - com.salesforce.pages.PageBase:-1:Will Continue testcase as exception is ignored and expected.
DEBUG [main] - com.salesforce.pages.PageBase:-1:Will Continue testcase as exception is ignored and expected.
DEBUG [main] - com.salesforce.utils.driver.SalesforcePageExtensions:-1:Waiting for page to load!
DEBUG [main] - com.salesforce.utils.driver.SalesforcePageExtensions:-1:Returned a ready state of complete
DEBUG [main] - com.salesforce.pages.DefaultTopFrame:-1:Changing App to SteelBrick Billing
DEBUG [main] - com.salesforce.pages.DefaultTopFrame:-1:Closing all top level Navigation tabs
DEBUG [main] - com.salesforce.utils.driver.ServiceCloudPageExtensions:-1:Closing all Service Cloud navigation tabs...
DEBUG [main] - com.salesforce.pages.PageBase:-1:Will Continue testcase as exception is ignored and expected.
DEBUG [main] - com.salesforce.pages.PageBase:-1:Checking page load status...
DEBUG [main] - com.salesforce.pages.PageBase:-1:Current wait time is: 0
DEBUG [main] - com.salesforce.pages.PageBase:-1:Loading element is no longer visible. Continuing execution...
DEBUG [main] - com.salesforce.pages.PageBase:-1:Waiting 1 sec then returning result. Current wait time is:0
DEBUG [main] - com.salesforce.pages.PageBase:-1:Context Loading element is no longer visible. Continuing execution.
DEBUG [main] - com.salesforce.utils.driver.SalesforcePageExtensions:-1:Waiting for page to load!
DEBUG [main] - com.salesforce.utils.driver.SalesforcePageExtensions:-1:Returned a ready state of complete
DEBUG [main] - com.salesforce.pages.PageBase:-1:Will Continue testcase as exception is ignored and expected.
DEBUG [main] - com.salesforce.utils.driver.ServiceCloudPageExtensions:-1:The close tabs link was inactive. Skipping...
DEBUG [main] - com.salesforce.pages.PageBase:-1:Setting the context mode to Page
DEBUG [main] - com.salesforce.utils.driver.SalesforcePageExtensions:-1:Waiting for page to load!
DEBUG [main] - com.salesforce.utils.driver.SalesforcePageExtensions:-1:Returned a ready state of complete
DEBUG [main] - com.salesforce.pages.salescloud.leads.LeadsHome:-1:Waiting for page to load
DEBUG [main] - com.salesforce.utils.driver.SalesforcePageExtensions:-1:Waiting for page to load!
DEBUG [main] - com.salesforce.utils.driver.SalesforcePageExtensions:-1:JavaScript readyState query timeout - The page has not finished loading. This may cause the test to fail!
DEBUG [main] - com.salesforce.pages.salescloud.leads.LeadsHome:-1:Setting View filter to: All Orders
DEBUG [main] - com.salesforce.pages.PageBase:-1:Will Continue testcase as exception is ignored and expected.
DEBUG [main] - com.salesforce.pages.PageBase:-1:Will Continue testcase as exception is ignored and expected.
DEBUG [main] - com.salesforce.utils.driver.SalesforcePageExtensions:-1:Had to use alternate DOM structure to get the class name for the input within a DIV. Input class is: fcf
DEBUG [main] - com.salesforce.pages.salescloud.leads.LeadsHome:-1:Selecting the Lead view type: All Orders
DEBUG [main] - com.salesforce.pages.salescloud.leads.LeadsHome:-1:The <option> value was found as the default selected element. Selecting it now
DEBUG [main] - com.salesforce.pages.salescloud.leads.LeadsHome:-1:Waiting for page to load
DEBUG [main] - com.salesforce.utils.driver.SalesforcePageExtensions:-1:Waiting for page to load!
DEBUG [main] - com.salesforce.utils.driver.SalesforcePageExtensions:-1:Returned a ready state of complete
DEBUG [main] - com.salesforce.pages.salescloud.leads.LeadsHome:-1:Sorting the leads Table by the Letter: D
DEBUG [main] - com.salesforce.utils.driver.SalesforcePageExtensions:-1:Waiting for page to load!
DEBUG [main] - com.salesforce.utils.driver.SalesforcePageExtensions:-1:Returned a ready state of complete
DEBUG [main] - com.salesforce.utils.driver.BrowserExtensions:-1:Waiting 1 sec then returning result. Current wait time is:0
DEBUG [main] - com.salesforce.utils.driver.BrowserExtensions:-1:Loading element is no longer visible. Continuing execution.
DEBUG [main] - com.salesforce.utils.driver.SalesforcePageExtensions:-1:Sorting Activity contents by letter: D
DEBUG [main] - com.salesforce.pages.salescloud.leads.LeadsHome:-1:Selecting the following value from the Leads table: Demo order test
DEBUG [main] - com.salesforce.utils.driver.SalesforcePageExtensions:-1:Waiting for page to load!
DEBUG [main] - com.salesforce.utils.driver.SalesforcePageExtensions:-1:Returned a ready state of complete
DEBUG [main] - com.salesforce.pages.salescloud.leads.LeadsHome:-1:Selecting the following value from the leads record table: Demo order test
DEBUG [main] - com.salesforce.utils.driver.BrowserExtensions:-1:Waiting 1 sec then returning result. Current wait time is:0
DEBUG [main] - com.salesforce.utils.driver.BrowserExtensions:-1:Waiting 1 sec then returning result. Current wait time is:1
DEBUG [main] - com.salesforce.utils.driver.BrowserExtensions:-1:Waiting 1 sec then returning result. Current wait time is:2
DEBUG [main] - com.salesforce.utils.driver.BrowserExtensions:-1:Waiting 1 sec then returning result. Current wait time is:3
DEBUG [main] - com.salesforce.utils.driver.BrowserExtensions:-1:Waiting 1 sec then returning result. Current wait time is:4
DEBUG [main] - com.salesforce.utils.driver.BrowserExtensions:-1:Waiting 1 sec then returning result. Current wait time is:5
DEBUG [main] - com.salesforce.utils.driver.BrowserExtensions:-1:Waiting 1 sec then returning result. Current wait time is:6
DEBUG [main] - com.salesforce.utils.driver.BrowserExtensions:-1:Waiting 1 sec then returning result. Current wait time is:7
DEBUG [main] - com.salesforce.utils.driver.BrowserExtensions:-1:Waiting 1 sec then returning result. Current wait time is:8
DEBUG [main] - com.salesforce.utils.driver.BrowserExtensions:-1:Loading element is no longer visible. Continuing execution.
DEBUG [main] - com.salesforce.utils.driver.SalesforcePageExtensions:-1:Found the table value: Demo order test
DEBUG [main] - com.salesforce.pages.Billing.Orders.Cloneorder:-1:Clicking on clone button
DEBUG [main] - com.salesforce.pages.Billing.Orders.Cloneorder:-1:Clicking on Quicksave button
DEBUG [main] - com.salesforce.pages.Billing.Orders.Cloneorder:-1:Getting the Account Header text
DEBUG [main] - com.salesforce.utils.datastore.FileIO:-1:Taking screenshot for test: "cloneorder_TestQuickSave"
DEBUG [main] - com.salesforce.utils.driver.SalesforcePageExtensions:-1:Waiting for page to load!
DEBUG [main] - com.salesforce.utils.driver.SalesforcePageExtensions:-1:Returned a ready state of complete
DEBUG [main] - com.salesforce.tests.functionaltests.CloudBaseTest:-1:ENDING TEST: cloneorder_TestQuickSave()
DEBUG [main] - com.salesforce.tests.functionaltests.CloudBaseTest:-1:Starting test class teardown
DEBUG [main] - com.salesforce.tests.functionaltests.CloudBaseTest:-1:Clearing all browser cookies
DEBUG [main] - com.salesforce.tests.functionaltests.CloudBaseTest:-1:Terminating browser
 INFO [main] - com.salesforce.utils.datastore.FileIO:-1:Setting the Config Property Key [CurrentTestName] to Value: cloneorder_TestStepWizard
DEBUG [main] - com.salesforce.utils.datastore.FileIO:-1:Directory: "report/images/" created
DEBUG [main] - com.salesforce.tests.functionaltests.CloudBaseTest:-1:------------------------------------------------------
DEBUG [main] - com.salesforce.tests.functionaltests.CloudBaseTest:-1:Executing Test: cloneorder_TestStepWizard()...
DEBUG [main] - com.salesforce.tests.functionaltests.CloudBaseTest:-1:------------------------------------------------------
DEBUG [main] - com.salesforce.tests.functionaltests.CloudBaseTest:-1:------------------------------------------------------
DEBUG [main] - com.salesforce.tests.functionaltests.CloudBaseTest:-1:Initializing... 
DEBUG [main] - com.salesforce.tests.functionaltests.CloudBaseTest:-1:------------------------------------------------------
DEBUG [main] - com.salesforce.tests.functionaltests.CloudBaseTest:-1:Grid is set to OFF. All browsers will launch browser locally...
DEBUG [main] - com.salesforce.utils.datastore.FileIO:-1:Getting the download directory path...
DEBUG [main] - com.salesforce.tests.functionaltests.CloudBaseTest:-1:Launching Firefox Browser
DEBUG [main] - com.salesforce.tests.functionaltests.CloudBaseTest:-1:Driver version: FirefoxDriver: firefox on WINDOWS (ed272b26-5fe0-4e4f-bd72-418c11489c5f)
DEBUG [main] - com.salesforce.tests.functionaltests.CloudBaseTest:-1:Initializing Excel data sheet...
DEBUG [main] - com.salesforce.utils.datastore.ExcelSheetDriver:-1:Returning the Excel cell value: "Email"
DEBUG [main] - com.salesforce.utils.datastore.ExcelSheetDriver:-1:Returning the Excel cell value: "Password"
DEBUG [main] - com.salesforce.utils.datastore.ExcelSheetDriver:-1:Returning the Excel cell value: "Tab"
DEBUG [main] - com.salesforce.utils.datastore.ExcelSheetDriver:-1:Returning the Excel cell value: "View"
DEBUG [main] - com.salesforce.utils.datastore.ExcelSheetDriver:-1:Returning the Excel cell value: "Filter"
DEBUG [main] - com.salesforce.utils.datastore.ExcelSheetDriver:-1:Returning the Excel cell value: "OrderName"
DEBUG [main] - com.salesforce.utils.datastore.FileIO:-1:Loading iFrame ID Cache...
DEBUG [main] - com.salesforce.tests.functionaltests.CloudBaseTest:-1:Initializing Excel data sheet...
DEBUG [main] - com.salesforce.utils.datastore.ExcelSheetDriver:-1:Returning the Excel cell value: "Email"
DEBUG [main] - com.salesforce.utils.datastore.ExcelSheetDriver:-1:Returning the Excel cell value: "Password"
DEBUG [main] - com.salesforce.utils.datastore.ExcelSheetDriver:-1:Returning the Excel cell value: "Tab"
DEBUG [main] - com.salesforce.utils.datastore.ExcelSheetDriver:-1:Returning the Excel cell value: "View"
DEBUG [main] - com.salesforce.utils.datastore.ExcelSheetDriver:-1:Returning the Excel cell value: "Filter"
DEBUG [main] - com.salesforce.utils.datastore.ExcelSheetDriver:-1:Returning the Excel cell value: "OrderName"
DEBUG [main] - com.salesforce.utils.datastore.ExcelSheetDriver:-1:Returning the Excel cell value: "keshava.reddy@salesforce.com"
DEBUG [main] - com.salesforce.utils.datastore.ExcelSheetDriver:-1:Returning the Excel cell value: "BillingQA2"
DEBUG [main] - com.salesforce.utils.datastore.ExcelSheetDriver:-1:Returning the Excel cell value: "Orders"
DEBUG [main] - com.salesforce.utils.datastore.ExcelSheetDriver:-1:Returning the Excel cell value: "All Orders"
DEBUG [main] - com.salesforce.utils.datastore.ExcelSheetDriver:-1:Returning the Excel cell value: "D"
DEBUG [main] - com.salesforce.utils.datastore.ExcelSheetDriver:-1:Returning the Excel cell value: "Demo order test"
DEBUG [main] - com.salesforce.pages.PageBase:-1:Opening the page: "https://login.salesforce.com"
DEBUG [main] - com.salesforce.pages.Login:-1:Entering Username: keshava.reddy@salesforce.com
DEBUG [main] - com.salesforce.pages.Login:-1:Entering Password: BillingQA2
DEBUG [main] - com.salesforce.pages.Login:-1:Submitting Login Form!
DEBUG [main] - com.salesforce.pages.PageBase:-1:Will Continue testcase as exception is ignored and expected.
DEBUG [main] - com.salesforce.pages.PageBase:-1:Will Continue testcase as exception is ignored and expected.
DEBUG [main] - com.salesforce.utils.driver.SalesforcePageExtensions:-1:Waiting for page to load!
DEBUG [main] - com.salesforce.utils.driver.SalesforcePageExtensions:-1:Returned a ready state of complete
DEBUG [main] - com.salesforce.pages.DefaultTopFrame:-1:Changing App to SteelBrick Billing
DEBUG [main] - com.salesforce.pages.DefaultTopFrame:-1:Closing all top level Navigation tabs
DEBUG [main] - com.salesforce.utils.driver.ServiceCloudPageExtensions:-1:Closing all Service Cloud navigation tabs...
DEBUG [main] - com.salesforce.pages.PageBase:-1:Will Continue testcase as exception is ignored and expected.
DEBUG [main] - com.salesforce.pages.PageBase:-1:Checking page load status...
DEBUG [main] - com.salesforce.pages.PageBase:-1:Current wait time is: 0
DEBUG [main] - com.salesforce.pages.PageBase:-1:Loading element is no longer visible. Continuing execution...
DEBUG [main] - com.salesforce.pages.PageBase:-1:Waiting 1 sec then returning result. Current wait time is:0
DEBUG [main] - com.salesforce.pages.PageBase:-1:Context Loading element is no longer visible. Continuing execution.
DEBUG [main] - com.salesforce.utils.driver.SalesforcePageExtensions:-1:Waiting for page to load!
DEBUG [main] - com.salesforce.utils.driver.SalesforcePageExtensions:-1:Returned a ready state of complete
DEBUG [main] - com.salesforce.pages.PageBase:-1:Will Continue testcase as exception is ignored and expected.
DEBUG [main] - com.salesforce.utils.driver.ServiceCloudPageExtensions:-1:The close tabs link was inactive. Skipping...
DEBUG [main] - com.salesforce.pages.PageBase:-1:Setting the context mode to Page
DEBUG [main] - com.salesforce.utils.driver.SalesforcePageExtensions:-1:Waiting for page to load!
DEBUG [main] - com.salesforce.utils.driver.SalesforcePageExtensions:-1:Returned a ready state of complete
DEBUG [main] - com.salesforce.pages.salescloud.leads.LeadsHome:-1:Waiting for page to load
DEBUG [main] - com.salesforce.utils.driver.SalesforcePageExtensions:-1:Waiting for page to load!
DEBUG [main] - com.salesforce.utils.driver.SalesforcePageExtensions:-1:JavaScript readyState query timeout - The page has not finished loading. This may cause the test to fail!
DEBUG [main] - com.salesforce.pages.salescloud.leads.LeadsHome:-1:Setting View filter to: All Orders
DEBUG [main] - com.salesforce.pages.PageBase:-1:Will Continue testcase as exception is ignored and expected.
DEBUG [main] - com.salesforce.pages.PageBase:-1:Will Continue testcase as exception is ignored and expected.
DEBUG [main] - com.salesforce.utils.driver.SalesforcePageExtensions:-1:Had to use alternate DOM structure to get the class name for the input within a DIV. Input class is: fcf
DEBUG [main] - com.salesforce.pages.salescloud.leads.LeadsHome:-1:Selecting the Lead view type: All Orders
DEBUG [main] - com.salesforce.pages.salescloud.leads.LeadsHome:-1:The <option> value was found as the default selected element. Selecting it now
DEBUG [main] - com.salesforce.pages.salescloud.leads.LeadsHome:-1:Waiting for page to load
DEBUG [main] - com.salesforce.utils.driver.SalesforcePageExtensions:-1:Waiting for page to load!
DEBUG [main] - com.salesforce.utils.driver.SalesforcePageExtensions:-1:Returned a ready state of complete
DEBUG [main] - com.salesforce.pages.salescloud.leads.LeadsHome:-1:Sorting the leads Table by the Letter: D
DEBUG [main] - com.salesforce.utils.driver.SalesforcePageExtensions:-1:Waiting for page to load!
DEBUG [main] - com.salesforce.utils.driver.SalesforcePageExtensions:-1:Returned a ready state of complete
DEBUG [main] - com.salesforce.utils.driver.BrowserExtensions:-1:Waiting 1 sec then returning result. Current wait time is:0
DEBUG [main] - com.salesforce.utils.driver.BrowserExtensions:-1:Loading element is no longer visible. Continuing execution.
DEBUG [main] - com.salesforce.utils.driver.SalesforcePageExtensions:-1:Sorting Activity contents by letter: D
DEBUG [main] - com.salesforce.pages.salescloud.leads.LeadsHome:-1:Selecting the following value from the Leads table: Demo order test
DEBUG [main] - com.salesforce.utils.driver.SalesforcePageExtensions:-1:Waiting for page to load!
DEBUG [main] - com.salesforce.utils.driver.SalesforcePageExtensions:-1:Returned a ready state of complete
DEBUG [main] - com.salesforce.pages.salescloud.leads.LeadsHome:-1:Selecting the following value from the leads record table: Demo order test
DEBUG [main] - com.salesforce.utils.driver.BrowserExtensions:-1:Waiting 1 sec then returning result. Current wait time is:0
DEBUG [main] - com.salesforce.utils.driver.BrowserExtensions:-1:Loading element is no longer visible. Continuing execution.
DEBUG [main] - com.salesforce.utils.driver.SalesforcePageExtensions:-1:Found the table value: Demo order test
DEBUG [main] - com.salesforce.pages.Billing.Orders.Cloneorder:-1:Clicking on clone button
DEBUG [main] - com.salesforce.pages.Billing.Orders.Cloneorder:-1:Clicking on Stepwizard button
DEBUG [main] - com.salesforce.pages.Billing.Orders.Cloneorder:-1:Clicking on next button
DEBUG [main] - com.salesforce.pages.Billing.Orders.Cloneorder:-1:Clicking on next button
DEBUG [main] - com.salesforce.pages.Billing.Orders.Cloneorder:-1:Clicking on save button
DEBUG [main] - com.salesforce.pages.Billing.Orders.Cloneorder:-1:Getting the Account Header text
DEBUG [main] - com.salesforce.utils.datastore.FileIO:-1:Taking screenshot for test: "cloneorder_TestStepWizard"
DEBUG [main] - com.salesforce.utils.driver.SalesforcePageExtensions:-1:Waiting for page to load!
DEBUG [main] - com.salesforce.utils.driver.SalesforcePageExtensions:-1:Returned a ready state of complete
DEBUG [main] - com.salesforce.tests.functionaltests.CloudBaseTest:-1:ENDING TEST: cloneorder_TestStepWizard()
DEBUG [main] - com.salesforce.tests.functionaltests.CloudBaseTest:-1:Starting test class teardown
DEBUG [main] - com.salesforce.tests.functionaltests.CloudBaseTest:-1:Clearing all browser cookies
DEBUG [main] - com.salesforce.tests.functionaltests.CloudBaseTest:-1:Terminating browser
 INFO [main] - com.salesforce.utils.datastore.FileIO:-1:Setting the Config Property Key [CurrentTestName] to Value: test_PreviewInvoice
DEBUG [main] - com.salesforce.utils.datastore.FileIO:-1:Directory: "report/images/" created
DEBUG [main] - com.salesforce.tests.functionaltests.CloudBaseTest:-1:------------------------------------------------------
DEBUG [main] - com.salesforce.tests.functionaltests.CloudBaseTest:-1:Executing Test: test_PreviewInvoice()...
DEBUG [main] - com.salesforce.tests.functionaltests.CloudBaseTest:-1:------------------------------------------------------
DEBUG [main] - com.salesforce.tests.functionaltests.CloudBaseTest:-1:------------------------------------------------------
DEBUG [main] - com.salesforce.tests.functionaltests.CloudBaseTest:-1:Initializing... 
DEBUG [main] - com.salesforce.tests.functionaltests.CloudBaseTest:-1:------------------------------------------------------
DEBUG [main] - com.salesforce.tests.functionaltests.CloudBaseTest:-1:Grid is set to OFF. All browsers will launch browser locally...
DEBUG [main] - com.salesforce.utils.datastore.FileIO:-1:Getting the download directory path...
DEBUG [main] - com.salesforce.tests.functionaltests.CloudBaseTest:-1:Launching Firefox Browser
DEBUG [main] - com.salesforce.tests.functionaltests.CloudBaseTest:-1:Driver version: FirefoxDriver: firefox on WINDOWS (72204637-5e9d-4997-b537-5db0ca046fb1)
DEBUG [main] - com.salesforce.tests.functionaltests.CloudBaseTest:-1:Initializing Excel data sheet...
DEBUG [main] - com.salesforce.utils.datastore.ExcelSheetDriver:-1:Returning the Excel cell value: "Email"
DEBUG [main] - com.salesforce.utils.datastore.ExcelSheetDriver:-1:Returning the Excel cell value: "Password"
DEBUG [main] - com.salesforce.utils.datastore.ExcelSheetDriver:-1:Returning the Excel cell value: "Tab"
DEBUG [main] - com.salesforce.utils.datastore.ExcelSheetDriver:-1:Returning the Excel cell value: "View"
DEBUG [main] - com.salesforce.utils.datastore.ExcelSheetDriver:-1:Returning the Excel cell value: "Filter"
DEBUG [main] - com.salesforce.utils.datastore.ExcelSheetDriver:-1:Returning the Excel cell value: "Order Name"
DEBUG [main] - com.salesforce.utils.datastore.FileIO:-1:Loading iFrame ID Cache...
DEBUG [main] - com.salesforce.tests.functionaltests.CloudBaseTest:-1:Initializing Excel data sheet...
DEBUG [main] - com.salesforce.utils.datastore.ExcelSheetDriver:-1:Returning the Excel cell value: "Email"
DEBUG [main] - com.salesforce.utils.datastore.ExcelSheetDriver:-1:Returning the Excel cell value: "Password"
DEBUG [main] - com.salesforce.utils.datastore.ExcelSheetDriver:-1:Returning the Excel cell value: "Tab"
DEBUG [main] - com.salesforce.utils.datastore.ExcelSheetDriver:-1:Returning the Excel cell value: "View"
DEBUG [main] - com.salesforce.utils.datastore.ExcelSheetDriver:-1:Returning the Excel cell value: "Filter"
DEBUG [main] - com.salesforce.utils.datastore.ExcelSheetDriver:-1:Returning the Excel cell value: "Order Name"
DEBUG [main] - com.salesforce.utils.datastore.ExcelSheetDriver:-1:Returning the Excel cell value: "keshava.reddy@salesforce.com"
DEBUG [main] - com.salesforce.utils.datastore.ExcelSheetDriver:-1:Returning the Excel cell value: "BillingQA2"
DEBUG [main] - com.salesforce.utils.datastore.ExcelSheetDriver:-1:Returning the Excel cell value: "Orders"
DEBUG [main] - com.salesforce.utils.datastore.ExcelSheetDriver:-1:Returning the Excel cell value: "All Orders"
DEBUG [main] - com.salesforce.utils.datastore.ExcelSheetDriver:-1:Returning the Excel cell value: "D"
DEBUG [main] - com.salesforce.utils.datastore.ExcelSheetDriver:-1:Returning the Excel cell value: "Demo order test"
DEBUG [main] - com.salesforce.pages.PageBase:-1:Opening the page: "https://login.salesforce.com"
DEBUG [main] - com.salesforce.pages.Login:-1:Entering Username: keshava.reddy@salesforce.com
DEBUG [main] - com.salesforce.pages.Login:-1:Entering Password: BillingQA2
DEBUG [main] - com.salesforce.pages.Login:-1:Submitting Login Form!
DEBUG [main] - com.salesforce.pages.PageBase:-1:Will Continue testcase as exception is ignored and expected.
DEBUG [main] - com.salesforce.pages.PageBase:-1:Will Continue testcase as exception is ignored and expected.
DEBUG [main] - com.salesforce.utils.driver.SalesforcePageExtensions:-1:Waiting for page to load!
DEBUG [main] - com.salesforce.utils.driver.SalesforcePageExtensions:-1:Returned a ready state of complete
DEBUG [main] - com.salesforce.pages.DefaultTopFrame:-1:Changing App to SteelBrick Billing
DEBUG [main] - com.salesforce.pages.DefaultTopFrame:-1:Closing all top level Navigation tabs
DEBUG [main] - com.salesforce.utils.driver.ServiceCloudPageExtensions:-1:Closing all Service Cloud navigation tabs...
DEBUG [main] - com.salesforce.pages.PageBase:-1:Will Continue testcase as exception is ignored and expected.
DEBUG [main] - com.salesforce.pages.PageBase:-1:Checking page load status...
DEBUG [main] - com.salesforce.pages.PageBase:-1:Current wait time is: 0
DEBUG [main] - com.salesforce.pages.PageBase:-1:Loading element is no longer visible. Continuing execution...
DEBUG [main] - com.salesforce.pages.PageBase:-1:Waiting 1 sec then returning result. Current wait time is:0
DEBUG [main] - com.salesforce.pages.PageBase:-1:Context Loading element is no longer visible. Continuing execution.
DEBUG [main] - com.salesforce.utils.driver.SalesforcePageExtensions:-1:Waiting for page to load!
DEBUG [main] - com.salesforce.utils.driver.SalesforcePageExtensions:-1:Returned a ready state of complete
DEBUG [main] - com.salesforce.pages.PageBase:-1:Will Continue testcase as exception is ignored and expected.
DEBUG [main] - com.salesforce.utils.driver.ServiceCloudPageExtensions:-1:The close tabs link was inactive. Skipping...
DEBUG [main] - com.salesforce.pages.PageBase:-1:Setting the context mode to Page
DEBUG [main] - com.salesforce.utils.driver.SalesforcePageExtensions:-1:Waiting for page to load!
DEBUG [main] - com.salesforce.utils.driver.SalesforcePageExtensions:-1:Returned a ready state of complete
DEBUG [main] - com.salesforce.pages.salescloud.leads.LeadsHome:-1:Waiting for page to load
DEBUG [main] - com.salesforce.utils.driver.SalesforcePageExtensions:-1:Waiting for page to load!
DEBUG [main] - com.salesforce.utils.driver.SalesforcePageExtensions:-1:Returned a ready state of complete
DEBUG [main] - com.salesforce.pages.salescloud.leads.LeadsHome:-1:Setting View filter to: All Orders
DEBUG [main] - com.salesforce.pages.PageBase:-1:Will Continue testcase as exception is ignored and expected.
DEBUG [main] - com.salesforce.pages.PageBase:-1:Will Continue testcase as exception is ignored and expected.
DEBUG [main] - com.salesforce.utils.driver.SalesforcePageExtensions:-1:Had to use alternate DOM structure to get the class name for the input within a DIV. Input class is: fcf
DEBUG [main] - com.salesforce.pages.salescloud.leads.LeadsHome:-1:Selecting the Lead view type: All Orders
DEBUG [main] - com.salesforce.pages.salescloud.leads.LeadsHome:-1:The <option> value was found as the default selected element. Selecting it now
DEBUG [main] - com.salesforce.pages.salescloud.leads.LeadsHome:-1:Waiting for page to load
DEBUG [main] - com.salesforce.utils.driver.SalesforcePageExtensions:-1:Waiting for page to load!
DEBUG [main] - com.salesforce.utils.driver.SalesforcePageExtensions:-1:Returned a ready state of complete
DEBUG [main] - com.salesforce.pages.salescloud.leads.LeadsHome:-1:Sorting the leads Table by the Letter: D
DEBUG [main] - com.salesforce.utils.driver.SalesforcePageExtensions:-1:Waiting for page to load!
DEBUG [main] - com.salesforce.utils.driver.SalesforcePageExtensions:-1:Returned a ready state of complete
DEBUG [main] - com.salesforce.utils.driver.BrowserExtensions:-1:Waiting 1 sec then returning result. Current wait time is:0
DEBUG [main] - com.salesforce.utils.driver.BrowserExtensions:-1:Loading element is no longer visible. Continuing execution.
DEBUG [main] - com.salesforce.utils.driver.SalesforcePageExtensions:-1:Sorting Activity contents by letter: D
DEBUG [main] - com.salesforce.pages.salescloud.leads.LeadsHome:-1:Selecting the following value from the Leads table: Demo order test
DEBUG [main] - com.salesforce.utils.driver.SalesforcePageExtensions:-1:Waiting for page to load!
DEBUG [main] - com.salesforce.utils.driver.SalesforcePageExtensions:-1:Returned a ready state of complete
DEBUG [main] - com.salesforce.pages.salescloud.leads.LeadsHome:-1:Selecting the following value from the leads record table: Demo order test
DEBUG [main] - com.salesforce.utils.driver.BrowserExtensions:-1:Waiting 1 sec then returning result. Current wait time is:0
DEBUG [main] - com.salesforce.utils.driver.BrowserExtensions:-1:Waiting 1 sec then returning result. Current wait time is:1
DEBUG [main] - com.salesforce.utils.driver.BrowserExtensions:-1:Loading element is no longer visible. Continuing execution.
DEBUG [main] - com.salesforce.utils.driver.SalesforcePageExtensions:-1:Found the table value: Demo order test
DEBUG [main] - com.salesforce.pages.Billing.Orders.orderpreviewinvoice:-1:Clicking on the paymentplan button...
DEBUG [main] - com.salesforce.utils.datastore.FileIO:-1:Taking screenshot for test: "test_PreviewInvoice"
DEBUG [main] - com.salesforce.utils.driver.SalesforcePageExtensions:-1:Waiting for page to load!
DEBUG [main] - com.salesforce.utils.driver.SalesforcePageExtensions:-1:Returned a ready state of complete
DEBUG [main] - com.salesforce.tests.functionaltests.CloudBaseTest:-1:ENDING TEST: test_PreviewInvoice()
DEBUG [main] - com.salesforce.tests.functionaltests.CloudBaseTest:-1:Starting test class teardown
DEBUG [main] - com.salesforce.tests.functionaltests.CloudBaseTest:-1:Clearing all browser cookies
DEBUG [main] - com.salesforce.tests.functionaltests.CloudBaseTest:-1:Terminating browser
 INFO [main] - com.salesforce.utils.datastore.FileIO:-1:Setting the Config Property Key [CurrentTestName] to Value: test_Midterm
DEBUG [main] - com.salesforce.utils.datastore.FileIO:-1:Directory: "report/images/" created
DEBUG [main] - com.salesforce.tests.functionaltests.CloudBaseTest:-1:------------------------------------------------------
DEBUG [main] - com.salesforce.tests.functionaltests.CloudBaseTest:-1:Executing Test: test_Midterm()...
DEBUG [main] - com.salesforce.tests.functionaltests.CloudBaseTest:-1:------------------------------------------------------
DEBUG [main] - com.salesforce.tests.functionaltests.CloudBaseTest:-1:------------------------------------------------------
DEBUG [main] - com.salesforce.tests.functionaltests.CloudBaseTest:-1:Initializing... 
DEBUG [main] - com.salesforce.tests.functionaltests.CloudBaseTest:-1:------------------------------------------------------
DEBUG [main] - com.salesforce.tests.functionaltests.CloudBaseTest:-1:Grid is set to OFF. All browsers will launch browser locally...
DEBUG [main] - com.salesforce.utils.datastore.FileIO:-1:Getting the download directory path...
DEBUG [main] - com.salesforce.tests.functionaltests.CloudBaseTest:-1:Launching Firefox Browser
DEBUG [main] - com.salesforce.tests.functionaltests.CloudBaseTest:-1:Driver version: FirefoxDriver: firefox on WINDOWS (ccaf8a92-66f6-4596-89cd-4e7c64e83950)
DEBUG [main] - com.salesforce.tests.functionaltests.CloudBaseTest:-1:Initializing Excel data sheet...
DEBUG [main] - com.salesforce.utils.datastore.ExcelSheetDriver:-1:Returning the Excel cell value: "Email"
DEBUG [main] - com.salesforce.utils.datastore.ExcelSheetDriver:-1:Returning the Excel cell value: "Password"
DEBUG [main] - com.salesforce.utils.datastore.ExcelSheetDriver:-1:Returning the Excel cell value: "Tab"
DEBUG [main] - com.salesforce.utils.datastore.ExcelSheetDriver:-1:Returning the Excel cell value: "View"
DEBUG [main] - com.salesforce.utils.datastore.ExcelSheetDriver:-1:Returning the Excel cell value: "Filter"
DEBUG [main] - com.salesforce.utils.datastore.ExcelSheetDriver:-1:Returning the Excel cell value: "Order Name"
DEBUG [main] - com.salesforce.utils.datastore.ExcelSheetDriver:-1:Returning the Excel cell value: "ProductName"
DEBUG [main] - com.salesforce.utils.datastore.ExcelSheetDriver:-1:Returning the Excel cell value: ""
DEBUG [main] - com.salesforce.utils.datastore.ExcelSheetDriver:-1:Returning the Excel cell value: ""
DEBUG [main] - com.salesforce.utils.datastore.ExcelSheetDriver:-1:Returning the Excel cell value: ""
DEBUG [main] - com.salesforce.utils.datastore.FileIO:-1:Loading iFrame ID Cache...
DEBUG [main] - com.salesforce.tests.functionaltests.CloudBaseTest:-1:Initializing Excel data sheet...
DEBUG [main] - com.salesforce.utils.datastore.ExcelSheetDriver:-1:Returning the Excel cell value: "Email"
DEBUG [main] - com.salesforce.utils.datastore.ExcelSheetDriver:-1:Returning the Excel cell value: "Password"
DEBUG [main] - com.salesforce.utils.datastore.ExcelSheetDriver:-1:Returning the Excel cell value: "Tab"
DEBUG [main] - com.salesforce.utils.datastore.ExcelSheetDriver:-1:Returning the Excel cell value: "View"
DEBUG [main] - com.salesforce.utils.datastore.ExcelSheetDriver:-1:Returning the Excel cell value: "Filter"
DEBUG [main] - com.salesforce.utils.datastore.ExcelSheetDriver:-1:Returning the Excel cell value: "Order Name"
DEBUG [main] - com.salesforce.utils.datastore.ExcelSheetDriver:-1:Returning the Excel cell value: "ProductName"
DEBUG [main] - com.salesforce.utils.datastore.ExcelSheetDriver:-1:Returning the Excel cell value: ""
DEBUG [main] - com.salesforce.utils.datastore.ExcelSheetDriver:-1:Returning the Excel cell value: ""
DEBUG [main] - com.salesforce.utils.datastore.ExcelSheetDriver:-1:Returning the Excel cell value: ""
DEBUG [main] - com.salesforce.utils.datastore.ExcelSheetDriver:-1:Returning the Excel cell value: "keshava.reddy@salesforce.com"
DEBUG [main] - com.salesforce.utils.datastore.ExcelSheetDriver:-1:Returning the Excel cell value: "BillingQA2"
DEBUG [main] - com.salesforce.utils.datastore.ExcelSheetDriver:-1:Returning the Excel cell value: "Orders"
DEBUG [main] - com.salesforce.utils.datastore.ExcelSheetDriver:-1:Returning the Excel cell value: "All Orders"
DEBUG [main] - com.salesforce.utils.datastore.ExcelSheetDriver:-1:Returning the Excel cell value: "D"
DEBUG [main] - com.salesforce.utils.datastore.ExcelSheetDriver:-1:Returning the Excel cell value: "Demo order test"
DEBUG [main] - com.salesforce.utils.datastore.ExcelSheetDriver:-1:Returning the Excel cell value: "GenWatt Diesel 200kW"
DEBUG [main] - com.salesforce.pages.PageBase:-1:Opening the page: "https://login.salesforce.com"
DEBUG [main] - com.salesforce.pages.Login:-1:Entering Username: keshava.reddy@salesforce.com
DEBUG [main] - com.salesforce.pages.Login:-1:Entering Password: BillingQA2
DEBUG [main] - com.salesforce.pages.Login:-1:Submitting Login Form!
DEBUG [main] - com.salesforce.pages.PageBase:-1:Will Continue testcase as exception is ignored and expected.
DEBUG [main] - com.salesforce.pages.PageBase:-1:Will Continue testcase as exception is ignored and expected.
DEBUG [main] - com.salesforce.utils.driver.SalesforcePageExtensions:-1:Waiting for page to load!
DEBUG [main] - com.salesforce.utils.driver.SalesforcePageExtensions:-1:Returned a ready state of complete
DEBUG [main] - com.salesforce.pages.DefaultTopFrame:-1:Changing App to SteelBrick Billing
DEBUG [main] - com.salesforce.pages.DefaultTopFrame:-1:Closing all top level Navigation tabs
DEBUG [main] - com.salesforce.utils.driver.ServiceCloudPageExtensions:-1:Closing all Service Cloud navigation tabs...
DEBUG [main] - com.salesforce.pages.PageBase:-1:Will Continue testcase as exception is ignored and expected.
DEBUG [main] - com.salesforce.pages.PageBase:-1:Checking page load status...
DEBUG [main] - com.salesforce.pages.PageBase:-1:Current wait time is: 0
DEBUG [main] - com.salesforce.pages.PageBase:-1:Loading element is no longer visible. Continuing execution...
DEBUG [main] - com.salesforce.pages.PageBase:-1:Waiting 1 sec then returning result. Current wait time is:0
DEBUG [main] - com.salesforce.pages.PageBase:-1:Context Loading element is no longer visible. Continuing execution.
DEBUG [main] - com.salesforce.utils.driver.SalesforcePageExtensions:-1:Waiting for page to load!
DEBUG [main] - com.salesforce.utils.driver.SalesforcePageExtensions:-1:Returned a ready state of complete
DEBUG [main] - com.salesforce.pages.PageBase:-1:Will Continue testcase as exception is ignored and expected.
DEBUG [main] - com.salesforce.utils.driver.ServiceCloudPageExtensions:-1:The close tabs link was inactive. Skipping...
DEBUG [main] - com.salesforce.pages.PageBase:-1:Setting the context mode to Page
DEBUG [main] - com.salesforce.utils.driver.SalesforcePageExtensions:-1:Waiting for page to load!
DEBUG [main] - com.salesforce.utils.driver.SalesforcePageExtensions:-1:Returned a ready state of complete
DEBUG [main] - com.salesforce.pages.salescloud.leads.LeadsHome:-1:Waiting for page to load
DEBUG [main] - com.salesforce.utils.driver.SalesforcePageExtensions:-1:Waiting for page to load!
DEBUG [main] - com.salesforce.utils.driver.SalesforcePageExtensions:-1:Returned a ready state of complete
DEBUG [main] - com.salesforce.pages.salescloud.leads.LeadsHome:-1:Setting View filter to: All Orders
DEBUG [main] - com.salesforce.pages.PageBase:-1:Will Continue testcase as exception is ignored and expected.
DEBUG [main] - com.salesforce.pages.PageBase:-1:Will Continue testcase as exception is ignored and expected.
DEBUG [main] - com.salesforce.utils.driver.SalesforcePageExtensions:-1:Had to use alternate DOM structure to get the class name for the input within a DIV. Input class is: fcf
DEBUG [main] - com.salesforce.pages.salescloud.leads.LeadsHome:-1:Selecting the Lead view type: All Orders
DEBUG [main] - com.salesforce.pages.salescloud.leads.LeadsHome:-1:The <option> value was found as the default selected element. Selecting it now
DEBUG [main] - com.salesforce.pages.salescloud.leads.LeadsHome:-1:Waiting for page to load
DEBUG [main] - com.salesforce.utils.driver.SalesforcePageExtensions:-1:Waiting for page to load!
DEBUG [main] - com.salesforce.utils.driver.SalesforcePageExtensions:-1:Returned a ready state of complete
DEBUG [main] - com.salesforce.pages.salescloud.leads.LeadsHome:-1:Sorting the leads Table by the Letter: D
DEBUG [main] - com.salesforce.utils.driver.SalesforcePageExtensions:-1:Waiting for page to load!
DEBUG [main] - com.salesforce.utils.driver.SalesforcePageExtensions:-1:Returned a ready state of complete
DEBUG [main] - com.salesforce.utils.driver.BrowserExtensions:-1:Waiting 1 sec then returning result. Current wait time is:0
DEBUG [main] - com.salesforce.utils.driver.BrowserExtensions:-1:Loading element is no longer visible. Continuing execution.
DEBUG [main] - com.salesforce.utils.driver.SalesforcePageExtensions:-1:Sorting Activity contents by letter: D
DEBUG [main] - com.salesforce.pages.salescloud.leads.LeadsHome:-1:Selecting the following value from the Leads table: Demo order test
DEBUG [main] - com.salesforce.utils.driver.SalesforcePageExtensions:-1:Waiting for page to load!
DEBUG [main] - com.salesforce.utils.driver.SalesforcePageExtensions:-1:Returned a ready state of complete
DEBUG [main] - com.salesforce.pages.salescloud.leads.LeadsHome:-1:Selecting the following value from the leads record table: Demo order test
DEBUG [main] - com.salesforce.utils.driver.BrowserExtensions:-1:Waiting 1 sec then returning result. Current wait time is:0
DEBUG [main] - com.salesforce.utils.driver.BrowserExtensions:-1:Loading element is no longer visible. Continuing execution.
DEBUG [main] - com.salesforce.utils.driver.SalesforcePageExtensions:-1:Found the table value: Demo order test
DEBUG [main] - com.salesforce.pages.Billing.Orders.OrderHome:-1:Setting Opportunity Close Date to: GenWatt Diesel 200kW
DEBUG [main] - com.salesforce.pages.Billing.Orders.OrderHome:-1:Saving order wizard step2...
DEBUG [main] - com.salesforce.pages.Billing.Orders.OrderHome:-1:Saving order wizard step2...
DEBUG [main] - com.salesforce.pages.Billing.Orders.OrderHome:-1:Getting the Account Header text
DEBUG [main] - com.salesforce.utils.datastore.FileIO:-1:Taking screenshot for test: "test_Midterm"
DEBUG [main] - com.salesforce.utils.driver.SalesforcePageExtensions:-1:Waiting for page to load!
DEBUG [main] - com.salesforce.utils.driver.SalesforcePageExtensions:-1:Returned a ready state of complete
DEBUG [main] - com.salesforce.tests.functionaltests.CloudBaseTest:-1:ENDING TEST: test_Midterm()
DEBUG [main] - com.salesforce.tests.functionaltests.CloudBaseTest:-1:Starting test class teardown
DEBUG [main] - com.salesforce.tests.functionaltests.CloudBaseTest:-1:Clearing all browser cookies
DEBUG [main] - com.salesforce.tests.functionaltests.CloudBaseTest:-1:Terminating browser
 INFO [main] - com.salesforce.utils.datastore.FileIO:-1:Setting the Config Property Key [CurrentTestName] to Value: upgardeTest
DEBUG [main] - com.salesforce.utils.datastore.FileIO:-1:Directory: "report/images/" created
DEBUG [main] - com.salesforce.tests.functionaltests.CloudBaseTest:-1:------------------------------------------------------
DEBUG [main] - com.salesforce.tests.functionaltests.CloudBaseTest:-1:Executing Test: upgardeTest()...
DEBUG [main] - com.salesforce.tests.functionaltests.CloudBaseTest:-1:------------------------------------------------------
DEBUG [main] - com.salesforce.tests.functionaltests.CloudBaseTest:-1:------------------------------------------------------
DEBUG [main] - com.salesforce.tests.functionaltests.CloudBaseTest:-1:Initializing... 
DEBUG [main] - com.salesforce.tests.functionaltests.CloudBaseTest:-1:------------------------------------------------------
DEBUG [main] - com.salesforce.tests.functionaltests.CloudBaseTest:-1:Grid is set to OFF. All browsers will launch browser locally...
DEBUG [main] - com.salesforce.utils.datastore.FileIO:-1:Getting the download directory path...
DEBUG [main] - com.salesforce.tests.functionaltests.CloudBaseTest:-1:Launching Firefox Browser
DEBUG [main] - com.salesforce.tests.functionaltests.CloudBaseTest:-1:Driver version: FirefoxDriver: firefox on WINDOWS (ea85a717-e986-45eb-b533-d8daf81715d6)
DEBUG [main] - com.salesforce.tests.functionaltests.CloudBaseTest:-1:Initializing Excel data sheet...
DEBUG [main] - com.salesforce.utils.datastore.ExcelSheetDriver:-1:Returning the Excel cell value: "Email"
DEBUG [main] - com.salesforce.utils.datastore.ExcelSheetDriver:-1:Returning the Excel cell value: "Password"
DEBUG [main] - com.salesforce.utils.datastore.ExcelSheetDriver:-1:Returning the Excel cell value: "Tab"
DEBUG [main] - com.salesforce.utils.datastore.ExcelSheetDriver:-1:Returning the Excel cell value: "View"
DEBUG [main] - com.salesforce.utils.datastore.ExcelSheetDriver:-1:Returning the Excel cell value: "Filter"
DEBUG [main] - com.salesforce.utils.datastore.ExcelSheetDriver:-1:Returning the Excel cell value: "Order Name"
DEBUG [main] - com.salesforce.utils.datastore.ExcelSheetDriver:-1:Returning the Excel cell value: "Increase Qty"
DEBUG [main] - com.salesforce.utils.datastore.FileIO:-1:Loading iFrame ID Cache...
DEBUG [main] - com.salesforce.tests.functionaltests.CloudBaseTest:-1:Initializing Excel data sheet...
DEBUG [main] - com.salesforce.utils.datastore.ExcelSheetDriver:-1:Returning the Excel cell value: "Email"
DEBUG [main] - com.salesforce.utils.datastore.ExcelSheetDriver:-1:Returning the Excel cell value: "Password"
DEBUG [main] - com.salesforce.utils.datastore.ExcelSheetDriver:-1:Returning the Excel cell value: "Tab"
DEBUG [main] - com.salesforce.utils.datastore.ExcelSheetDriver:-1:Returning the Excel cell value: "View"
DEBUG [main] - com.salesforce.utils.datastore.ExcelSheetDriver:-1:Returning the Excel cell value: "Filter"
DEBUG [main] - com.salesforce.utils.datastore.ExcelSheetDriver:-1:Returning the Excel cell value: "Order Name"
DEBUG [main] - com.salesforce.utils.datastore.ExcelSheetDriver:-1:Returning the Excel cell value: "Increase Qty"
DEBUG [main] - com.salesforce.utils.datastore.ExcelSheetDriver:-1:Returning the Excel cell value: "keshava.reddy@salesforce.com"
DEBUG [main] - com.salesforce.utils.datastore.ExcelSheetDriver:-1:Returning the Excel cell value: "BillingQA2"
DEBUG [main] - com.salesforce.utils.datastore.ExcelSheetDriver:-1:Returning the Excel cell value: "Orders"
DEBUG [main] - com.salesforce.utils.datastore.ExcelSheetDriver:-1:Returning the Excel cell value: "All Orders"
DEBUG [main] - com.salesforce.utils.datastore.ExcelSheetDriver:-1:Returning the Excel cell value: "D"
DEBUG [main] - com.salesforce.utils.datastore.ExcelSheetDriver:-1:Returning the Excel cell value: "Demo order test"
DEBUG [main] - com.salesforce.utils.datastore.ExcelSheetDriver:-1:Returning the Excel cell value: "5"
DEBUG [main] - com.salesforce.pages.PageBase:-1:Opening the page: "https://login.salesforce.com"
DEBUG [main] - com.salesforce.pages.Login:-1:Entering Username: keshava.reddy@salesforce.com
DEBUG [main] - com.salesforce.pages.Login:-1:Entering Password: BillingQA2
DEBUG [main] - com.salesforce.pages.Login:-1:Submitting Login Form!
DEBUG [main] - com.salesforce.pages.PageBase:-1:Will Continue testcase as exception is ignored and expected.
DEBUG [main] - com.salesforce.pages.PageBase:-1:Will Continue testcase as exception is ignored and expected.
DEBUG [main] - com.salesforce.utils.driver.SalesforcePageExtensions:-1:Waiting for page to load!
DEBUG [main] - com.salesforce.utils.driver.SalesforcePageExtensions:-1:Returned a ready state of complete
DEBUG [main] - com.salesforce.pages.DefaultTopFrame:-1:Changing App to SteelBrick Billing
DEBUG [main] - com.salesforce.pages.DefaultTopFrame:-1:Closing all top level Navigation tabs
DEBUG [main] - com.salesforce.utils.driver.ServiceCloudPageExtensions:-1:Closing all Service Cloud navigation tabs...
DEBUG [main] - com.salesforce.pages.PageBase:-1:Will Continue testcase as exception is ignored and expected.
DEBUG [main] - com.salesforce.pages.PageBase:-1:Checking page load status...
DEBUG [main] - com.salesforce.pages.PageBase:-1:Current wait time is: 0
DEBUG [main] - com.salesforce.pages.PageBase:-1:Loading element is no longer visible. Continuing execution...
DEBUG [main] - com.salesforce.pages.PageBase:-1:Waiting 1 sec then returning result. Current wait time is:0
DEBUG [main] - com.salesforce.pages.PageBase:-1:Context Loading element is no longer visible. Continuing execution.
DEBUG [main] - com.salesforce.utils.driver.SalesforcePageExtensions:-1:Waiting for page to load!
DEBUG [main] - com.salesforce.utils.driver.SalesforcePageExtensions:-1:Returned a ready state of complete
DEBUG [main] - com.salesforce.pages.PageBase:-1:Will Continue testcase as exception is ignored and expected.
DEBUG [main] - com.salesforce.utils.driver.ServiceCloudPageExtensions:-1:The close tabs link was inactive. Skipping...
DEBUG [main] - com.salesforce.pages.PageBase:-1:Setting the context mode to Page
DEBUG [main] - com.salesforce.utils.driver.SalesforcePageExtensions:-1:Waiting for page to load!
DEBUG [main] - com.salesforce.utils.driver.SalesforcePageExtensions:-1:Returned a ready state of complete
DEBUG [main] - com.salesforce.pages.salescloud.leads.LeadsHome:-1:Waiting for page to load
DEBUG [main] - com.salesforce.utils.driver.SalesforcePageExtensions:-1:Waiting for page to load!
DEBUG [main] - com.salesforce.utils.driver.SalesforcePageExtensions:-1:Returned a ready state of complete
DEBUG [main] - com.salesforce.pages.salescloud.leads.LeadsHome:-1:Setting View filter to: All Orders
DEBUG [main] - com.salesforce.pages.PageBase:-1:Will Continue testcase as exception is ignored and expected.
DEBUG [main] - com.salesforce.pages.PageBase:-1:Will Continue testcase as exception is ignored and expected.
DEBUG [main] - com.salesforce.utils.driver.SalesforcePageExtensions:-1:Had to use alternate DOM structure to get the class name for the input within a DIV. Input class is: fcf
DEBUG [main] - com.salesforce.pages.salescloud.leads.LeadsHome:-1:Selecting the Lead view type: All Orders
DEBUG [main] - com.salesforce.pages.salescloud.leads.LeadsHome:-1:The <option> value was found as the default selected element. Selecting it now
DEBUG [main] - com.salesforce.pages.salescloud.leads.LeadsHome:-1:Waiting for page to load
DEBUG [main] - com.salesforce.utils.driver.SalesforcePageExtensions:-1:Waiting for page to load!
DEBUG [main] - com.salesforce.utils.driver.SalesforcePageExtensions:-1:Returned a ready state of complete
DEBUG [main] - com.salesforce.pages.salescloud.leads.LeadsHome:-1:Sorting the leads Table by the Letter: D
DEBUG [main] - com.salesforce.utils.driver.SalesforcePageExtensions:-1:Waiting for page to load!
DEBUG [main] - com.salesforce.utils.driver.SalesforcePageExtensions:-1:Returned a ready state of complete
DEBUG [main] - com.salesforce.utils.driver.BrowserExtensions:-1:Waiting 1 sec then returning result. Current wait time is:0
DEBUG [main] - com.salesforce.utils.driver.BrowserExtensions:-1:Loading element is no longer visible. Continuing execution.
DEBUG [main] - com.salesforce.utils.driver.SalesforcePageExtensions:-1:Sorting Activity contents by letter: D
DEBUG [main] - com.salesforce.pages.salescloud.leads.LeadsHome:-1:Selecting the following value from the Leads table: Demo order test
DEBUG [main] - com.salesforce.utils.driver.SalesforcePageExtensions:-1:Waiting for page to load!
DEBUG [main] - com.salesforce.utils.driver.SalesforcePageExtensions:-1:Returned a ready state of complete
DEBUG [main] - com.salesforce.pages.salescloud.leads.LeadsHome:-1:Selecting the following value from the leads record table: Demo order test
DEBUG [main] - com.salesforce.utils.driver.BrowserExtensions:-1:Waiting 1 sec then returning result. Current wait time is:0
DEBUG [main] - com.salesforce.utils.driver.BrowserExtensions:-1:Loading element is no longer visible. Continuing execution.
DEBUG [main] - com.salesforce.utils.driver.SalesforcePageExtensions:-1:Found the table value: Demo order test
DEBUG [main] - com.salesforce.pages.Billing.Orders.OrderHome:-1:Saving order wizard step2...
DEBUG [main] - com.salesforce.pages.Billing.Orders.OrderHome:-1:Clicking on the service end  button...
DEBUG [main] - com.salesforce.pages.Billing.Orders.OrderHome:-1:Setting order Name to: 5
DEBUG [main] - com.salesforce.pages.Billing.Orders.OrderHome:-1:Saving order wizard step2...
DEBUG [main] - com.salesforce.pages.Billing.Orders.OrderHome:-1:Getting the Account Header text
DEBUG [main] - com.salesforce.utils.datastore.FileIO:-1:Taking screenshot for test: "upgardeTest"
DEBUG [main] - com.salesforce.utils.driver.SalesforcePageExtensions:-1:Waiting for page to load!
DEBUG [main] - com.salesforce.utils.driver.SalesforcePageExtensions:-1:Returned a ready state of complete
DEBUG [main] - com.salesforce.tests.functionaltests.CloudBaseTest:-1:ENDING TEST: upgardeTest()
DEBUG [main] - com.salesforce.tests.functionaltests.CloudBaseTest:-1:Starting test class teardown
DEBUG [main] - com.salesforce.tests.functionaltests.CloudBaseTest:-1:Clearing all browser cookies
DEBUG [main] - com.salesforce.tests.functionaltests.CloudBaseTest:-1:Terminating browser
 INFO [main] - com.salesforce.utils.datastore.FileIO:-1:Setting the Config Property Key [CurrentTestName] to Value: test_Downgrade
DEBUG [main] - com.salesforce.utils.datastore.FileIO:-1:Directory: "report/images/" created
DEBUG [main] - com.salesforce.tests.functionaltests.CloudBaseTest:-1:------------------------------------------------------
DEBUG [main] - com.salesforce.tests.functionaltests.CloudBaseTest:-1:Executing Test: test_Downgrade()...
DEBUG [main] - com.salesforce.tests.functionaltests.CloudBaseTest:-1:------------------------------------------------------
DEBUG [main] - com.salesforce.tests.functionaltests.CloudBaseTest:-1:------------------------------------------------------
DEBUG [main] - com.salesforce.tests.functionaltests.CloudBaseTest:-1:Initializing... 
DEBUG [main] - com.salesforce.tests.functionaltests.CloudBaseTest:-1:------------------------------------------------------
DEBUG [main] - com.salesforce.tests.functionaltests.CloudBaseTest:-1:Grid is set to OFF. All browsers will launch browser locally...
DEBUG [main] - com.salesforce.utils.datastore.FileIO:-1:Getting the download directory path...
DEBUG [main] - com.salesforce.tests.functionaltests.CloudBaseTest:-1:Launching Firefox Browser
DEBUG [main] - com.salesforce.tests.functionaltests.CloudBaseTest:-1:Driver version: FirefoxDriver: firefox on WINDOWS (29a84cd9-616e-4cf7-9c3f-4b6dfe71338f)
DEBUG [main] - com.salesforce.tests.functionaltests.CloudBaseTest:-1:Initializing Excel data sheet...
DEBUG [main] - com.salesforce.utils.datastore.ExcelSheetDriver:-1:Returning the Excel cell value: "Email"
DEBUG [main] - com.salesforce.utils.datastore.ExcelSheetDriver:-1:Returning the Excel cell value: "Password"
DEBUG [main] - com.salesforce.utils.datastore.ExcelSheetDriver:-1:Returning the Excel cell value: "Tab"
DEBUG [main] - com.salesforce.utils.datastore.ExcelSheetDriver:-1:Returning the Excel cell value: "View"
DEBUG [main] - com.salesforce.utils.datastore.ExcelSheetDriver:-1:Returning the Excel cell value: "Filter"
DEBUG [main] - com.salesforce.utils.datastore.ExcelSheetDriver:-1:Returning the Excel cell value: "Order Name"
DEBUG [main] - com.salesforce.utils.datastore.ExcelSheetDriver:-1:Returning the Excel cell value: "Decrease Qty"
DEBUG [main] - com.salesforce.utils.datastore.FileIO:-1:Loading iFrame ID Cache...
DEBUG [main] - com.salesforce.tests.functionaltests.CloudBaseTest:-1:Initializing Excel data sheet...
DEBUG [main] - com.salesforce.utils.datastore.ExcelSheetDriver:-1:Returning the Excel cell value: "Email"
DEBUG [main] - com.salesforce.utils.datastore.ExcelSheetDriver:-1:Returning the Excel cell value: "Password"
DEBUG [main] - com.salesforce.utils.datastore.ExcelSheetDriver:-1:Returning the Excel cell value: "Tab"
DEBUG [main] - com.salesforce.utils.datastore.ExcelSheetDriver:-1:Returning the Excel cell value: "View"
DEBUG [main] - com.salesforce.utils.datastore.ExcelSheetDriver:-1:Returning the Excel cell value: "Filter"
DEBUG [main] - com.salesforce.utils.datastore.ExcelSheetDriver:-1:Returning the Excel cell value: "Order Name"
DEBUG [main] - com.salesforce.utils.datastore.ExcelSheetDriver:-1:Returning the Excel cell value: "Decrease Qty"
DEBUG [main] - com.salesforce.utils.datastore.ExcelSheetDriver:-1:Returning the Excel cell value: "keshava.reddy@salesforce.com"
DEBUG [main] - com.salesforce.utils.datastore.ExcelSheetDriver:-1:Returning the Excel cell value: "BillingQA2"
DEBUG [main] - com.salesforce.utils.datastore.ExcelSheetDriver:-1:Returning the Excel cell value: "Orders"
DEBUG [main] - com.salesforce.utils.datastore.ExcelSheetDriver:-1:Returning the Excel cell value: "All Orders"
DEBUG [main] - com.salesforce.utils.datastore.ExcelSheetDriver:-1:Returning the Excel cell value: "D"
DEBUG [main] - com.salesforce.utils.datastore.ExcelSheetDriver:-1:Returning the Excel cell value: "Demo order test"
DEBUG [main] - com.salesforce.utils.datastore.ExcelSheetDriver:-1:Returning the Excel cell value: "1"
DEBUG [main] - com.salesforce.pages.PageBase:-1:Opening the page: "https://login.salesforce.com"
DEBUG [main] - com.salesforce.pages.Login:-1:Entering Username: keshava.reddy@salesforce.com
DEBUG [main] - com.salesforce.pages.Login:-1:Entering Password: BillingQA2
DEBUG [main] - com.salesforce.pages.Login:-1:Submitting Login Form!
DEBUG [main] - com.salesforce.pages.PageBase:-1:Will Continue testcase as exception is ignored and expected.
DEBUG [main] - com.salesforce.pages.PageBase:-1:Will Continue testcase as exception is ignored and expected.
DEBUG [main] - com.salesforce.utils.driver.SalesforcePageExtensions:-1:Waiting for page to load!
DEBUG [main] - com.salesforce.utils.driver.SalesforcePageExtensions:-1:Returned a ready state of complete
DEBUG [main] - com.salesforce.pages.DefaultTopFrame:-1:Changing App to SteelBrick Billing
DEBUG [main] - com.salesforce.pages.DefaultTopFrame:-1:Closing all top level Navigation tabs
DEBUG [main] - com.salesforce.utils.driver.ServiceCloudPageExtensions:-1:Closing all Service Cloud navigation tabs...
DEBUG [main] - com.salesforce.pages.PageBase:-1:Will Continue testcase as exception is ignored and expected.
DEBUG [main] - com.salesforce.pages.PageBase:-1:Checking page load status...
DEBUG [main] - com.salesforce.pages.PageBase:-1:Current wait time is: 0
DEBUG [main] - com.salesforce.pages.PageBase:-1:Loading element is no longer visible. Continuing execution...
DEBUG [main] - com.salesforce.pages.PageBase:-1:Waiting 1 sec then returning result. Current wait time is:0
DEBUG [main] - com.salesforce.pages.PageBase:-1:Context Loading element is no longer visible. Continuing execution.
DEBUG [main] - com.salesforce.utils.driver.SalesforcePageExtensions:-1:Waiting for page to load!
DEBUG [main] - com.salesforce.utils.driver.SalesforcePageExtensions:-1:Returned a ready state of complete
DEBUG [main] - com.salesforce.pages.PageBase:-1:Will Continue testcase as exception is ignored and expected.
DEBUG [main] - com.salesforce.utils.driver.ServiceCloudPageExtensions:-1:The close tabs link was inactive. Skipping...
DEBUG [main] - com.salesforce.pages.PageBase:-1:Setting the context mode to Page
DEBUG [main] - com.salesforce.utils.driver.SalesforcePageExtensions:-1:Waiting for page to load!
DEBUG [main] - com.salesforce.utils.driver.SalesforcePageExtensions:-1:Returned a ready state of complete
DEBUG [main] - com.salesforce.pages.salescloud.leads.LeadsHome:-1:Waiting for page to load
DEBUG [main] - com.salesforce.utils.driver.SalesforcePageExtensions:-1:Waiting for page to load!
DEBUG [main] - com.salesforce.utils.driver.SalesforcePageExtensions:-1:Returned a ready state of complete
DEBUG [main] - com.salesforce.pages.salescloud.leads.LeadsHome:-1:Setting View filter to: All Orders
DEBUG [main] - com.salesforce.pages.PageBase:-1:Will Continue testcase as exception is ignored and expected.
DEBUG [main] - com.salesforce.pages.PageBase:-1:Will Continue testcase as exception is ignored and expected.
DEBUG [main] - com.salesforce.utils.driver.SalesforcePageExtensions:-1:Had to use alternate DOM structure to get the class name for the input within a DIV. Input class is: fcf
DEBUG [main] - com.salesforce.pages.salescloud.leads.LeadsHome:-1:Selecting the Lead view type: All Orders
DEBUG [main] - com.salesforce.pages.salescloud.leads.LeadsHome:-1:The <option> value was found as the default selected element. Selecting it now
DEBUG [main] - com.salesforce.pages.salescloud.leads.LeadsHome:-1:Waiting for page to load
DEBUG [main] - com.salesforce.utils.driver.SalesforcePageExtensions:-1:Waiting for page to load!
DEBUG [main] - com.salesforce.utils.driver.SalesforcePageExtensions:-1:Returned a ready state of complete
DEBUG [main] - com.salesforce.pages.salescloud.leads.LeadsHome:-1:Sorting the leads Table by the Letter: D
DEBUG [main] - com.salesforce.utils.driver.SalesforcePageExtensions:-1:Waiting for page to load!
DEBUG [main] - com.salesforce.utils.driver.SalesforcePageExtensions:-1:Returned a ready state of complete
DEBUG [main] - com.salesforce.utils.driver.BrowserExtensions:-1:Waiting 1 sec then returning result. Current wait time is:0
DEBUG [main] - com.salesforce.utils.driver.BrowserExtensions:-1:Loading element is no longer visible. Continuing execution.
DEBUG [main] - com.salesforce.utils.driver.SalesforcePageExtensions:-1:Sorting Activity contents by letter: D
DEBUG [main] - com.salesforce.pages.salescloud.leads.LeadsHome:-1:Selecting the following value from the Leads table: Demo order test
DEBUG [main] - com.salesforce.utils.driver.SalesforcePageExtensions:-1:Waiting for page to load!
DEBUG [main] - com.salesforce.utils.driver.SalesforcePageExtensions:-1:Returned a ready state of complete
DEBUG [main] - com.salesforce.pages.salescloud.leads.LeadsHome:-1:Selecting the following value from the leads record table: Demo order test
DEBUG [main] - com.salesforce.utils.driver.BrowserExtensions:-1:Waiting 1 sec then returning result. Current wait time is:0
DEBUG [main] - com.salesforce.utils.driver.BrowserExtensions:-1:Loading element is no longer visible. Continuing execution.
DEBUG [main] - com.salesforce.utils.driver.SalesforcePageExtensions:-1:Found the table value: Demo order test
DEBUG [main] - com.salesforce.pages.Billing.Orders.OrderHome:-1:Saving order wizard step2...
DEBUG [main] - com.salesforce.pages.Billing.Orders.OrderHome:-1:Clicking on the service end  button...
DEBUG [main] - com.salesforce.pages.Billing.Orders.OrderHome:-1:Setting order Name to: 1
DEBUG [main] - com.salesforce.pages.Billing.Orders.OrderHome:-1:Saving order wizard step2...
DEBUG [main] - com.salesforce.pages.Billing.Orders.OrderHome:-1:Getting the Account Header text
DEBUG [main] - com.salesforce.utils.datastore.FileIO:-1:Taking screenshot for test: "test_Downgrade"
DEBUG [main] - com.salesforce.utils.driver.SalesforcePageExtensions:-1:Waiting for page to load!
DEBUG [main] - com.salesforce.utils.driver.SalesforcePageExtensions:-1:Returned a ready state of complete
DEBUG [main] - com.salesforce.tests.functionaltests.CloudBaseTest:-1:ENDING TEST: test_Downgrade()
DEBUG [main] - com.salesforce.tests.functionaltests.CloudBaseTest:-1:Starting test class teardown
DEBUG [main] - com.salesforce.tests.functionaltests.CloudBaseTest:-1:Clearing all browser cookies
DEBUG [main] - com.salesforce.tests.functionaltests.CloudBaseTest:-1:Terminating browser
 INFO [main] - com.salesforce.utils.datastore.FileIO:-1:Setting the Config Property Key [CurrentTestName] to Value: test_PaymentPlans
DEBUG [main] - com.salesforce.utils.datastore.FileIO:-1:Directory: "report/images/" created
DEBUG [main] - com.salesforce.tests.functionaltests.CloudBaseTest:-1:------------------------------------------------------
DEBUG [main] - com.salesforce.tests.functionaltests.CloudBaseTest:-1:Executing Test: test_PaymentPlans()...
DEBUG [main] - com.salesforce.tests.functionaltests.CloudBaseTest:-1:------------------------------------------------------
DEBUG [main] - com.salesforce.tests.functionaltests.CloudBaseTest:-1:------------------------------------------------------
DEBUG [main] - com.salesforce.tests.functionaltests.CloudBaseTest:-1:Initializing... 
DEBUG [main] - com.salesforce.tests.functionaltests.CloudBaseTest:-1:------------------------------------------------------
DEBUG [main] - com.salesforce.tests.functionaltests.CloudBaseTest:-1:Grid is set to OFF. All browsers will launch browser locally...
DEBUG [main] - com.salesforce.utils.datastore.FileIO:-1:Getting the download directory path...
DEBUG [main] - com.salesforce.tests.functionaltests.CloudBaseTest:-1:Launching Firefox Browser
DEBUG [main] - com.salesforce.tests.functionaltests.CloudBaseTest:-1:Driver version: FirefoxDriver: firefox on WINDOWS (df628d76-1db2-423a-9902-a437b84a7c62)
DEBUG [main] - com.salesforce.tests.functionaltests.CloudBaseTest:-1:Initializing Excel data sheet...
DEBUG [main] - com.salesforce.utils.datastore.ExcelSheetDriver:-1:Returning the Excel cell value: "Email"
DEBUG [main] - com.salesforce.utils.datastore.ExcelSheetDriver:-1:Returning the Excel cell value: "Password"
DEBUG [main] - com.salesforce.utils.datastore.ExcelSheetDriver:-1:Returning the Excel cell value: "Payment Plan Name"
DEBUG [main] - com.salesforce.utils.datastore.ExcelSheetDriver:-1:Returning the Excel cell value: "No of Installments"
DEBUG [main] - com.salesforce.utils.datastore.ExcelSheetDriver:-1:Returning the Excel cell value: "Down Payment (%)"
DEBUG [main] - com.salesforce.utils.datastore.ExcelSheetDriver:-1:Returning the Excel cell value: "Minimum Installments"
DEBUG [main] - com.salesforce.utils.datastore.ExcelSheetDriver:-1:Returning the Excel cell value: "Maximum Installments"
DEBUG [main] - com.salesforce.utils.datastore.FileIO:-1:Loading iFrame ID Cache...
DEBUG [main] - com.salesforce.tests.functionaltests.CloudBaseTest:-1:Initializing Excel data sheet...
DEBUG [main] - com.salesforce.utils.datastore.ExcelSheetDriver:-1:Returning the Excel cell value: "Email"
DEBUG [main] - com.salesforce.utils.datastore.ExcelSheetDriver:-1:Returning the Excel cell value: "Password"
DEBUG [main] - com.salesforce.utils.datastore.ExcelSheetDriver:-1:Returning the Excel cell value: "Payment Plan Name"
DEBUG [main] - com.salesforce.utils.datastore.ExcelSheetDriver:-1:Returning the Excel cell value: "No of Installments"
DEBUG [main] - com.salesforce.utils.datastore.ExcelSheetDriver:-1:Returning the Excel cell value: "Down Payment (%)"
DEBUG [main] - com.salesforce.utils.datastore.ExcelSheetDriver:-1:Returning the Excel cell value: "Minimum Installments"
DEBUG [main] - com.salesforce.utils.datastore.ExcelSheetDriver:-1:Returning the Excel cell value: "Maximum Installments"
DEBUG [main] - com.salesforce.utils.datastore.ExcelSheetDriver:-1:Returning the Excel cell value: "keshava.reddy@salesforce.com"
DEBUG [main] - com.salesforce.utils.datastore.ExcelSheetDriver:-1:Returning the Excel cell value: "BillingQA2"
DEBUG [main] - com.salesforce.utils.datastore.ExcelSheetDriver:-1:Returning the Excel cell value: "3 Months Plan"
DEBUG [main] - com.salesforce.utils.datastore.ExcelSheetDriver:-1:Returning the Excel cell value: "3"
DEBUG [main] - com.salesforce.utils.datastore.ExcelSheetDriver:-1:Returning the Excel cell value: "30"
DEBUG [main] - com.salesforce.utils.datastore.ExcelSheetDriver:-1:Returning the Excel cell value: "2"
DEBUG [main] - com.salesforce.utils.datastore.ExcelSheetDriver:-1:Returning the Excel cell value: "5"
DEBUG [main] - com.salesforce.pages.PageBase:-1:Opening the page: "https://login.salesforce.com"
DEBUG [main] - com.salesforce.pages.Login:-1:Entering Username: keshava.reddy@salesforce.com
DEBUG [main] - com.salesforce.pages.Login:-1:Entering Password: BillingQA2
DEBUG [main] - com.salesforce.pages.Login:-1:Submitting Login Form!
DEBUG [main] - com.salesforce.pages.PageBase:-1:Will Continue testcase as exception is ignored and expected.
DEBUG [main] - com.salesforce.pages.PageBase:-1:Will Continue testcase as exception is ignored and expected.
DEBUG [main] - com.salesforce.utils.driver.SalesforcePageExtensions:-1:Waiting for page to load!
DEBUG [main] - com.salesforce.utils.driver.SalesforcePageExtensions:-1:Returned a ready state of complete
DEBUG [main] - com.salesforce.pages.DefaultTopFrame:-1:Changing App to SteelBrick Billing
DEBUG [main] - com.salesforce.pages.DefaultTopFrame:-1:Closing all top level Navigation tabs
DEBUG [main] - com.salesforce.utils.driver.ServiceCloudPageExtensions:-1:Closing all Service Cloud navigation tabs...
DEBUG [main] - com.salesforce.pages.PageBase:-1:Will Continue testcase as exception is ignored and expected.
DEBUG [main] - com.salesforce.pages.PageBase:-1:Checking page load status...
DEBUG [main] - com.salesforce.pages.PageBase:-1:Current wait time is: 0
DEBUG [main] - com.salesforce.pages.PageBase:-1:Loading element is no longer visible. Continuing execution...
DEBUG [main] - com.salesforce.pages.PageBase:-1:Waiting 1 sec then returning result. Current wait time is:0
DEBUG [main] - com.salesforce.pages.PageBase:-1:Context Loading element is no longer visible. Continuing execution.
DEBUG [main] - com.salesforce.utils.driver.SalesforcePageExtensions:-1:Waiting for page to load!
DEBUG [main] - com.salesforce.utils.driver.SalesforcePageExtensions:-1:Returned a ready state of complete
DEBUG [main] - com.salesforce.pages.PageBase:-1:Will Continue testcase as exception is ignored and expected.
DEBUG [main] - com.salesforce.utils.driver.ServiceCloudPageExtensions:-1:The close tabs link was inactive. Skipping...
DEBUG [main] - com.salesforce.pages.PageBase:-1:Setting the context mode to Page
DEBUG [main] - com.salesforce.pages.Billing.Orders.Paymentplan:-1:Clicking on the New button...
DEBUG [main] - com.salesforce.pages.Billing.Orders.Paymentplan:-1:Clicking on the New button...
DEBUG [main] - com.salesforce.pages.Billing.Orders.Paymentplan:-1:Clicking on the New button...
DEBUG [main] - com.salesforce.pages.Billing.Orders.Paymentplan:-1:Setting order Name to: 3 Months Plan
DEBUG [main] - com.salesforce.pages.Billing.Orders.Paymentplan:-1:Clicking on the New button...
DEBUG [main] - com.salesforce.pages.Billing.Orders.Paymentplan:-1:Setting order Name to: 3
DEBUG [main] - com.salesforce.pages.Billing.Orders.Paymentplan:-1:Setting order Name to: 30
DEBUG [main] - com.salesforce.pages.Billing.Orders.Paymentplan:-1:Setting order Name to: 2
DEBUG [main] - com.salesforce.pages.Billing.Orders.Paymentplan:-1:Setting order Name to: 5
DEBUG [main] - com.salesforce.pages.Billing.Orders.Paymentplan:-1:Clicking on the New button...
DEBUG [main] - com.salesforce.pages.Billing.Orders.Paymentplan:-1:Getting the Account Header text
DEBUG [main] - com.salesforce.utils.datastore.FileIO:-1:Taking screenshot for test: "test_PaymentPlans"
DEBUG [main] - com.salesforce.utils.driver.SalesforcePageExtensions:-1:Waiting for page to load!
DEBUG [main] - com.salesforce.utils.driver.SalesforcePageExtensions:-1:Returned a ready state of complete
DEBUG [main] - com.salesforce.tests.functionaltests.CloudBaseTest:-1:ENDING TEST: test_PaymentPlans()
DEBUG [main] - com.salesforce.tests.functionaltests.CloudBaseTest:-1:Starting test class teardown
DEBUG [main] - com.salesforce.tests.functionaltests.CloudBaseTest:-1:Clearing all browser cookies
DEBUG [main] - com.salesforce.tests.functionaltests.CloudBaseTest:-1:Terminating browser
 INFO [main] - com.salesforce.utils.datastore.FileIO:-1:Setting the Config Property Key [CurrentTestName] to Value: paymentplantoorder
DEBUG [main] - com.salesforce.utils.datastore.FileIO:-1:Directory: "report/images/" created
DEBUG [main] - com.salesforce.tests.functionaltests.CloudBaseTest:-1:------------------------------------------------------
DEBUG [main] - com.salesforce.tests.functionaltests.CloudBaseTest:-1:Executing Test: paymentplantoorder()...
DEBUG [main] - com.salesforce.tests.functionaltests.CloudBaseTest:-1:------------------------------------------------------
DEBUG [main] - com.salesforce.tests.functionaltests.CloudBaseTest:-1:------------------------------------------------------
DEBUG [main] - com.salesforce.tests.functionaltests.CloudBaseTest:-1:Initializing... 
DEBUG [main] - com.salesforce.tests.functionaltests.CloudBaseTest:-1:------------------------------------------------------
DEBUG [main] - com.salesforce.tests.functionaltests.CloudBaseTest:-1:Grid is set to OFF. All browsers will launch browser locally...
DEBUG [main] - com.salesforce.utils.datastore.FileIO:-1:Getting the download directory path...
DEBUG [main] - com.salesforce.tests.functionaltests.CloudBaseTest:-1:Launching Firefox Browser
DEBUG [main] - com.salesforce.tests.functionaltests.CloudBaseTest:-1:Driver version: FirefoxDriver: firefox on WINDOWS (0c85a2b5-1082-41c8-aaa2-74353fa85cca)
DEBUG [main] - com.salesforce.tests.functionaltests.CloudBaseTest:-1:Initializing Excel data sheet...
DEBUG [main] - com.salesforce.utils.datastore.ExcelSheetDriver:-1:Returning the Excel cell value: "Email"
DEBUG [main] - com.salesforce.utils.datastore.ExcelSheetDriver:-1:Returning the Excel cell value: "Password"
DEBUG [main] - com.salesforce.utils.datastore.ExcelSheetDriver:-1:Returning the Excel cell value: "Tab"
DEBUG [main] - com.salesforce.utils.datastore.ExcelSheetDriver:-1:Returning the Excel cell value: "View"
DEBUG [main] - com.salesforce.utils.datastore.ExcelSheetDriver:-1:Returning the Excel cell value: "Filter"
DEBUG [main] - com.salesforce.utils.datastore.ExcelSheetDriver:-1:Returning the Excel cell value: "OrderName"
DEBUG [main] - com.salesforce.utils.datastore.ExcelSheetDriver:-1:Returning the Excel cell value: "Payment Plan"
DEBUG [main] - com.salesforce.utils.datastore.FileIO:-1:Loading iFrame ID Cache...
DEBUG [main] - com.salesforce.tests.functionaltests.CloudBaseTest:-1:Initializing Excel data sheet...
DEBUG [main] - com.salesforce.utils.datastore.ExcelSheetDriver:-1:Returning the Excel cell value: "Email"
DEBUG [main] - com.salesforce.utils.datastore.ExcelSheetDriver:-1:Returning the Excel cell value: "Password"
DEBUG [main] - com.salesforce.utils.datastore.ExcelSheetDriver:-1:Returning the Excel cell value: "Tab"
DEBUG [main] - com.salesforce.utils.datastore.ExcelSheetDriver:-1:Returning the Excel cell value: "View"
DEBUG [main] - com.salesforce.utils.datastore.ExcelSheetDriver:-1:Returning the Excel cell value: "Filter"
DEBUG [main] - com.salesforce.utils.datastore.ExcelSheetDriver:-1:Returning the Excel cell value: "OrderName"
DEBUG [main] - com.salesforce.utils.datastore.ExcelSheetDriver:-1:Returning the Excel cell value: "Payment Plan"
DEBUG [main] - com.salesforce.utils.datastore.ExcelSheetDriver:-1:Returning the Excel cell value: "keshava.reddy@salesforce.com"
DEBUG [main] - com.salesforce.utils.datastore.ExcelSheetDriver:-1:Returning the Excel cell value: "BillingQA2"
DEBUG [main] - com.salesforce.utils.datastore.ExcelSheetDriver:-1:Returning the Excel cell value: "Orders"
DEBUG [main] - com.salesforce.utils.datastore.ExcelSheetDriver:-1:Returning the Excel cell value: "All Orders"
DEBUG [main] - com.salesforce.utils.datastore.ExcelSheetDriver:-1:Returning the Excel cell value: "D"
DEBUG [main] - com.salesforce.utils.datastore.ExcelSheetDriver:-1:Returning the Excel cell value: "Demo order test"
DEBUG [main] - com.salesforce.utils.datastore.ExcelSheetDriver:-1:Returning the Excel cell value: "3 Months Plan, 3 Months Plan"
DEBUG [main] - com.salesforce.pages.PageBase:-1:Opening the page: "https://login.salesforce.com"
DEBUG [main] - com.salesforce.pages.Login:-1:Entering Username: keshava.reddy@salesforce.com
DEBUG [main] - com.salesforce.pages.Login:-1:Entering Password: BillingQA2
DEBUG [main] - com.salesforce.pages.Login:-1:Submitting Login Form!
DEBUG [main] - com.salesforce.pages.PageBase:-1:Will Continue testcase as exception is ignored and expected.
DEBUG [main] - com.salesforce.pages.PageBase:-1:Will Continue testcase as exception is ignored and expected.
DEBUG [main] - com.salesforce.utils.driver.SalesforcePageExtensions:-1:Waiting for page to load!
DEBUG [main] - com.salesforce.utils.driver.SalesforcePageExtensions:-1:Returned a ready state of complete
DEBUG [main] - com.salesforce.pages.DefaultTopFrame:-1:Changing App to SteelBrick Billing
DEBUG [main] - com.salesforce.pages.DefaultTopFrame:-1:Closing all top level Navigation tabs
DEBUG [main] - com.salesforce.utils.driver.ServiceCloudPageExtensions:-1:Closing all Service Cloud navigation tabs...
DEBUG [main] - com.salesforce.pages.PageBase:-1:Will Continue testcase as exception is ignored and expected.
DEBUG [main] - com.salesforce.pages.PageBase:-1:Checking page load status...
DEBUG [main] - com.salesforce.pages.PageBase:-1:Current wait time is: 0
DEBUG [main] - com.salesforce.pages.PageBase:-1:Loading element is no longer visible. Continuing execution...
DEBUG [main] - com.salesforce.pages.PageBase:-1:Waiting 1 sec then returning result. Current wait time is:0
DEBUG [main] - com.salesforce.pages.PageBase:-1:Context Loading element is no longer visible. Continuing execution.
DEBUG [main] - com.salesforce.utils.driver.SalesforcePageExtensions:-1:Waiting for page to load!
DEBUG [main] - com.salesforce.utils.driver.SalesforcePageExtensions:-1:Returned a ready state of complete
DEBUG [main] - com.salesforce.pages.PageBase:-1:Will Continue testcase as exception is ignored and expected.
DEBUG [main] - com.salesforce.utils.driver.ServiceCloudPageExtensions:-1:The close tabs link was inactive. Skipping...
DEBUG [main] - com.salesforce.pages.PageBase:-1:Setting the context mode to Page
DEBUG [main] - com.salesforce.utils.driver.SalesforcePageExtensions:-1:Waiting for page to load!
DEBUG [main] - com.salesforce.utils.driver.SalesforcePageExtensions:-1:Returned a ready state of complete
DEBUG [main] - com.salesforce.pages.salescloud.leads.LeadsHome:-1:Waiting for page to load
DEBUG [main] - com.salesforce.utils.driver.SalesforcePageExtensions:-1:Waiting for page to load!
DEBUG [main] - com.salesforce.utils.driver.SalesforcePageExtensions:-1:Returned a ready state of complete
DEBUG [main] - com.salesforce.pages.salescloud.leads.LeadsHome:-1:Setting View filter to: All Orders
DEBUG [main] - com.salesforce.pages.PageBase:-1:Will Continue testcase as exception is ignored and expected.
DEBUG [main] - com.salesforce.pages.PageBase:-1:Will Continue testcase as exception is ignored and expected.
DEBUG [main] - com.salesforce.utils.driver.SalesforcePageExtensions:-1:Had to use alternate DOM structure to get the class name for the input within a DIV. Input class is: fcf
DEBUG [main] - com.salesforce.pages.salescloud.leads.LeadsHome:-1:Selecting the Lead view type: All Orders
DEBUG [main] - com.salesforce.pages.salescloud.leads.LeadsHome:-1:The <option> value was found as the default selected element. Selecting it now
DEBUG [main] - com.salesforce.pages.salescloud.leads.LeadsHome:-1:Waiting for page to load
DEBUG [main] - com.salesforce.utils.driver.SalesforcePageExtensions:-1:Waiting for page to load!
DEBUG [main] - com.salesforce.utils.driver.SalesforcePageExtensions:-1:Returned a ready state of complete
DEBUG [main] - com.salesforce.pages.salescloud.leads.LeadsHome:-1:Sorting the leads Table by the Letter: D
DEBUG [main] - com.salesforce.utils.driver.SalesforcePageExtensions:-1:Waiting for page to load!
DEBUG [main] - com.salesforce.utils.driver.SalesforcePageExtensions:-1:Returned a ready state of complete
DEBUG [main] - com.salesforce.utils.driver.BrowserExtensions:-1:Waiting 1 sec then returning result. Current wait time is:0
DEBUG [main] - com.salesforce.utils.driver.BrowserExtensions:-1:Loading element is no longer visible. Continuing execution.
DEBUG [main] - com.salesforce.utils.driver.SalesforcePageExtensions:-1:Sorting Activity contents by letter: D
DEBUG [main] - com.salesforce.pages.salescloud.leads.LeadsHome:-1:Selecting the following value from the Leads table: Demo order test
DEBUG [main] - com.salesforce.utils.driver.SalesforcePageExtensions:-1:Waiting for page to load!
DEBUG [main] - com.salesforce.utils.driver.SalesforcePageExtensions:-1:Returned a ready state of complete
DEBUG [main] - com.salesforce.pages.salescloud.leads.LeadsHome:-1:Selecting the following value from the leads record table: Demo order test
DEBUG [main] - com.salesforce.utils.driver.BrowserExtensions:-1:Waiting 1 sec then returning result. Current wait time is:0
DEBUG [main] - com.salesforce.utils.driver.BrowserExtensions:-1:Loading element is no longer visible. Continuing execution.
DEBUG [main] - com.salesforce.utils.driver.SalesforcePageExtensions:-1:Found the table value: Demo order test
DEBUG [main] - com.salesforce.pages.Billing.Orders.Addpaymentplanfororder:-1:Clicking on the paymentplan button...
DEBUG [main] - com.salesforce.pages.Billing.Orders.Addpaymentplanfororder:-1:Setting Account Name to: 3 Months Plan, 3 Months Plan
DEBUG [main] - com.salesforce.pages.PageBase:-1:Checking page load status...
DEBUG [main] - com.salesforce.pages.PageBase:-1:Current wait time is: 0
DEBUG [main] - com.salesforce.pages.PageBase:-1:Loading element is no longer visible. Continuing execution...
DEBUG [main] - com.salesforce.pages.PageBase:-1:Waiting 1 sec then returning result. Current wait time is:0
DEBUG [main] - com.salesforce.pages.PageBase:-1:Context Loading element is no longer visible. Continuing execution.
DEBUG [main] - com.salesforce.utils.driver.SalesforcePageExtensions:-1:Waiting for page to load!
DEBUG [main] - com.salesforce.utils.driver.SalesforcePageExtensions:-1:Returned a ready state of complete
DEBUG [main] - com.salesforce.utils.driver.SalesforcePageExtensions:-1:Main window handle is: {4d8ff632-0d0a-4527-8429-11cb4e4a63de}
DEBUG [main] - com.salesforce.utils.driver.SalesforcePageExtensions:-1:Current window handle is: {4d8ff632-0d0a-4527-8429-11cb4e4a63de}
DEBUG [main] - com.salesforce.utils.driver.SalesforcePageExtensions:-1:Current window handle is: {7579ae9c-804f-41a4-ad69-5d20f22f177e}
DEBUG [main] - com.salesforce.utils.driver.SalesforcePageExtensions:-1:New window handle is: {7579ae9c-804f-41a4-ad69-5d20f22f177e}. Now executing on pop-up window...
DEBUG [main] - com.salesforce.utils.driver.SalesforcePageExtensions:-1:Now executing on pop-up window...
DEBUG [main] - com.salesforce.utils.driver.SalesforcePageExtensions:-1:Selecting search result value: 3 Months Plan
DEBUG [main] - com.salesforce.utils.driver.SalesforcePageExtensions:-1:Switching back to main window: {4d8ff632-0d0a-4527-8429-11cb4e4a63de}
DEBUG [main] - com.salesforce.pages.Billing.Orders.Addpaymentplanfororder:-1:Clicking on the Showplan button...
DEBUG [main] - com.salesforce.pages.Billing.Orders.Addpaymentplanfororder:-1:Clicking on the GenerateInstallments button...
DEBUG [main] - com.salesforce.pages.Billing.Orders.Addpaymentplanfororder:-1:Clicking on the Save button...
DEBUG [main] - com.salesforce.utils.datastore.FileIO:-1:Taking screenshot for test: "paymentplantoorder"
DEBUG [main] - com.salesforce.utils.driver.SalesforcePageExtensions:-1:Waiting for page to load!
DEBUG [main] - com.salesforce.utils.driver.SalesforcePageExtensions:-1:Returned a ready state of complete
DEBUG [main] - com.salesforce.tests.functionaltests.CloudBaseTest:-1:ENDING TEST: paymentplantoorder()
DEBUG [main] - com.salesforce.tests.functionaltests.CloudBaseTest:-1:Starting test class teardown
DEBUG [main] - com.salesforce.tests.functionaltests.CloudBaseTest:-1:Clearing all browser cookies
DEBUG [main] - com.salesforce.tests.functionaltests.CloudBaseTest:-1:Terminating browser
 INFO [main] - com.salesforce.utils.datastore.FileIO:-1:Setting the Config Property Key [CurrentTestName] to Value: test_GenerateInvoice
DEBUG [main] - com.salesforce.utils.datastore.FileIO:-1:Directory: "report/images/" created
DEBUG [main] - com.salesforce.tests.functionaltests.CloudBaseTest:-1:------------------------------------------------------
DEBUG [main] - com.salesforce.tests.functionaltests.CloudBaseTest:-1:Executing Test: test_GenerateInvoice()...
DEBUG [main] - com.salesforce.tests.functionaltests.CloudBaseTest:-1:------------------------------------------------------
DEBUG [main] - com.salesforce.tests.functionaltests.CloudBaseTest:-1:------------------------------------------------------
DEBUG [main] - com.salesforce.tests.functionaltests.CloudBaseTest:-1:Initializing... 
DEBUG [main] - com.salesforce.tests.functionaltests.CloudBaseTest:-1:------------------------------------------------------
DEBUG [main] - com.salesforce.tests.functionaltests.CloudBaseTest:-1:Grid is set to OFF. All browsers will launch browser locally...
DEBUG [main] - com.salesforce.utils.datastore.FileIO:-1:Getting the download directory path...
DEBUG [main] - com.salesforce.tests.functionaltests.CloudBaseTest:-1:Launching Firefox Browser
DEBUG [main] - com.salesforce.tests.functionaltests.CloudBaseTest:-1:Driver version: FirefoxDriver: firefox on WINDOWS (00e75d6d-201a-4f72-9ece-7584fd719574)
DEBUG [main] - com.salesforce.tests.functionaltests.CloudBaseTest:-1:Initializing Excel data sheet...
DEBUG [main] - com.salesforce.utils.datastore.ExcelSheetDriver:-1:Returning the Excel cell value: "Email"
DEBUG [main] - com.salesforce.utils.datastore.ExcelSheetDriver:-1:Returning the Excel cell value: "Password"
DEBUG [main] - com.salesforce.utils.datastore.ExcelSheetDriver:-1:Returning the Excel cell value: "Tab"
DEBUG [main] - com.salesforce.utils.datastore.ExcelSheetDriver:-1:Returning the Excel cell value: "View"
DEBUG [main] - com.salesforce.utils.datastore.ExcelSheetDriver:-1:Returning the Excel cell value: "Filter"
DEBUG [main] - com.salesforce.utils.datastore.ExcelSheetDriver:-1:Returning the Excel cell value: "Order Name"
DEBUG [main] - com.salesforce.utils.datastore.FileIO:-1:Loading iFrame ID Cache...
DEBUG [main] - com.salesforce.tests.functionaltests.CloudBaseTest:-1:Initializing Excel data sheet...
DEBUG [main] - com.salesforce.utils.datastore.ExcelSheetDriver:-1:Returning the Excel cell value: "Email"
DEBUG [main] - com.salesforce.utils.datastore.ExcelSheetDriver:-1:Returning the Excel cell value: "Password"
DEBUG [main] - com.salesforce.utils.datastore.ExcelSheetDriver:-1:Returning the Excel cell value: "Tab"
DEBUG [main] - com.salesforce.utils.datastore.ExcelSheetDriver:-1:Returning the Excel cell value: "View"
DEBUG [main] - com.salesforce.utils.datastore.ExcelSheetDriver:-1:Returning the Excel cell value: "Filter"
DEBUG [main] - com.salesforce.utils.datastore.ExcelSheetDriver:-1:Returning the Excel cell value: "Order Name"
DEBUG [main] - com.salesforce.utils.datastore.ExcelSheetDriver:-1:Returning the Excel cell value: "keshava.reddy@salesforce.com"
DEBUG [main] - com.salesforce.utils.datastore.ExcelSheetDriver:-1:Returning the Excel cell value: "BillingQA2"
DEBUG [main] - com.salesforce.utils.datastore.ExcelSheetDriver:-1:Returning the Excel cell value: "Orders"
DEBUG [main] - com.salesforce.utils.datastore.ExcelSheetDriver:-1:Returning the Excel cell value: "All Orders"
DEBUG [main] - com.salesforce.utils.datastore.ExcelSheetDriver:-1:Returning the Excel cell value: "D"
DEBUG [main] - com.salesforce.utils.datastore.ExcelSheetDriver:-1:Returning the Excel cell value: "Demo order test"
DEBUG [main] - com.salesforce.pages.PageBase:-1:Opening the page: "https://login.salesforce.com"
DEBUG [main] - com.salesforce.pages.Login:-1:Entering Username: keshava.reddy@salesforce.com
DEBUG [main] - com.salesforce.pages.Login:-1:Entering Password: BillingQA2
DEBUG [main] - com.salesforce.pages.Login:-1:Submitting Login Form!
DEBUG [main] - com.salesforce.pages.PageBase:-1:Will Continue testcase as exception is ignored and expected.
DEBUG [main] - com.salesforce.pages.PageBase:-1:Will Continue testcase as exception is ignored and expected.
DEBUG [main] - com.salesforce.utils.driver.SalesforcePageExtensions:-1:Waiting for page to load!
DEBUG [main] - com.salesforce.utils.driver.SalesforcePageExtensions:-1:Returned a ready state of complete
DEBUG [main] - com.salesforce.pages.DefaultTopFrame:-1:Changing App to SteelBrick Billing
DEBUG [main] - com.salesforce.pages.DefaultTopFrame:-1:Closing all top level Navigation tabs
DEBUG [main] - com.salesforce.utils.driver.ServiceCloudPageExtensions:-1:Closing all Service Cloud navigation tabs...
DEBUG [main] - com.salesforce.pages.PageBase:-1:Will Continue testcase as exception is ignored and expected.
DEBUG [main] - com.salesforce.pages.PageBase:-1:Checking page load status...
DEBUG [main] - com.salesforce.pages.PageBase:-1:Current wait time is: 0
DEBUG [main] - com.salesforce.pages.PageBase:-1:Loading element is no longer visible. Continuing execution...
DEBUG [main] - com.salesforce.pages.PageBase:-1:Waiting 1 sec then returning result. Current wait time is:0
DEBUG [main] - com.salesforce.pages.PageBase:-1:Context Loading element is no longer visible. Continuing execution.
DEBUG [main] - com.salesforce.utils.driver.SalesforcePageExtensions:-1:Waiting for page to load!
DEBUG [main] - com.salesforce.utils.driver.SalesforcePageExtensions:-1:Returned a ready state of complete
DEBUG [main] - com.salesforce.pages.PageBase:-1:Will Continue testcase as exception is ignored and expected.
DEBUG [main] - com.salesforce.utils.driver.ServiceCloudPageExtensions:-1:The close tabs link was inactive. Skipping...
DEBUG [main] - com.salesforce.pages.PageBase:-1:Setting the context mode to Page
DEBUG [main] - com.salesforce.utils.driver.SalesforcePageExtensions:-1:Waiting for page to load!
DEBUG [main] - com.salesforce.utils.driver.SalesforcePageExtensions:-1:Returned a ready state of complete
DEBUG [main] - com.salesforce.pages.salescloud.leads.LeadsHome:-1:Waiting for page to load
DEBUG [main] - com.salesforce.utils.driver.SalesforcePageExtensions:-1:Waiting for page to load!
DEBUG [main] - com.salesforce.utils.driver.SalesforcePageExtensions:-1:Returned a ready state of complete
DEBUG [main] - com.salesforce.pages.salescloud.leads.LeadsHome:-1:Setting View filter to: All Orders
DEBUG [main] - com.salesforce.pages.PageBase:-1:Will Continue testcase as exception is ignored and expected.
DEBUG [main] - com.salesforce.pages.PageBase:-1:Will Continue testcase as exception is ignored and expected.
DEBUG [main] - com.salesforce.utils.driver.SalesforcePageExtensions:-1:Had to use alternate DOM structure to get the class name for the input within a DIV. Input class is: fcf
DEBUG [main] - com.salesforce.pages.salescloud.leads.LeadsHome:-1:Selecting the Lead view type: All Orders
DEBUG [main] - com.salesforce.pages.salescloud.leads.LeadsHome:-1:The <option> value was found as the default selected element. Selecting it now
DEBUG [main] - com.salesforce.pages.salescloud.leads.LeadsHome:-1:Waiting for page to load
DEBUG [main] - com.salesforce.utils.driver.SalesforcePageExtensions:-1:Waiting for page to load!
DEBUG [main] - com.salesforce.utils.driver.SalesforcePageExtensions:-1:Returned a ready state of complete
DEBUG [main] - com.salesforce.pages.salescloud.leads.LeadsHome:-1:Sorting the leads Table by the Letter: D
DEBUG [main] - com.salesforce.utils.driver.SalesforcePageExtensions:-1:Waiting for page to load!
DEBUG [main] - com.salesforce.utils.driver.SalesforcePageExtensions:-1:Returned a ready state of complete
DEBUG [main] - com.salesforce.utils.driver.BrowserExtensions:-1:Waiting 1 sec then returning result. Current wait time is:0
DEBUG [main] - com.salesforce.utils.driver.BrowserExtensions:-1:Loading element is no longer visible. Continuing execution.
DEBUG [main] - com.salesforce.utils.driver.SalesforcePageExtensions:-1:Sorting Activity contents by letter: D
DEBUG [main] - com.salesforce.pages.salescloud.leads.LeadsHome:-1:Selecting the following value from the Leads table: Demo order test
DEBUG [main] - com.salesforce.utils.driver.SalesforcePageExtensions:-1:Waiting for page to load!
DEBUG [main] - com.salesforce.utils.driver.SalesforcePageExtensions:-1:Returned a ready state of complete
DEBUG [main] - com.salesforce.pages.salescloud.leads.LeadsHome:-1:Selecting the following value from the leads record table: Demo order test
DEBUG [main] - com.salesforce.utils.driver.BrowserExtensions:-1:Waiting 1 sec then returning result. Current wait time is:0
DEBUG [main] - com.salesforce.utils.driver.BrowserExtensions:-1:Loading element is no longer visible. Continuing execution.
DEBUG [main] - com.salesforce.utils.driver.SalesforcePageExtensions:-1:Found the table value: Demo order test
DEBUG [main] - com.salesforce.pages.Billing.Orders.Generateinvoicepage:-1:Clicking on clone button
DEBUG [main] - com.salesforce.pages.Billing.Orders.Generateinvoicepage:-1:Clicking on clone button
DEBUG [main] - com.salesforce.pages.Billing.Orders.Generateinvoicepage:-1:Getting the Account Header text
DEBUG [main] - com.salesforce.utils.datastore.FileIO:-1:Taking screenshot for test: "test_GenerateInvoice"
DEBUG [main] - com.salesforce.utils.driver.SalesforcePageExtensions:-1:Waiting for page to load!
DEBUG [main] - com.salesforce.utils.driver.SalesforcePageExtensions:-1:Returned a ready state of complete
DEBUG [main] - com.salesforce.tests.functionaltests.CloudBaseTest:-1:ENDING TEST: test_GenerateInvoice()
DEBUG [main] - com.salesforce.tests.functionaltests.CloudBaseTest:-1:Starting test class teardown
DEBUG [main] - com.salesforce.tests.functionaltests.CloudBaseTest:-1:Clearing all browser cookies
DEBUG [main] - com.salesforce.tests.functionaltests.CloudBaseTest:-1:Terminating browser
 INFO [main] - com.salesforce.utils.datastore.FileIO:-1:Setting the Config Property Key [CurrentTestName] to Value: updateOrderStatus
DEBUG [main] - com.salesforce.utils.datastore.FileIO:-1:Directory: "report/images/" created
DEBUG [main] - com.salesforce.tests.functionaltests.CloudBaseTest:-1:------------------------------------------------------
DEBUG [main] - com.salesforce.tests.functionaltests.CloudBaseTest:-1:Executing Test: updateOrderStatus()...
DEBUG [main] - com.salesforce.tests.functionaltests.CloudBaseTest:-1:------------------------------------------------------
DEBUG [main] - com.salesforce.tests.functionaltests.CloudBaseTest:-1:------------------------------------------------------
DEBUG [main] - com.salesforce.tests.functionaltests.CloudBaseTest:-1:Initializing... 
DEBUG [main] - com.salesforce.tests.functionaltests.CloudBaseTest:-1:------------------------------------------------------
DEBUG [main] - com.salesforce.tests.functionaltests.CloudBaseTest:-1:Grid is set to OFF. All browsers will launch browser locally...
DEBUG [main] - com.salesforce.utils.datastore.FileIO:-1:Getting the download directory path...
DEBUG [main] - com.salesforce.tests.functionaltests.CloudBaseTest:-1:Launching Firefox Browser
DEBUG [main] - com.salesforce.tests.functionaltests.CloudBaseTest:-1:Driver version: FirefoxDriver: firefox on WINDOWS (ff6a7ff9-8ad8-4b39-b12f-b968cd1c4b5f)
DEBUG [main] - com.salesforce.tests.functionaltests.CloudBaseTest:-1:Initializing Excel data sheet...
DEBUG [main] - com.salesforce.utils.datastore.ExcelSheetDriver:-1:Returning the Excel cell value: "Email"
DEBUG [main] - com.salesforce.utils.datastore.ExcelSheetDriver:-1:Returning the Excel cell value: "Password"
DEBUG [main] - com.salesforce.utils.datastore.ExcelSheetDriver:-1:Returning the Excel cell value: "Tab"
DEBUG [main] - com.salesforce.utils.datastore.ExcelSheetDriver:-1:Returning the Excel cell value: "View"
DEBUG [main] - com.salesforce.utils.datastore.ExcelSheetDriver:-1:Returning the Excel cell value: "Filter"
DEBUG [main] - com.salesforce.utils.datastore.ExcelSheetDriver:-1:Returning the Excel cell value: "Order Name"
DEBUG [main] - com.salesforce.utils.datastore.ExcelSheetDriver:-1:Returning the Excel cell value: "Status"
DEBUG [main] - com.salesforce.utils.datastore.FileIO:-1:Loading iFrame ID Cache...
DEBUG [main] - com.salesforce.tests.functionaltests.CloudBaseTest:-1:Initializing Excel data sheet...
DEBUG [main] - com.salesforce.utils.datastore.ExcelSheetDriver:-1:Returning the Excel cell value: "Email"
DEBUG [main] - com.salesforce.utils.datastore.ExcelSheetDriver:-1:Returning the Excel cell value: "Password"
DEBUG [main] - com.salesforce.utils.datastore.ExcelSheetDriver:-1:Returning the Excel cell value: "Tab"
DEBUG [main] - com.salesforce.utils.datastore.ExcelSheetDriver:-1:Returning the Excel cell value: "View"
DEBUG [main] - com.salesforce.utils.datastore.ExcelSheetDriver:-1:Returning the Excel cell value: "Filter"
DEBUG [main] - com.salesforce.utils.datastore.ExcelSheetDriver:-1:Returning the Excel cell value: "Order Name"
DEBUG [main] - com.salesforce.utils.datastore.ExcelSheetDriver:-1:Returning the Excel cell value: "Status"
DEBUG [main] - com.salesforce.utils.datastore.ExcelSheetDriver:-1:Returning the Excel cell value: "keshava.reddy@salesforce.com"
DEBUG [main] - com.salesforce.utils.datastore.ExcelSheetDriver:-1:Returning the Excel cell value: "BillingQA2"
DEBUG [main] - com.salesforce.utils.datastore.ExcelSheetDriver:-1:Returning the Excel cell value: "Orders"
DEBUG [main] - com.salesforce.utils.datastore.ExcelSheetDriver:-1:Returning the Excel cell value: "All Orders"
DEBUG [main] - com.salesforce.utils.datastore.ExcelSheetDriver:-1:Returning the Excel cell value: "D"
DEBUG [main] - com.salesforce.utils.datastore.ExcelSheetDriver:-1:Returning the Excel cell value: "Demo order test"
DEBUG [main] - com.salesforce.utils.datastore.ExcelSheetDriver:-1:Returning the Excel cell value: "Cancelled"
DEBUG [main] - com.salesforce.pages.PageBase:-1:Opening the page: "https://login.salesforce.com"
DEBUG [main] - com.salesforce.pages.Login:-1:Entering Username: keshava.reddy@salesforce.com
DEBUG [main] - com.salesforce.pages.Login:-1:Entering Password: BillingQA2
DEBUG [main] - com.salesforce.pages.Login:-1:Submitting Login Form!
DEBUG [main] - com.salesforce.pages.PageBase:-1:Will Continue testcase as exception is ignored and expected.
DEBUG [main] - com.salesforce.pages.PageBase:-1:Will Continue testcase as exception is ignored and expected.
DEBUG [main] - com.salesforce.utils.driver.SalesforcePageExtensions:-1:Waiting for page to load!
DEBUG [main] - com.salesforce.utils.driver.SalesforcePageExtensions:-1:Returned a ready state of complete
DEBUG [main] - com.salesforce.pages.DefaultTopFrame:-1:Changing App to SteelBrick Billing
DEBUG [main] - com.salesforce.pages.DefaultTopFrame:-1:Closing all top level Navigation tabs
DEBUG [main] - com.salesforce.utils.driver.ServiceCloudPageExtensions:-1:Closing all Service Cloud navigation tabs...
DEBUG [main] - com.salesforce.pages.PageBase:-1:Will Continue testcase as exception is ignored and expected.
DEBUG [main] - com.salesforce.pages.PageBase:-1:Checking page load status...
DEBUG [main] - com.salesforce.pages.PageBase:-1:Current wait time is: 0
DEBUG [main] - com.salesforce.pages.PageBase:-1:Loading element is no longer visible. Continuing execution...
DEBUG [main] - com.salesforce.pages.PageBase:-1:Waiting 1 sec then returning result. Current wait time is:0
DEBUG [main] - com.salesforce.pages.PageBase:-1:Context Loading element is no longer visible. Continuing execution.
DEBUG [main] - com.salesforce.utils.driver.SalesforcePageExtensions:-1:Waiting for page to load!
DEBUG [main] - com.salesforce.utils.driver.SalesforcePageExtensions:-1:Returned a ready state of complete
DEBUG [main] - com.salesforce.pages.PageBase:-1:Will Continue testcase as exception is ignored and expected.
DEBUG [main] - com.salesforce.utils.driver.ServiceCloudPageExtensions:-1:The close tabs link was inactive. Skipping...
DEBUG [main] - com.salesforce.pages.PageBase:-1:Setting the context mode to Page
DEBUG [main] - com.salesforce.utils.driver.SalesforcePageExtensions:-1:Waiting for page to load!
DEBUG [main] - com.salesforce.utils.driver.SalesforcePageExtensions:-1:Returned a ready state of complete
DEBUG [main] - com.salesforce.pages.salescloud.leads.LeadsHome:-1:Waiting for page to load
DEBUG [main] - com.salesforce.utils.driver.SalesforcePageExtensions:-1:Waiting for page to load!
DEBUG [main] - com.salesforce.utils.driver.SalesforcePageExtensions:-1:Returned a ready state of complete
DEBUG [main] - com.salesforce.pages.salescloud.leads.LeadsHome:-1:Setting View filter to: All Orders
DEBUG [main] - com.salesforce.pages.PageBase:-1:Will Continue testcase as exception is ignored and expected.
DEBUG [main] - com.salesforce.pages.PageBase:-1:Will Continue testcase as exception is ignored and expected.
DEBUG [main] - com.salesforce.utils.driver.SalesforcePageExtensions:-1:Had to use alternate DOM structure to get the class name for the input within a DIV. Input class is: fcf
DEBUG [main] - com.salesforce.pages.salescloud.leads.LeadsHome:-1:Selecting the Lead view type: All Orders
DEBUG [main] - com.salesforce.pages.salescloud.leads.LeadsHome:-1:The <option> value was found as the default selected element. Selecting it now
DEBUG [main] - com.salesforce.pages.salescloud.leads.LeadsHome:-1:Waiting for page to load
DEBUG [main] - com.salesforce.utils.driver.SalesforcePageExtensions:-1:Waiting for page to load!
DEBUG [main] - com.salesforce.utils.driver.SalesforcePageExtensions:-1:Returned a ready state of complete
DEBUG [main] - com.salesforce.pages.salescloud.leads.LeadsHome:-1:Sorting the leads Table by the Letter: D
DEBUG [main] - com.salesforce.utils.driver.SalesforcePageExtensions:-1:Waiting for page to load!
DEBUG [main] - com.salesforce.utils.driver.SalesforcePageExtensions:-1:Returned a ready state of complete
DEBUG [main] - com.salesforce.utils.driver.BrowserExtensions:-1:Waiting 1 sec then returning result. Current wait time is:0
DEBUG [main] - com.salesforce.utils.driver.BrowserExtensions:-1:Loading element is no longer visible. Continuing execution.
DEBUG [main] - com.salesforce.utils.driver.SalesforcePageExtensions:-1:Sorting Activity contents by letter: D
DEBUG [main] - com.salesforce.pages.salescloud.leads.LeadsHome:-1:Selecting the following value from the Leads table: Demo order test
DEBUG [main] - com.salesforce.utils.driver.SalesforcePageExtensions:-1:Waiting for page to load!
DEBUG [main] - com.salesforce.utils.driver.SalesforcePageExtensions:-1:Returned a ready state of complete
DEBUG [main] - com.salesforce.pages.salescloud.leads.LeadsHome:-1:Selecting the following value from the leads record table: Demo order test
DEBUG [main] - com.salesforce.utils.driver.BrowserExtensions:-1:Waiting 1 sec then returning result. Current wait time is:0
DEBUG [main] - com.salesforce.utils.driver.BrowserExtensions:-1:Loading element is no longer visible. Continuing execution.
DEBUG [main] - com.salesforce.utils.driver.SalesforcePageExtensions:-1:Found the table value: Demo order test
DEBUG [main] - com.salesforce.pages.Billing.Orders.Updateorderstatus:-1:Clicking on the update order status button...
DEBUG [main] - com.salesforce.pages.Billing.Orders.Updateorderstatus:-1:Clicking on the update order status button...
DEBUG [main] - com.salesforce.pages.Billing.Orders.Updateorderstatus:-1:Setting status: Cancelled
DEBUG [main] - com.salesforce.utils.driver.SalesforcePageExtensions:-1:Waiting for page to load!
DEBUG [main] - com.salesforce.utils.driver.SalesforcePageExtensions:-1:Returned a ready state of complete
DEBUG [main] - com.salesforce.pages.PageBase:-1:Checking page load status...
DEBUG [main] - com.salesforce.pages.PageBase:-1:Current wait time is: 0
DEBUG [main] - com.salesforce.pages.PageBase:-1:Loading element is no longer visible. Continuing execution...
DEBUG [main] - com.salesforce.pages.PageBase:-1:Waiting 1 sec then returning result. Current wait time is:0
DEBUG [main] - com.salesforce.pages.PageBase:-1:Context Loading element is no longer visible. Continuing execution.
DEBUG [main] - com.salesforce.utils.driver.SalesforcePageExtensions:-1:Waiting for page to load!
DEBUG [main] - com.salesforce.utils.driver.SalesforcePageExtensions:-1:Returned a ready state of complete
DEBUG [main] - com.salesforce.utils.driver.SalesforcePageExtensions:-1:Selecting the following Option from the passed in dropdown: Cancelled
DEBUG [main] - com.salesforce.utils.driver.SalesforcePageExtensions:-1:The number of options found in the <select> is: 4
DEBUG [main] - com.salesforce.utils.driver.SalesforcePageExtensions:-1:Current <option> value being compared is: --None-- --> Comparing against: Cancelled
DEBUG [main] - com.salesforce.utils.driver.SalesforcePageExtensions:-1:Current <option> value being compared is: In Progress --> Comparing against: Cancelled
DEBUG [main] - com.salesforce.utils.driver.SalesforcePageExtensions:-1:Current <option> value being compared is: Completed --> Comparing against: Cancelled
DEBUG [main] - com.salesforce.utils.driver.SalesforcePageExtensions:-1:Current <option> value being compared is: Cancelled --> Comparing against: Cancelled
DEBUG [main] - com.salesforce.utils.driver.SalesforcePageExtensions:-1:Found the select option we want
DEBUG [main] - com.salesforce.pages.Billing.Orders.Updateorderstatus:-1:Clicking on the save button...
DEBUG [main] - com.salesforce.pages.Billing.Orders.Updateorderstatus:-1:Getting the Account Header text
DEBUG [main] - com.salesforce.utils.datastore.FileIO:-1:Taking screenshot for test: "updateOrderStatus"
DEBUG [main] - com.salesforce.utils.driver.SalesforcePageExtensions:-1:Waiting for page to load!
DEBUG [main] - com.salesforce.utils.driver.SalesforcePageExtensions:-1:Returned a ready state of complete
DEBUG [main] - com.salesforce.tests.functionaltests.CloudBaseTest:-1:ENDING TEST: updateOrderStatus()
DEBUG [main] - com.salesforce.tests.functionaltests.CloudBaseTest:-1:Starting test class teardown
DEBUG [main] - com.salesforce.tests.functionaltests.CloudBaseTest:-1:Clearing all browser cookies
DEBUG [main] - com.salesforce.tests.functionaltests.CloudBaseTest:-1:Terminating browser
 INFO [main] - com.salesforce.utils.datastore.FileIO:-1:Setting the Config Property Key [CurrentTestName] to Value: test_CreateOrderForOnetimeAndMonthlyCharges
DEBUG [main] - com.salesforce.utils.datastore.FileIO:-1:Directory: "report/images/" created
DEBUG [main] - com.salesforce.tests.functionaltests.CloudBaseTest:-1:------------------------------------------------------
DEBUG [main] - com.salesforce.tests.functionaltests.CloudBaseTest:-1:Executing Test: test_CreateOrderForOnetimeAndMonthlyCharges()...
DEBUG [main] - com.salesforce.tests.functionaltests.CloudBaseTest:-1:------------------------------------------------------
DEBUG [main] - com.salesforce.tests.functionaltests.CloudBaseTest:-1:------------------------------------------------------
DEBUG [main] - com.salesforce.tests.functionaltests.CloudBaseTest:-1:Initializing... 
DEBUG [main] - com.salesforce.tests.functionaltests.CloudBaseTest:-1:------------------------------------------------------
DEBUG [main] - com.salesforce.tests.functionaltests.CloudBaseTest:-1:Grid is set to OFF. All browsers will launch browser locally...
DEBUG [main] - com.salesforce.utils.datastore.FileIO:-1:Getting the download directory path...
DEBUG [main] - com.salesforce.tests.functionaltests.CloudBaseTest:-1:Launching Firefox Browser
DEBUG [main] - com.salesforce.tests.functionaltests.CloudBaseTest:-1:Driver version: FirefoxDriver: firefox on WINDOWS (bbb0fc7d-2c04-40b5-ac61-1dad361d2313)
DEBUG [main] - com.salesforce.tests.functionaltests.CloudBaseTest:-1:Initializing Excel data sheet...
DEBUG [main] - com.salesforce.utils.datastore.ExcelSheetDriver:-1:Returning the Excel cell value: "Email"
DEBUG [main] - com.salesforce.utils.datastore.ExcelSheetDriver:-1:Returning the Excel cell value: "Password"
DEBUG [main] - com.salesforce.utils.datastore.ExcelSheetDriver:-1:Returning the Excel cell value: "Tab"
DEBUG [main] - com.salesforce.utils.datastore.ExcelSheetDriver:-1:Returning the Excel cell value: "Order Name"
DEBUG [main] - com.salesforce.utils.datastore.ExcelSheetDriver:-1:Returning the Excel cell value: "Terms (Months)"
DEBUG [main] - com.salesforce.utils.datastore.ExcelSheetDriver:-1:Returning the Excel cell value: "Auto Renew?"
DEBUG [main] - com.salesforce.utils.datastore.ExcelSheetDriver:-1:Returning the Excel cell value: "orderAccountName"
DEBUG [main] - com.salesforce.utils.datastore.ExcelSheetDriver:-1:Returning the Excel cell value: "PBDM"
DEBUG [main] - com.salesforce.utils.datastore.ExcelSheetDriver:-1:Returning the Excel cell value: "Payment Terms"
DEBUG [main] - com.salesforce.utils.datastore.ExcelSheetDriver:-1:Returning the Excel cell value: "Service Start Date"
DEBUG [main] - com.salesforce.utils.datastore.ExcelSheetDriver:-1:Returning the Excel cell value: "ProductName"
DEBUG [main] - com.salesforce.utils.datastore.FileIO:-1:Loading iFrame ID Cache...
DEBUG [main] - com.salesforce.tests.functionaltests.CloudBaseTest:-1:Initializing Excel data sheet...
DEBUG [main] - com.salesforce.utils.datastore.ExcelSheetDriver:-1:Returning the Excel cell value: "Email"
DEBUG [main] - com.salesforce.utils.datastore.ExcelSheetDriver:-1:Returning the Excel cell value: "Password"
DEBUG [main] - com.salesforce.utils.datastore.ExcelSheetDriver:-1:Returning the Excel cell value: "Tab"
DEBUG [main] - com.salesforce.utils.datastore.ExcelSheetDriver:-1:Returning the Excel cell value: "Order Name"
DEBUG [main] - com.salesforce.utils.datastore.ExcelSheetDriver:-1:Returning the Excel cell value: "Terms (Months)"
DEBUG [main] - com.salesforce.utils.datastore.ExcelSheetDriver:-1:Returning the Excel cell value: "Auto Renew?"
DEBUG [main] - com.salesforce.utils.datastore.ExcelSheetDriver:-1:Returning the Excel cell value: "orderAccountName"
DEBUG [main] - com.salesforce.utils.datastore.ExcelSheetDriver:-1:Returning the Excel cell value: "PBDM"
DEBUG [main] - com.salesforce.utils.datastore.ExcelSheetDriver:-1:Returning the Excel cell value: "Payment Terms"
DEBUG [main] - com.salesforce.utils.datastore.ExcelSheetDriver:-1:Returning the Excel cell value: "Service Start Date"
DEBUG [main] - com.salesforce.utils.datastore.ExcelSheetDriver:-1:Returning the Excel cell value: "ProductName"
DEBUG [main] - com.salesforce.utils.datastore.ExcelSheetDriver:-1:Returning the Excel cell value: "keshava.reddy@salesforce.com"
DEBUG [main] - com.salesforce.utils.datastore.ExcelSheetDriver:-1:Returning the Excel cell value: "BillingQA2"
DEBUG [main] - com.salesforce.utils.datastore.ExcelSheetDriver:-1:Returning the Excel cell value: "Orders"
DEBUG [main] - com.salesforce.utils.datastore.ExcelSheetDriver:-1:Returning the Excel cell value: "Demo order for adhoc invoice1"
DEBUG [main] - com.salesforce.utils.datastore.ExcelSheetDriver:-1:Returning the Excel cell value: "true"
DEBUG [main] - com.salesforce.utils.datastore.ExcelSheetDriver:-1:Returning the Excel cell value: "04/04/2016"
DEBUG [main] - com.salesforce.utils.datastore.ExcelSheetDriver:-1:Returning the Excel cell value: "Demo Account,Demo Account"
DEBUG [main] - com.salesforce.utils.datastore.ExcelSheetDriver:-1:Returning the Excel cell value: "GenWatt Propane 500kW"
DEBUG [main] - com.salesforce.pages.PageBase:-1:Opening the page: "https://login.salesforce.com"
DEBUG [main] - com.salesforce.pages.Login:-1:Entering Username: keshava.reddy@salesforce.com
DEBUG [main] - com.salesforce.pages.Login:-1:Entering Password: BillingQA2
DEBUG [main] - com.salesforce.pages.Login:-1:Submitting Login Form!
DEBUG [main] - com.salesforce.pages.PageBase:-1:Will Continue testcase as exception is ignored and expected.
DEBUG [main] - com.salesforce.pages.PageBase:-1:Will Continue testcase as exception is ignored and expected.
DEBUG [main] - com.salesforce.utils.driver.SalesforcePageExtensions:-1:Waiting for page to load!
DEBUG [main] - com.salesforce.utils.driver.SalesforcePageExtensions:-1:Returned a ready state of complete
DEBUG [main] - com.salesforce.pages.DefaultTopFrame:-1:Changing App to SteelBrick Billing
DEBUG [main] - com.salesforce.pages.DefaultTopFrame:-1:Closing all top level Navigation tabs
DEBUG [main] - com.salesforce.utils.driver.ServiceCloudPageExtensions:-1:Closing all Service Cloud navigation tabs...
DEBUG [main] - com.salesforce.pages.PageBase:-1:Will Continue testcase as exception is ignored and expected.
DEBUG [main] - com.salesforce.pages.PageBase:-1:Checking page load status...
DEBUG [main] - com.salesforce.pages.PageBase:-1:Current wait time is: 0
DEBUG [main] - com.salesforce.pages.PageBase:-1:Loading element is no longer visible. Continuing execution...
DEBUG [main] - com.salesforce.pages.PageBase:-1:Waiting 1 sec then returning result. Current wait time is:0
DEBUG [main] - com.salesforce.pages.PageBase:-1:Context Loading element is no longer visible. Continuing execution.
DEBUG [main] - com.salesforce.utils.driver.SalesforcePageExtensions:-1:Waiting for page to load!
DEBUG [main] - com.salesforce.utils.driver.SalesforcePageExtensions:-1:Returned a ready state of complete
DEBUG [main] - com.salesforce.pages.PageBase:-1:Will Continue testcase as exception is ignored and expected.
DEBUG [main] - com.salesforce.utils.driver.ServiceCloudPageExtensions:-1:The close tabs link was inactive. Skipping...
DEBUG [main] - com.salesforce.pages.PageBase:-1:Setting the context mode to Page
DEBUG [main] - com.salesforce.utils.driver.SalesforcePageExtensions:-1:Waiting for page to load!
DEBUG [main] - com.salesforce.utils.driver.SalesforcePageExtensions:-1:Returned a ready state of complete
DEBUG [main] - com.salesforce.pages.Billing.Orders.OrderHome:-1:Clicking on the New button...
DEBUG [main] - com.salesforce.pages.Billing.Orders.OrderHome:-1:Setting order Name to: Demo order for adhoc invoice1
DEBUG [main] - com.salesforce.pages.Billing.Orders.OrderHome:-1:Setting Account Name to: Demo Account,Demo Account
DEBUG [main] - com.salesforce.pages.PageBase:-1:Checking page load status...
DEBUG [main] - com.salesforce.pages.PageBase:-1:Current wait time is: 0
DEBUG [main] - com.salesforce.pages.PageBase:-1:Loading element is no longer visible. Continuing execution...
DEBUG [main] - com.salesforce.pages.PageBase:-1:Waiting 1 sec then returning result. Current wait time is:0
DEBUG [main] - com.salesforce.pages.PageBase:-1:Context Loading element is no longer visible. Continuing execution.
DEBUG [main] - com.salesforce.utils.driver.SalesforcePageExtensions:-1:Waiting for page to load!
DEBUG [main] - com.salesforce.utils.driver.SalesforcePageExtensions:-1:Returned a ready state of complete
DEBUG [main] - com.salesforce.utils.driver.SalesforcePageExtensions:-1:Main window handle is: {cb2b9460-3a30-4918-9086-745b79a36d81}
DEBUG [main] - com.salesforce.utils.driver.SalesforcePageExtensions:-1:Current window handle is: {cb2b9460-3a30-4918-9086-745b79a36d81}
DEBUG [main] - com.salesforce.utils.driver.SalesforcePageExtensions:-1:Current window handle is: {9a12fa11-58b1-4d41-a44c-3c0f579d0ca5}
DEBUG [main] - com.salesforce.utils.driver.SalesforcePageExtensions:-1:New window handle is: {9a12fa11-58b1-4d41-a44c-3c0f579d0ca5}. Now executing on pop-up window...
DEBUG [main] - com.salesforce.utils.driver.SalesforcePageExtensions:-1:Now executing on pop-up window...
DEBUG [main] - com.salesforce.utils.driver.SalesforcePageExtensions:-1:Selecting search result value: Demo Account
DEBUG [main] - com.salesforce.utils.driver.SalesforcePageExtensions:-1:Switching back to main window: {cb2b9460-3a30-4918-9086-745b79a36d81}
DEBUG [main] - com.salesforce.pages.Billing.Orders.OrderHome:-1:Saving order wizard step1...
DEBUG [main] - com.salesforce.pages.Billing.Orders.OrderHome:-1:Setting Opportunity Close Date to: GenWatt Propane 500kW
DEBUG [main] - com.salesforce.pages.Billing.Orders.OrderHome:-1:adding product to order...
DEBUG [main] - com.salesforce.pages.Billing.Orders.OrderHome:-1:Saving order wizard step2...
DEBUG [main] - com.salesforce.pages.Billing.Orders.OrderHome:-1:Saving order wizard step2...
DEBUG [main] - com.salesforce.pages.Billing.Orders.OrderHome:-1:Getting the Account Header text
DEBUG [main] - com.salesforce.utils.datastore.FileIO:-1:Taking screenshot for test: "test_CreateOrderForOnetimeAndMonthlyCharges"
DEBUG [main] - com.salesforce.utils.driver.SalesforcePageExtensions:-1:Waiting for page to load!
DEBUG [main] - com.salesforce.utils.driver.SalesforcePageExtensions:-1:Returned a ready state of complete
DEBUG [main] - com.salesforce.tests.functionaltests.CloudBaseTest:-1:ENDING TEST: test_CreateOrderForOnetimeAndMonthlyCharges()
DEBUG [main] - com.salesforce.tests.functionaltests.CloudBaseTest:-1:Starting test class teardown
DEBUG [main] - com.salesforce.tests.functionaltests.CloudBaseTest:-1:Clearing all browser cookies
DEBUG [main] - com.salesforce.tests.functionaltests.CloudBaseTest:-1:Terminating browser
 INFO [main] - com.salesforce.utils.datastore.FileIO:-1:Setting the Config Property Key [CurrentTestName] to Value: createAdhocInvoiceFromOrder
DEBUG [main] - com.salesforce.utils.datastore.FileIO:-1:Directory: "report/images/" created
DEBUG [main] - com.salesforce.tests.functionaltests.CloudBaseTest:-1:------------------------------------------------------
DEBUG [main] - com.salesforce.tests.functionaltests.CloudBaseTest:-1:Executing Test: createAdhocInvoiceFromOrder()...
DEBUG [main] - com.salesforce.tests.functionaltests.CloudBaseTest:-1:------------------------------------------------------
DEBUG [main] - com.salesforce.tests.functionaltests.CloudBaseTest:-1:------------------------------------------------------
DEBUG [main] - com.salesforce.tests.functionaltests.CloudBaseTest:-1:Initializing... 
DEBUG [main] - com.salesforce.tests.functionaltests.CloudBaseTest:-1:------------------------------------------------------
DEBUG [main] - com.salesforce.tests.functionaltests.CloudBaseTest:-1:Grid is set to OFF. All browsers will launch browser locally...
DEBUG [main] - com.salesforce.utils.datastore.FileIO:-1:Getting the download directory path...
DEBUG [main] - com.salesforce.tests.functionaltests.CloudBaseTest:-1:Launching Firefox Browser
DEBUG [main] - com.salesforce.tests.functionaltests.CloudBaseTest:-1:Driver version: FirefoxDriver: firefox on WINDOWS (109ad983-6007-4743-ab2e-8978a6689128)
DEBUG [main] - com.salesforce.tests.functionaltests.CloudBaseTest:-1:Initializing Excel data sheet...
DEBUG [main] - com.salesforce.utils.datastore.ExcelSheetDriver:-1:Returning the Excel cell value: "Email"
DEBUG [main] - com.salesforce.utils.datastore.ExcelSheetDriver:-1:Returning the Excel cell value: "Password"
DEBUG [main] - com.salesforce.utils.datastore.ExcelSheetDriver:-1:Returning the Excel cell value: "Tab"
DEBUG [main] - com.salesforce.utils.datastore.ExcelSheetDriver:-1:Returning the Excel cell value: "View"
DEBUG [main] - com.salesforce.utils.datastore.ExcelSheetDriver:-1:Returning the Excel cell value: "Filter"
DEBUG [main] - com.salesforce.utils.datastore.ExcelSheetDriver:-1:Returning the Excel cell value: "Order Name"
DEBUG [main] - com.salesforce.utils.datastore.FileIO:-1:Loading iFrame ID Cache...
DEBUG [main] - com.salesforce.tests.functionaltests.CloudBaseTest:-1:Initializing Excel data sheet...
DEBUG [main] - com.salesforce.utils.datastore.ExcelSheetDriver:-1:Returning the Excel cell value: "Email"
DEBUG [main] - com.salesforce.utils.datastore.ExcelSheetDriver:-1:Returning the Excel cell value: "Password"
DEBUG [main] - com.salesforce.utils.datastore.ExcelSheetDriver:-1:Returning the Excel cell value: "Tab"
DEBUG [main] - com.salesforce.utils.datastore.ExcelSheetDriver:-1:Returning the Excel cell value: "View"
DEBUG [main] - com.salesforce.utils.datastore.ExcelSheetDriver:-1:Returning the Excel cell value: "Filter"
DEBUG [main] - com.salesforce.utils.datastore.ExcelSheetDriver:-1:Returning the Excel cell value: "Order Name"
DEBUG [main] - com.salesforce.utils.datastore.ExcelSheetDriver:-1:Returning the Excel cell value: "keshava.reddy@salesforce.com"
DEBUG [main] - com.salesforce.utils.datastore.ExcelSheetDriver:-1:Returning the Excel cell value: "BillingQA2"
DEBUG [main] - com.salesforce.utils.datastore.ExcelSheetDriver:-1:Returning the Excel cell value: "Orders"
DEBUG [main] - com.salesforce.utils.datastore.ExcelSheetDriver:-1:Returning the Excel cell value: "All Orders"
DEBUG [main] - com.salesforce.utils.datastore.ExcelSheetDriver:-1:Returning the Excel cell value: "D"
DEBUG [main] - com.salesforce.utils.datastore.ExcelSheetDriver:-1:Returning the Excel cell value: "Demo order for adhoc invoice1"
DEBUG [main] - com.salesforce.pages.PageBase:-1:Opening the page: "https://login.salesforce.com"
DEBUG [main] - com.salesforce.pages.Login:-1:Entering Username: keshava.reddy@salesforce.com
DEBUG [main] - com.salesforce.pages.Login:-1:Entering Password: BillingQA2
DEBUG [main] - com.salesforce.pages.Login:-1:Submitting Login Form!
DEBUG [main] - com.salesforce.pages.PageBase:-1:Will Continue testcase as exception is ignored and expected.
DEBUG [main] - com.salesforce.pages.PageBase:-1:Will Continue testcase as exception is ignored and expected.
DEBUG [main] - com.salesforce.utils.driver.SalesforcePageExtensions:-1:Waiting for page to load!
DEBUG [main] - com.salesforce.utils.driver.SalesforcePageExtensions:-1:Returned a ready state of complete
DEBUG [main] - com.salesforce.pages.DefaultTopFrame:-1:Changing App to SteelBrick Billing
DEBUG [main] - com.salesforce.pages.DefaultTopFrame:-1:Closing all top level Navigation tabs
DEBUG [main] - com.salesforce.utils.driver.ServiceCloudPageExtensions:-1:Closing all Service Cloud navigation tabs...
DEBUG [main] - com.salesforce.pages.PageBase:-1:Will Continue testcase as exception is ignored and expected.
DEBUG [main] - com.salesforce.pages.PageBase:-1:Checking page load status...
DEBUG [main] - com.salesforce.pages.PageBase:-1:Current wait time is: 0
DEBUG [main] - com.salesforce.pages.PageBase:-1:Loading element is no longer visible. Continuing execution...
DEBUG [main] - com.salesforce.pages.PageBase:-1:Waiting 1 sec then returning result. Current wait time is:0
DEBUG [main] - com.salesforce.pages.PageBase:-1:Context Loading element is no longer visible. Continuing execution.
DEBUG [main] - com.salesforce.utils.driver.SalesforcePageExtensions:-1:Waiting for page to load!
DEBUG [main] - com.salesforce.utils.driver.SalesforcePageExtensions:-1:Returned a ready state of complete
DEBUG [main] - com.salesforce.pages.PageBase:-1:Will Continue testcase as exception is ignored and expected.
DEBUG [main] - com.salesforce.utils.driver.ServiceCloudPageExtensions:-1:The close tabs link was inactive. Skipping...
DEBUG [main] - com.salesforce.pages.PageBase:-1:Setting the context mode to Page
DEBUG [main] - com.salesforce.utils.driver.SalesforcePageExtensions:-1:Waiting for page to load!
DEBUG [main] - com.salesforce.utils.driver.SalesforcePageExtensions:-1:Returned a ready state of complete
DEBUG [main] - com.salesforce.pages.salescloud.leads.LeadsHome:-1:Waiting for page to load
DEBUG [main] - com.salesforce.utils.driver.SalesforcePageExtensions:-1:Waiting for page to load!
DEBUG [main] - com.salesforce.utils.driver.SalesforcePageExtensions:-1:Returned a ready state of complete
DEBUG [main] - com.salesforce.pages.salescloud.leads.LeadsHome:-1:Setting View filter to: All Orders
DEBUG [main] - com.salesforce.pages.PageBase:-1:Will Continue testcase as exception is ignored and expected.
DEBUG [main] - com.salesforce.pages.PageBase:-1:Will Continue testcase as exception is ignored and expected.
DEBUG [main] - com.salesforce.utils.driver.SalesforcePageExtensions:-1:Had to use alternate DOM structure to get the class name for the input within a DIV. Input class is: fcf
DEBUG [main] - com.salesforce.pages.salescloud.leads.LeadsHome:-1:Selecting the Lead view type: All Orders
DEBUG [main] - com.salesforce.pages.salescloud.leads.LeadsHome:-1:The <option> value was found as the default selected element. Selecting it now
DEBUG [main] - com.salesforce.pages.salescloud.leads.LeadsHome:-1:Waiting for page to load
DEBUG [main] - com.salesforce.utils.driver.SalesforcePageExtensions:-1:Waiting for page to load!
DEBUG [main] - com.salesforce.utils.driver.SalesforcePageExtensions:-1:Returned a ready state of complete
DEBUG [main] - com.salesforce.pages.salescloud.leads.LeadsHome:-1:Sorting the leads Table by the Letter: D
DEBUG [main] - com.salesforce.utils.driver.SalesforcePageExtensions:-1:Waiting for page to load!
DEBUG [main] - com.salesforce.utils.driver.SalesforcePageExtensions:-1:Returned a ready state of complete
DEBUG [main] - com.salesforce.utils.driver.BrowserExtensions:-1:Waiting 1 sec then returning result. Current wait time is:0
DEBUG [main] - com.salesforce.utils.driver.BrowserExtensions:-1:Loading element is no longer visible. Continuing execution.
DEBUG [main] - com.salesforce.utils.driver.SalesforcePageExtensions:-1:Sorting Activity contents by letter: D
DEBUG [main] - com.salesforce.pages.salescloud.leads.LeadsHome:-1:Selecting the following value from the Leads table: Demo order for adhoc invoice1
DEBUG [main] - com.salesforce.utils.driver.SalesforcePageExtensions:-1:Waiting for page to load!
DEBUG [main] - com.salesforce.utils.driver.SalesforcePageExtensions:-1:Returned a ready state of complete
DEBUG [main] - com.salesforce.pages.salescloud.leads.LeadsHome:-1:Selecting the following value from the leads record table: Demo order for adhoc invoice1
DEBUG [main] - com.salesforce.utils.driver.BrowserExtensions:-1:Waiting 1 sec then returning result. Current wait time is:0
DEBUG [main] - com.salesforce.utils.driver.BrowserExtensions:-1:Loading element is no longer visible. Continuing execution.
DEBUG [main] - com.salesforce.utils.driver.SalesforcePageExtensions:-1:Found the table value: Demo order for adhoc invoice1
DEBUG [main] - com.salesforce.pages.Billing.Orders.Adhocinvoicepage:-1:Clicking on the New button...
DEBUG [main] - com.salesforce.pages.Billing.Orders.Adhocinvoicepage:-1:Clicking on the New button...
DEBUG [main] - com.salesforce.pages.Billing.Orders.Adhocinvoicepage:-1:Clicking on the New button...
DEBUG [main] - com.salesforce.pages.Billing.Orders.Adhocinvoicepage:-1:Clicking on the New button...
DEBUG [main] - com.salesforce.pages.Billing.Orders.Adhocinvoicepage:-1:Getting the Account Header text
DEBUG [main] - com.salesforce.utils.datastore.FileIO:-1:Taking screenshot for test: "createAdhocInvoiceFromOrder"
DEBUG [main] - com.salesforce.utils.driver.SalesforcePageExtensions:-1:Waiting for page to load!
DEBUG [main] - com.salesforce.utils.driver.SalesforcePageExtensions:-1:Returned a ready state of complete
DEBUG [main] - com.salesforce.tests.functionaltests.CloudBaseTest:-1:ENDING TEST: createAdhocInvoiceFromOrder()
DEBUG [main] - com.salesforce.tests.functionaltests.CloudBaseTest:-1:Starting test class teardown
DEBUG [main] - com.salesforce.tests.functionaltests.CloudBaseTest:-1:Clearing all browser cookies
DEBUG [main] - com.salesforce.tests.functionaltests.CloudBaseTest:-1:Terminating browser
 INFO [main] - com.salesforce.utils.datastore.FileIO:-1:Setting the Config Property Key [CurrentTestName] to Value: test_CreateOrderForInvoice
DEBUG [main] - com.salesforce.utils.datastore.FileIO:-1:Directory: "report/images/" created
DEBUG [main] - com.salesforce.tests.functionaltests.CloudBaseTest:-1:------------------------------------------------------
DEBUG [main] - com.salesforce.tests.functionaltests.CloudBaseTest:-1:Executing Test: test_CreateOrderForInvoice()...
DEBUG [main] - com.salesforce.tests.functionaltests.CloudBaseTest:-1:------------------------------------------------------
DEBUG [main] - com.salesforce.tests.functionaltests.CloudBaseTest:-1:------------------------------------------------------
DEBUG [main] - com.salesforce.tests.functionaltests.CloudBaseTest:-1:Initializing... 
DEBUG [main] - com.salesforce.tests.functionaltests.CloudBaseTest:-1:------------------------------------------------------
DEBUG [main] - com.salesforce.tests.functionaltests.CloudBaseTest:-1:Grid is set to OFF. All browsers will launch browser locally...
DEBUG [main] - com.salesforce.utils.datastore.FileIO:-1:Getting the download directory path...
DEBUG [main] - com.salesforce.tests.functionaltests.CloudBaseTest:-1:Launching Firefox Browser
DEBUG [main] - com.salesforce.tests.functionaltests.CloudBaseTest:-1:Driver version: FirefoxDriver: firefox on WINDOWS (7de42e41-2f10-4895-976b-feb572849848)
DEBUG [main] - com.salesforce.tests.functionaltests.CloudBaseTest:-1:Initializing Excel data sheet...
DEBUG [main] - com.salesforce.utils.datastore.ExcelSheetDriver:-1:Returning the Excel cell value: "Email"
DEBUG [main] - com.salesforce.utils.datastore.ExcelSheetDriver:-1:Returning the Excel cell value: "Password"
DEBUG [main] - com.salesforce.utils.datastore.ExcelSheetDriver:-1:Returning the Excel cell value: "Tab"
DEBUG [main] - com.salesforce.utils.datastore.ExcelSheetDriver:-1:Returning the Excel cell value: "Order Name"
DEBUG [main] - com.salesforce.utils.datastore.ExcelSheetDriver:-1:Returning the Excel cell value: "Terms (Months)"
DEBUG [main] - com.salesforce.utils.datastore.ExcelSheetDriver:-1:Returning the Excel cell value: "Auto Renew?"
DEBUG [main] - com.salesforce.utils.datastore.ExcelSheetDriver:-1:Returning the Excel cell value: "orderAccountName"
DEBUG [main] - com.salesforce.utils.datastore.ExcelSheetDriver:-1:Returning the Excel cell value: "PBDM"
DEBUG [main] - com.salesforce.utils.datastore.ExcelSheetDriver:-1:Returning the Excel cell value: "Payment Terms"
DEBUG [main] - com.salesforce.utils.datastore.ExcelSheetDriver:-1:Returning the Excel cell value: "Service Start Date"
DEBUG [main] - com.salesforce.utils.datastore.ExcelSheetDriver:-1:Returning the Excel cell value: "ProductName"
DEBUG [main] - com.salesforce.utils.datastore.FileIO:-1:Loading iFrame ID Cache...
DEBUG [main] - com.salesforce.tests.functionaltests.CloudBaseTest:-1:Initializing Excel data sheet...
DEBUG [main] - com.salesforce.utils.datastore.ExcelSheetDriver:-1:Returning the Excel cell value: "Email"
DEBUG [main] - com.salesforce.utils.datastore.ExcelSheetDriver:-1:Returning the Excel cell value: "Password"
DEBUG [main] - com.salesforce.utils.datastore.ExcelSheetDriver:-1:Returning the Excel cell value: "Tab"
DEBUG [main] - com.salesforce.utils.datastore.ExcelSheetDriver:-1:Returning the Excel cell value: "Order Name"
DEBUG [main] - com.salesforce.utils.datastore.ExcelSheetDriver:-1:Returning the Excel cell value: "Terms (Months)"
DEBUG [main] - com.salesforce.utils.datastore.ExcelSheetDriver:-1:Returning the Excel cell value: "Auto Renew?"
DEBUG [main] - com.salesforce.utils.datastore.ExcelSheetDriver:-1:Returning the Excel cell value: "orderAccountName"
DEBUG [main] - com.salesforce.utils.datastore.ExcelSheetDriver:-1:Returning the Excel cell value: "PBDM"
DEBUG [main] - com.salesforce.utils.datastore.ExcelSheetDriver:-1:Returning the Excel cell value: "Payment Terms"
DEBUG [main] - com.salesforce.utils.datastore.ExcelSheetDriver:-1:Returning the Excel cell value: "Service Start Date"
DEBUG [main] - com.salesforce.utils.datastore.ExcelSheetDriver:-1:Returning the Excel cell value: "ProductName"
DEBUG [main] - com.salesforce.utils.datastore.ExcelSheetDriver:-1:Returning the Excel cell value: "keshava.reddy@salesforce.com"
DEBUG [main] - com.salesforce.utils.datastore.ExcelSheetDriver:-1:Returning the Excel cell value: "BillingQA2"
DEBUG [main] - com.salesforce.utils.datastore.ExcelSheetDriver:-1:Returning the Excel cell value: "Orders"
DEBUG [main] - com.salesforce.utils.datastore.ExcelSheetDriver:-1:Returning the Excel cell value: "Test order for profarma invoice1"
DEBUG [main] - com.salesforce.utils.datastore.ExcelSheetDriver:-1:Returning the Excel cell value: "true"
DEBUG [main] - com.salesforce.utils.datastore.ExcelSheetDriver:-1:Returning the Excel cell value: "04/04/2016"
DEBUG [main] - com.salesforce.utils.datastore.ExcelSheetDriver:-1:Returning the Excel cell value: "Demo Account,Demo Account"
DEBUG [main] - com.salesforce.utils.datastore.ExcelSheetDriver:-1:Returning the Excel cell value: "GenWatt Diesel 200kW"
DEBUG [main] - com.salesforce.pages.PageBase:-1:Opening the page: "https://login.salesforce.com"
DEBUG [main] - com.salesforce.pages.Login:-1:Entering Username: keshava.reddy@salesforce.com
DEBUG [main] - com.salesforce.pages.Login:-1:Entering Password: BillingQA2
DEBUG [main] - com.salesforce.pages.Login:-1:Submitting Login Form!
DEBUG [main] - com.salesforce.pages.PageBase:-1:Will Continue testcase as exception is ignored and expected.
DEBUG [main] - com.salesforce.pages.PageBase:-1:Will Continue testcase as exception is ignored and expected.
DEBUG [main] - com.salesforce.utils.driver.SalesforcePageExtensions:-1:Waiting for page to load!
DEBUG [main] - com.salesforce.utils.driver.SalesforcePageExtensions:-1:Returned a ready state of complete
DEBUG [main] - com.salesforce.pages.DefaultTopFrame:-1:Changing App to SteelBrick Billing
DEBUG [main] - com.salesforce.pages.DefaultTopFrame:-1:Closing all top level Navigation tabs
DEBUG [main] - com.salesforce.utils.driver.ServiceCloudPageExtensions:-1:Closing all Service Cloud navigation tabs...
DEBUG [main] - com.salesforce.pages.PageBase:-1:Will Continue testcase as exception is ignored and expected.
DEBUG [main] - com.salesforce.pages.PageBase:-1:Checking page load status...
DEBUG [main] - com.salesforce.pages.PageBase:-1:Current wait time is: 0
DEBUG [main] - com.salesforce.pages.PageBase:-1:Loading element is no longer visible. Continuing execution...
DEBUG [main] - com.salesforce.pages.PageBase:-1:Waiting 1 sec then returning result. Current wait time is:0
DEBUG [main] - com.salesforce.pages.PageBase:-1:Context Loading element is no longer visible. Continuing execution.
DEBUG [main] - com.salesforce.utils.driver.SalesforcePageExtensions:-1:Waiting for page to load!
DEBUG [main] - com.salesforce.utils.driver.SalesforcePageExtensions:-1:Returned a ready state of complete
DEBUG [main] - com.salesforce.pages.PageBase:-1:Will Continue testcase as exception is ignored and expected.
DEBUG [main] - com.salesforce.utils.driver.ServiceCloudPageExtensions:-1:The close tabs link was inactive. Skipping...
DEBUG [main] - com.salesforce.pages.PageBase:-1:Setting the context mode to Page
DEBUG [main] - com.salesforce.utils.driver.SalesforcePageExtensions:-1:Waiting for page to load!
DEBUG [main] - com.salesforce.utils.driver.SalesforcePageExtensions:-1:Returned a ready state of complete
DEBUG [main] - com.salesforce.pages.Billing.Orders.OrderHome:-1:Clicking on the New button...
DEBUG [main] - com.salesforce.pages.Billing.Orders.OrderHome:-1:Setting order Name to: Test order for profarma invoice1
DEBUG [main] - com.salesforce.pages.Billing.Orders.OrderHome:-1:Setting Account Name to: Demo Account,Demo Account
DEBUG [main] - com.salesforce.pages.PageBase:-1:Checking page load status...
DEBUG [main] - com.salesforce.pages.PageBase:-1:Current wait time is: 0
DEBUG [main] - com.salesforce.pages.PageBase:-1:Loading element is no longer visible. Continuing execution...
DEBUG [main] - com.salesforce.pages.PageBase:-1:Waiting 1 sec then returning result. Current wait time is:0
DEBUG [main] - com.salesforce.pages.PageBase:-1:Context Loading element is no longer visible. Continuing execution.
DEBUG [main] - com.salesforce.utils.driver.SalesforcePageExtensions:-1:Waiting for page to load!
DEBUG [main] - com.salesforce.utils.driver.SalesforcePageExtensions:-1:Returned a ready state of complete
DEBUG [main] - com.salesforce.utils.driver.SalesforcePageExtensions:-1:Main window handle is: {ad8bab12-08d4-40f7-b800-b563a7fa2612}
DEBUG [main] - com.salesforce.utils.driver.SalesforcePageExtensions:-1:Current window handle is: {ad8bab12-08d4-40f7-b800-b563a7fa2612}
DEBUG [main] - com.salesforce.utils.driver.SalesforcePageExtensions:-1:Current window handle is: {7b2eaaf9-1430-45a2-81cc-4af2e9957fe7}
DEBUG [main] - com.salesforce.utils.driver.SalesforcePageExtensions:-1:New window handle is: {7b2eaaf9-1430-45a2-81cc-4af2e9957fe7}. Now executing on pop-up window...
DEBUG [main] - com.salesforce.utils.driver.SalesforcePageExtensions:-1:Now executing on pop-up window...
DEBUG [main] - com.salesforce.utils.driver.SalesforcePageExtensions:-1:Selecting search result value: Demo Account
DEBUG [main] - com.salesforce.utils.driver.SalesforcePageExtensions:-1:Switching back to main window: {ad8bab12-08d4-40f7-b800-b563a7fa2612}
DEBUG [main] - com.salesforce.pages.Billing.Orders.OrderHome:-1:Saving order wizard step1...
DEBUG [main] - com.salesforce.pages.Billing.Orders.OrderHome:-1:Setting Opportunity Close Date to: GenWatt Diesel 200kW
DEBUG [main] - com.salesforce.pages.Billing.Orders.OrderHome:-1:adding product to order...
DEBUG [main] - com.salesforce.pages.Billing.Orders.OrderHome:-1:Saving order wizard step2...
DEBUG [main] - com.salesforce.pages.Billing.Orders.OrderHome:-1:Saving order wizard step2...
DEBUG [main] - com.salesforce.pages.Billing.Orders.OrderHome:-1:Getting the Account Header text
DEBUG [main] - com.salesforce.pages.Billing.Orders.OrderHome:-1:Getting the Account Header text
DEBUG [main] - com.salesforce.utils.datastore.FileIO:-1:Taking screenshot for test: "test_CreateOrderForInvoice"
DEBUG [main] - com.salesforce.utils.driver.SalesforcePageExtensions:-1:Waiting for page to load!
DEBUG [main] - com.salesforce.utils.driver.SalesforcePageExtensions:-1:Returned a ready state of complete
DEBUG [main] - com.salesforce.tests.functionaltests.CloudBaseTest:-1:ENDING TEST: test_CreateOrderForInvoice()
DEBUG [main] - com.salesforce.tests.functionaltests.CloudBaseTest:-1:Starting test class teardown
DEBUG [main] - com.salesforce.tests.functionaltests.CloudBaseTest:-1:Clearing all browser cookies
DEBUG [main] - com.salesforce.tests.functionaltests.CloudBaseTest:-1:Terminating browser
 INFO [main] - com.salesforce.utils.datastore.FileIO:-1:Setting the Config Property Key [CurrentTestName] to Value: lightningAccount
DEBUG [main] - com.salesforce.utils.datastore.FileIO:-1:Directory: "report/images/" created
DEBUG [main] - com.salesforce.tests.functionaltests.CloudBaseTest:-1:------------------------------------------------------
DEBUG [main] - com.salesforce.tests.functionaltests.CloudBaseTest:-1:Executing Test: lightningAccount()...
DEBUG [main] - com.salesforce.tests.functionaltests.CloudBaseTest:-1:------------------------------------------------------
DEBUG [main] - com.salesforce.tests.functionaltests.CloudBaseTest:-1:------------------------------------------------------
DEBUG [main] - com.salesforce.tests.functionaltests.CloudBaseTest:-1:Initializing... 
DEBUG [main] - com.salesforce.tests.functionaltests.CloudBaseTest:-1:------------------------------------------------------
DEBUG [main] - com.salesforce.tests.functionaltests.CloudBaseTest:-1:Grid is set to OFF. All browsers will launch browser locally...
DEBUG [main] - com.salesforce.utils.datastore.FileIO:-1:Getting the download directory path...
DEBUG [main] - com.salesforce.tests.functionaltests.CloudBaseTest:-1:Launching Firefox Browser
DEBUG [main] - com.salesforce.tests.functionaltests.CloudBaseTest:-1:Driver version: FirefoxDriver: firefox on WINDOWS (5f9b8dae-2e77-491a-a8b3-019a6b18a49c)
DEBUG [main] - com.salesforce.tests.functionaltests.CloudBaseTest:-1:Initializing Excel data sheet...
DEBUG [main] - com.salesforce.utils.datastore.ExcelSheetDriver:-1:Returning the Excel cell value: "Email"
DEBUG [main] - com.salesforce.utils.datastore.ExcelSheetDriver:-1:Returning the Excel cell value: "Password"
DEBUG [main] - com.salesforce.utils.datastore.ExcelSheetDriver:-1:Returning the Excel cell value: "Account Name"
DEBUG [main] - com.salesforce.utils.datastore.ExcelSheetDriver:-1:Returning the Excel cell value: "Phone"
DEBUG [main] - com.salesforce.utils.datastore.ExcelSheetDriver:-1:Returning the Excel cell value: "Website"
DEBUG [main] - com.salesforce.utils.datastore.FileIO:-1:Loading iFrame ID Cache...
DEBUG [main] - com.salesforce.tests.functionaltests.CloudBaseTest:-1:Initializing Excel data sheet...
DEBUG [main] - com.salesforce.utils.datastore.ExcelSheetDriver:-1:Returning the Excel cell value: "Email"
DEBUG [main] - com.salesforce.utils.datastore.ExcelSheetDriver:-1:Returning the Excel cell value: "Password"
DEBUG [main] - com.salesforce.utils.datastore.ExcelSheetDriver:-1:Returning the Excel cell value: "Account Name"
DEBUG [main] - com.salesforce.utils.datastore.ExcelSheetDriver:-1:Returning the Excel cell value: "Phone"
DEBUG [main] - com.salesforce.utils.datastore.ExcelSheetDriver:-1:Returning the Excel cell value: "Website"
DEBUG [main] - com.salesforce.utils.datastore.ExcelSheetDriver:-1:Returning the Excel cell value: "keshava.reddy@salesforce.com"
DEBUG [main] - com.salesforce.utils.datastore.ExcelSheetDriver:-1:Returning the Excel cell value: "BillingQA2"
DEBUG [main] - com.salesforce.utils.datastore.ExcelSheetDriver:-1:Returning the Excel cell value: "Account Lightning"
DEBUG [main] - com.salesforce.utils.datastore.ExcelSheetDriver:-1:Returning the Excel cell value: "8899223311"
DEBUG [main] - com.salesforce.utils.datastore.ExcelSheetDriver:-1:Returning the Excel cell value: "https://login.salesforce.com/"
DEBUG [main] - com.salesforce.pages.PageBase:-1:Opening the page: "https://login.salesforce.com"
DEBUG [main] - com.salesforce.pages.Login:-1:Entering Username: keshava.reddy@salesforce.com
DEBUG [main] - com.salesforce.pages.Login:-1:Entering Password: BillingQA2
DEBUG [main] - com.salesforce.pages.Login:-1:Submitting Login Form!
DEBUG [main] - com.salesforce.pages.PageBase:-1:Will Continue testcase as exception is ignored and expected.
DEBUG [main] - com.salesforce.pages.PageBase:-1:Will Continue testcase as exception is ignored and expected.
DEBUG [main] - com.salesforce.pages.Billing.Accounts.accountlightningpage:-1:Clicking on invoice scheduler...
DEBUG [main] - com.salesforce.pages.Billing.Accounts.accountlightningpage:-1:Clicking on invoice scheduler...
DEBUG [main] - com.salesforce.pages.Billing.Accounts.accountlightningpage:-1:Clicking on invoice scheduler...
DEBUG [main] - com.salesforce.pages.Billing.Accounts.accountlightningpage:-1:Clicking on invoice scheduler...
DEBUG [main] - com.salesforce.pages.Billing.Accounts.accountlightningpage:-1:Clicking on invoice scheduler...
DEBUG [main] - com.salesforce.utils.datastore.FileIO:-1:Taking screenshot for test: "lightningAccount"
DEBUG [main] - com.salesforce.utils.driver.SalesforcePageExtensions:-1:Waiting for page to load!
DEBUG [main] - com.salesforce.utils.driver.SalesforcePageExtensions:-1:Returned a ready state of complete
DEBUG [main] - com.salesforce.tests.functionaltests.CloudBaseTest:-1:ENDING TEST: lightningAccount()
DEBUG [main] - com.salesforce.tests.functionaltests.CloudBaseTest:-1:Starting test class teardown
DEBUG [main] - com.salesforce.tests.functionaltests.CloudBaseTest:-1:Clearing all browser cookies
DEBUG [main] - com.salesforce.tests.functionaltests.CloudBaseTest:-1:Terminating browser
]]></system-out>
  <system-err><![CDATA[---------------1------------------
---------------2------------------
---------------3------------------
---------------4------------------
---------------5------------------
---------------6------------------
-------------initDataIO---------777-------
------ExcelSheetDriver------excelFilePath----------->config/TestBilling.xls
------ExcelSheetDriver------dataSheetName----------->Createaccount
--------wrksheet.getColumns()-----------4
-----wrksheet.getCell(column, row).getContents()------->Email
-----wrksheet.getCell(column, row).getContents()------->Password
-----wrksheet.getCell(column, row).getContents()------->Tab
-----wrksheet.getCell(column, row).getContents()------->Account Name
---------------7------------------
---------------8------------------
-------------initDataIO---------777-------
------ExcelSheetDriver------excelFilePath----------->config/TestBilling.xls
------ExcelSheetDriver------dataSheetName----------->Createaccount
--------wrksheet.getColumns()-----------4
-----wrksheet.getCell(column, row).getContents()------->Email
-----wrksheet.getCell(column, row).getContents()------->Password
-----wrksheet.getCell(column, row).getContents()------->Tab
-----wrksheet.getCell(column, row).getContents()------->Account Name
----GetCell--------GetCell----------0
---------------1------------------
---------------2------------------
---------------3------------------
---------------4------------------
---------------5------------------
---------------6------------------
-------------initDataIO---------777-------
------ExcelSheetDriver------excelFilePath----------->config/TestBilling.xls
------ExcelSheetDriver------dataSheetName----------->Createorderforonetimecharge
--------wrksheet.getColumns()-----------11
-----wrksheet.getCell(column, row).getContents()------->Email
-----wrksheet.getCell(column, row).getContents()------->Password
-----wrksheet.getCell(column, row).getContents()------->Tab
-----wrksheet.getCell(column, row).getContents()------->Order Name
-----wrksheet.getCell(column, row).getContents()------->Terms (Months)
-----wrksheet.getCell(column, row).getContents()------->Auto Renew?
-----wrksheet.getCell(column, row).getContents()------->orderAccountName
-----wrksheet.getCell(column, row).getContents()------->PBDM
-----wrksheet.getCell(column, row).getContents()------->Payment Terms
-----wrksheet.getCell(column, row).getContents()------->Service Start Date
-----wrksheet.getCell(column, row).getContents()------->ProductName
---------------7------------------
---------------8------------------
-------------initDataIO---------777-------
------ExcelSheetDriver------excelFilePath----------->config/TestBilling.xls
------ExcelSheetDriver------dataSheetName----------->Createorderforonetimecharge
--------wrksheet.getColumns()-----------11
-----wrksheet.getCell(column, row).getContents()------->Email
-----wrksheet.getCell(column, row).getContents()------->Password
-----wrksheet.getCell(column, row).getContents()------->Tab
-----wrksheet.getCell(column, row).getContents()------->Order Name
-----wrksheet.getCell(column, row).getContents()------->Terms (Months)
-----wrksheet.getCell(column, row).getContents()------->Auto Renew?
-----wrksheet.getCell(column, row).getContents()------->orderAccountName
-----wrksheet.getCell(column, row).getContents()------->PBDM
-----wrksheet.getCell(column, row).getContents()------->Payment Terms
-----wrksheet.getCell(column, row).getContents()------->Service Start Date
-----wrksheet.getCell(column, row).getContents()------->ProductName
----GetCell--------GetCell----------0
-----wrksheet.getCell(column, row).getContents()------->keshava.reddy@salesforce.com
----GetCell--------GetCell----------1
-----wrksheet.getCell(column, row).getContents()------->BillingQA2
----GetCell--------GetCell----------2
-----wrksheet.getCell(column, row).getContents()------->Orders
----GetCell--------GetCell----------3
-----wrksheet.getCell(column, row).getContents()------->Demo order test
----GetCell--------GetCell----------5
-----wrksheet.getCell(column, row).getContents()------->true
----GetCell--------GetCell----------9
-----wrksheet.getCell(column, row).getContents()------->04/04/2016
----GetCell--------GetCell----------6
-----wrksheet.getCell(column, row).getContents()------->Demo Account,Demo Account
----GetCell--------GetCell----------10
-----wrksheet.getCell(column, row).getContents()------->GenWatt Diesel 200kW
--------salesCloudAppName--------->SteelBrick Billing
---------------1------------------
---------------2------------------
---------------3------------------
---------------4------------------
---------------5------------------
---------------6------------------
-------------initDataIO---------777-------
------ExcelSheetDriver------excelFilePath----------->config/TestBilling.xls
------ExcelSheetDriver------dataSheetName----------->Addproductfororder
--------wrksheet.getColumns()-----------7
-----wrksheet.getCell(column, row).getContents()------->Email
-----wrksheet.getCell(column, row).getContents()------->Password
-----wrksheet.getCell(column, row).getContents()------->Tab
-----wrksheet.getCell(column, row).getContents()------->View
-----wrksheet.getCell(column, row).getContents()------->Filter
-----wrksheet.getCell(column, row).getContents()------->Order Name
-----wrksheet.getCell(column, row).getContents()------->ProductName
---------------7------------------
---------------8------------------
-------------initDataIO---------777-------
------ExcelSheetDriver------excelFilePath----------->config/TestBilling.xls
------ExcelSheetDriver------dataSheetName----------->Addproductfororder
--------wrksheet.getColumns()-----------7
-----wrksheet.getCell(column, row).getContents()------->Email
-----wrksheet.getCell(column, row).getContents()------->Password
-----wrksheet.getCell(column, row).getContents()------->Tab
-----wrksheet.getCell(column, row).getContents()------->View
-----wrksheet.getCell(column, row).getContents()------->Filter
-----wrksheet.getCell(column, row).getContents()------->Order Name
-----wrksheet.getCell(column, row).getContents()------->ProductName
----GetCell--------GetCell----------0
-----wrksheet.getCell(column, row).getContents()------->keshava.reddy@salesforce.com
----GetCell--------GetCell----------1
-----wrksheet.getCell(column, row).getContents()------->BillingQA2
----GetCell--------GetCell----------2
-----wrksheet.getCell(column, row).getContents()------->Orders
----GetCell--------GetCell----------3
-----wrksheet.getCell(column, row).getContents()------->All Orders
----GetCell--------GetCell----------4
-----wrksheet.getCell(column, row).getContents()------->D
----GetCell--------GetCell----------5
-----wrksheet.getCell(column, row).getContents()------->Demo order test
----GetCell--------GetCell----------6
-----wrksheet.getCell(column, row).getContents()------->GenWatt Diesel 200kW
--------salesCloudAppName--------->SteelBrick Billing
---------------1------------------
---------------2------------------
---------------3------------------
---------------4------------------
---------------5------------------
---------------6------------------
-------------initDataIO---------777-------
------ExcelSheetDriver------excelFilePath----------->config/TestBilling.xls
------ExcelSheetDriver------dataSheetName----------->Cloneorder
--------wrksheet.getColumns()-----------6
-----wrksheet.getCell(column, row).getContents()------->Email
-----wrksheet.getCell(column, row).getContents()------->Password
-----wrksheet.getCell(column, row).getContents()------->Tab
-----wrksheet.getCell(column, row).getContents()------->View
-----wrksheet.getCell(column, row).getContents()------->Filter
-----wrksheet.getCell(column, row).getContents()------->OrderName
---------------7------------------
---------------8------------------
-------------initDataIO---------777-------
------ExcelSheetDriver------excelFilePath----------->config/TestBilling.xls
------ExcelSheetDriver------dataSheetName----------->Cloneorder
--------wrksheet.getColumns()-----------6
-----wrksheet.getCell(column, row).getContents()------->Email
-----wrksheet.getCell(column, row).getContents()------->Password
-----wrksheet.getCell(column, row).getContents()------->Tab
-----wrksheet.getCell(column, row).getContents()------->View
-----wrksheet.getCell(column, row).getContents()------->Filter
-----wrksheet.getCell(column, row).getContents()------->OrderName
----GetCell--------GetCell----------0
-----wrksheet.getCell(column, row).getContents()------->keshava.reddy@salesforce.com
----GetCell--------GetCell----------1
-----wrksheet.getCell(column, row).getContents()------->BillingQA2
----GetCell--------GetCell----------2
-----wrksheet.getCell(column, row).getContents()------->Orders
----GetCell--------GetCell----------3
-----wrksheet.getCell(column, row).getContents()------->All Orders
----GetCell--------GetCell----------4
-----wrksheet.getCell(column, row).getContents()------->D
----GetCell--------GetCell----------5
-----wrksheet.getCell(column, row).getContents()------->Demo order test
--------salesCloudAppName--------->SteelBrick Billing
---------------1------------------
---------------2------------------
---------------3------------------
---------------4------------------
---------------5------------------
---------------6------------------
-------------initDataIO---------777-------
------ExcelSheetDriver------excelFilePath----------->config/TestBilling.xls
------ExcelSheetDriver------dataSheetName----------->Cloneorder
--------wrksheet.getColumns()-----------6
-----wrksheet.getCell(column, row).getContents()------->Email
-----wrksheet.getCell(column, row).getContents()------->Password
-----wrksheet.getCell(column, row).getContents()------->Tab
-----wrksheet.getCell(column, row).getContents()------->View
-----wrksheet.getCell(column, row).getContents()------->Filter
-----wrksheet.getCell(column, row).getContents()------->OrderName
---------------7------------------
---------------8------------------
-------------initDataIO---------777-------
------ExcelSheetDriver------excelFilePath----------->config/TestBilling.xls
------ExcelSheetDriver------dataSheetName----------->Cloneorder
--------wrksheet.getColumns()-----------6
-----wrksheet.getCell(column, row).getContents()------->Email
-----wrksheet.getCell(column, row).getContents()------->Password
-----wrksheet.getCell(column, row).getContents()------->Tab
-----wrksheet.getCell(column, row).getContents()------->View
-----wrksheet.getCell(column, row).getContents()------->Filter
-----wrksheet.getCell(column, row).getContents()------->OrderName
----GetCell--------GetCell----------0
-----wrksheet.getCell(column, row).getContents()------->keshava.reddy@salesforce.com
----GetCell--------GetCell----------1
-----wrksheet.getCell(column, row).getContents()------->BillingQA2
----GetCell--------GetCell----------2
-----wrksheet.getCell(column, row).getContents()------->Orders
----GetCell--------GetCell----------3
-----wrksheet.getCell(column, row).getContents()------->All Orders
----GetCell--------GetCell----------4
-----wrksheet.getCell(column, row).getContents()------->D
----GetCell--------GetCell----------5
-----wrksheet.getCell(column, row).getContents()------->Demo order test
--------salesCloudAppName--------->SteelBrick Billing
---------------1------------------
---------------2------------------
---------------3------------------
---------------4------------------
---------------5------------------
---------------6------------------
-------------initDataIO---------777-------
------ExcelSheetDriver------excelFilePath----------->config/TestBilling.xls
------ExcelSheetDriver------dataSheetName----------->Cloneorder
--------wrksheet.getColumns()-----------6
-----wrksheet.getCell(column, row).getContents()------->Email
-----wrksheet.getCell(column, row).getContents()------->Password
-----wrksheet.getCell(column, row).getContents()------->Tab
-----wrksheet.getCell(column, row).getContents()------->View
-----wrksheet.getCell(column, row).getContents()------->Filter
-----wrksheet.getCell(column, row).getContents()------->OrderName
---------------7------------------
---------------8------------------
-------------initDataIO---------777-------
------ExcelSheetDriver------excelFilePath----------->config/TestBilling.xls
------ExcelSheetDriver------dataSheetName----------->Cloneorder
--------wrksheet.getColumns()-----------6
-----wrksheet.getCell(column, row).getContents()------->Email
-----wrksheet.getCell(column, row).getContents()------->Password
-----wrksheet.getCell(column, row).getContents()------->Tab
-----wrksheet.getCell(column, row).getContents()------->View
-----wrksheet.getCell(column, row).getContents()------->Filter
-----wrksheet.getCell(column, row).getContents()------->OrderName
----GetCell--------GetCell----------0
-----wrksheet.getCell(column, row).getContents()------->keshava.reddy@salesforce.com
----GetCell--------GetCell----------1
-----wrksheet.getCell(column, row).getContents()------->BillingQA2
----GetCell--------GetCell----------2
-----wrksheet.getCell(column, row).getContents()------->Orders
----GetCell--------GetCell----------3
-----wrksheet.getCell(column, row).getContents()------->All Orders
----GetCell--------GetCell----------4
-----wrksheet.getCell(column, row).getContents()------->D
----GetCell--------GetCell----------5
-----wrksheet.getCell(column, row).getContents()------->Demo order test
--------salesCloudAppName--------->SteelBrick Billing
---------------1------------------
---------------2------------------
---------------3------------------
---------------4------------------
---------------5------------------
---------------6------------------
-------------initDataIO---------777-------
------ExcelSheetDriver------excelFilePath----------->config/TestBilling.xls
------ExcelSheetDriver------dataSheetName----------->Cloneorder
--------wrksheet.getColumns()-----------6
-----wrksheet.getCell(column, row).getContents()------->Email
-----wrksheet.getCell(column, row).getContents()------->Password
-----wrksheet.getCell(column, row).getContents()------->Tab
-----wrksheet.getCell(column, row).getContents()------->View
-----wrksheet.getCell(column, row).getContents()------->Filter
-----wrksheet.getCell(column, row).getContents()------->OrderName
---------------7------------------
---------------8------------------
-------------initDataIO---------777-------
------ExcelSheetDriver------excelFilePath----------->config/TestBilling.xls
------ExcelSheetDriver------dataSheetName----------->Cloneorder
--------wrksheet.getColumns()-----------6
-----wrksheet.getCell(column, row).getContents()------->Email
-----wrksheet.getCell(column, row).getContents()------->Password
-----wrksheet.getCell(column, row).getContents()------->Tab
-----wrksheet.getCell(column, row).getContents()------->View
-----wrksheet.getCell(column, row).getContents()------->Filter
-----wrksheet.getCell(column, row).getContents()------->OrderName
----GetCell--------GetCell----------0
-----wrksheet.getCell(column, row).getContents()------->keshava.reddy@salesforce.com
----GetCell--------GetCell----------1
-----wrksheet.getCell(column, row).getContents()------->BillingQA2
----GetCell--------GetCell----------2
-----wrksheet.getCell(column, row).getContents()------->Orders
----GetCell--------GetCell----------3
-----wrksheet.getCell(column, row).getContents()------->All Orders
----GetCell--------GetCell----------4
-----wrksheet.getCell(column, row).getContents()------->D
----GetCell--------GetCell----------5
-----wrksheet.getCell(column, row).getContents()------->Demo order test
--------salesCloudAppName--------->SteelBrick Billing
---------------1------------------
---------------2------------------
---------------3------------------
---------------4------------------
---------------5------------------
---------------6------------------
-------------initDataIO---------777-------
------ExcelSheetDriver------excelFilePath----------->config/TestBilling.xls
------ExcelSheetDriver------dataSheetName----------->Previewinvoiceoforder
--------wrksheet.getColumns()-----------6
-----wrksheet.getCell(column, row).getContents()------->Email
-----wrksheet.getCell(column, row).getContents()------->Password
-----wrksheet.getCell(column, row).getContents()------->Tab
-----wrksheet.getCell(column, row).getContents()------->View
-----wrksheet.getCell(column, row).getContents()------->Filter
-----wrksheet.getCell(column, row).getContents()------->Order Name
---------------7------------------
---------------8------------------
-------------initDataIO---------777-------
------ExcelSheetDriver------excelFilePath----------->config/TestBilling.xls
------ExcelSheetDriver------dataSheetName----------->Previewinvoiceoforder
--------wrksheet.getColumns()-----------6
-----wrksheet.getCell(column, row).getContents()------->Email
-----wrksheet.getCell(column, row).getContents()------->Password
-----wrksheet.getCell(column, row).getContents()------->Tab
-----wrksheet.getCell(column, row).getContents()------->View
-----wrksheet.getCell(column, row).getContents()------->Filter
-----wrksheet.getCell(column, row).getContents()------->Order Name
----GetCell--------GetCell----------0
-----wrksheet.getCell(column, row).getContents()------->keshava.reddy@salesforce.com
----GetCell--------GetCell----------1
-----wrksheet.getCell(column, row).getContents()------->BillingQA2
----GetCell--------GetCell----------2
-----wrksheet.getCell(column, row).getContents()------->Orders
----GetCell--------GetCell----------3
-----wrksheet.getCell(column, row).getContents()------->All Orders
----GetCell--------GetCell----------4
-----wrksheet.getCell(column, row).getContents()------->D
----GetCell--------GetCell----------5
-----wrksheet.getCell(column, row).getContents()------->Demo order test
--------salesCloudAppName--------->SteelBrick Billing
---------------1------------------
---------------2------------------
---------------3------------------
---------------4------------------
---------------5------------------
---------------6------------------
-------------initDataIO---------777-------
------ExcelSheetDriver------excelFilePath----------->config/TestBilling.xls
------ExcelSheetDriver------dataSheetName----------->Midtermadjustmentorder
--------wrksheet.getColumns()-----------10
-----wrksheet.getCell(column, row).getContents()------->Email
-----wrksheet.getCell(column, row).getContents()------->Password
-----wrksheet.getCell(column, row).getContents()------->Tab
-----wrksheet.getCell(column, row).getContents()------->View
-----wrksheet.getCell(column, row).getContents()------->Filter
-----wrksheet.getCell(column, row).getContents()------->Order Name
-----wrksheet.getCell(column, row).getContents()------->ProductName
-----wrksheet.getCell(column, row).getContents()------->
-----wrksheet.getCell(column, row).getContents()------->
-----wrksheet.getCell(column, row).getContents()------->
---------------7------------------
---------------8------------------
-------------initDataIO---------777-------
------ExcelSheetDriver------excelFilePath----------->config/TestBilling.xls
------ExcelSheetDriver------dataSheetName----------->Midtermadjustmentorder
--------wrksheet.getColumns()-----------10
-----wrksheet.getCell(column, row).getContents()------->Email
-----wrksheet.getCell(column, row).getContents()------->Password
-----wrksheet.getCell(column, row).getContents()------->Tab
-----wrksheet.getCell(column, row).getContents()------->View
-----wrksheet.getCell(column, row).getContents()------->Filter
-----wrksheet.getCell(column, row).getContents()------->Order Name
-----wrksheet.getCell(column, row).getContents()------->ProductName
-----wrksheet.getCell(column, row).getContents()------->
-----wrksheet.getCell(column, row).getContents()------->
-----wrksheet.getCell(column, row).getContents()------->
----GetCell--------GetCell----------0
-----wrksheet.getCell(column, row).getContents()------->keshava.reddy@salesforce.com
----GetCell--------GetCell----------1
-----wrksheet.getCell(column, row).getContents()------->BillingQA2
----GetCell--------GetCell----------2
-----wrksheet.getCell(column, row).getContents()------->Orders
----GetCell--------GetCell----------3
-----wrksheet.getCell(column, row).getContents()------->All Orders
----GetCell--------GetCell----------4
-----wrksheet.getCell(column, row).getContents()------->D
----GetCell--------GetCell----------5
-----wrksheet.getCell(column, row).getContents()------->Demo order test
----GetCell--------GetCell----------6
-----wrksheet.getCell(column, row).getContents()------->GenWatt Diesel 200kW
--------salesCloudAppName--------->SteelBrick Billing
---------------1------------------
---------------2------------------
---------------3------------------
---------------4------------------
---------------5------------------
---------------6------------------
-------------initDataIO---------777-------
------ExcelSheetDriver------excelFilePath----------->config/TestBilling.xls
------ExcelSheetDriver------dataSheetName----------->Upgradesorder
--------wrksheet.getColumns()-----------7
-----wrksheet.getCell(column, row).getContents()------->Email
-----wrksheet.getCell(column, row).getContents()------->Password
-----wrksheet.getCell(column, row).getContents()------->Tab
-----wrksheet.getCell(column, row).getContents()------->View
-----wrksheet.getCell(column, row).getContents()------->Filter
-----wrksheet.getCell(column, row).getContents()------->Order Name
-----wrksheet.getCell(column, row).getContents()------->Increase Qty
---------------7------------------
---------------8------------------
-------------initDataIO---------777-------
------ExcelSheetDriver------excelFilePath----------->config/TestBilling.xls
------ExcelSheetDriver------dataSheetName----------->Upgradesorder
--------wrksheet.getColumns()-----------7
-----wrksheet.getCell(column, row).getContents()------->Email
-----wrksheet.getCell(column, row).getContents()------->Password
-----wrksheet.getCell(column, row).getContents()------->Tab
-----wrksheet.getCell(column, row).getContents()------->View
-----wrksheet.getCell(column, row).getContents()------->Filter
-----wrksheet.getCell(column, row).getContents()------->Order Name
-----wrksheet.getCell(column, row).getContents()------->Increase Qty
----GetCell--------GetCell----------0
-----wrksheet.getCell(column, row).getContents()------->keshava.reddy@salesforce.com
----GetCell--------GetCell----------1
-----wrksheet.getCell(column, row).getContents()------->BillingQA2
----GetCell--------GetCell----------2
-----wrksheet.getCell(column, row).getContents()------->Orders
----GetCell--------GetCell----------3
-----wrksheet.getCell(column, row).getContents()------->All Orders
----GetCell--------GetCell----------4
-----wrksheet.getCell(column, row).getContents()------->D
----GetCell--------GetCell----------5
-----wrksheet.getCell(column, row).getContents()------->Demo order test
----GetCell--------GetCell----------6
-----wrksheet.getCell(column, row).getContents()------->5
--------salesCloudAppName--------->SteelBrick Billing
---------------1------------------
---------------2------------------
---------------3------------------
---------------4------------------
---------------5------------------
---------------6------------------
-------------initDataIO---------777-------
------ExcelSheetDriver------excelFilePath----------->config/TestBilling.xls
------ExcelSheetDriver------dataSheetName----------->Downgradesorder
--------wrksheet.getColumns()-----------7
-----wrksheet.getCell(column, row).getContents()------->Email
-----wrksheet.getCell(column, row).getContents()------->Password
-----wrksheet.getCell(column, row).getContents()------->Tab
-----wrksheet.getCell(column, row).getContents()------->View
-----wrksheet.getCell(column, row).getContents()------->Filter
-----wrksheet.getCell(column, row).getContents()------->Order Name
-----wrksheet.getCell(column, row).getContents()------->Decrease Qty
---------------7------------------
---------------8------------------
-------------initDataIO---------777-------
------ExcelSheetDriver------excelFilePath----------->config/TestBilling.xls
------ExcelSheetDriver------dataSheetName----------->Downgradesorder
--------wrksheet.getColumns()-----------7
-----wrksheet.getCell(column, row).getContents()------->Email
-----wrksheet.getCell(column, row).getContents()------->Password
-----wrksheet.getCell(column, row).getContents()------->Tab
-----wrksheet.getCell(column, row).getContents()------->View
-----wrksheet.getCell(column, row).getContents()------->Filter
-----wrksheet.getCell(column, row).getContents()------->Order Name
-----wrksheet.getCell(column, row).getContents()------->Decrease Qty
----GetCell--------GetCell----------0
-----wrksheet.getCell(column, row).getContents()------->keshava.reddy@salesforce.com
----GetCell--------GetCell----------1
-----wrksheet.getCell(column, row).getContents()------->BillingQA2
----GetCell--------GetCell----------2
-----wrksheet.getCell(column, row).getContents()------->Orders
----GetCell--------GetCell----------3
-----wrksheet.getCell(column, row).getContents()------->All Orders
----GetCell--------GetCell----------4
-----wrksheet.getCell(column, row).getContents()------->D
----GetCell--------GetCell----------5
-----wrksheet.getCell(column, row).getContents()------->Demo order test
----GetCell--------GetCell----------6
-----wrksheet.getCell(column, row).getContents()------->1
--------salesCloudAppName--------->SteelBrick Billing
---------------1------------------
---------------2------------------
---------------3------------------
---------------4------------------
---------------5------------------
---------------6------------------
-------------initDataIO---------777-------
------ExcelSheetDriver------excelFilePath----------->config/TestBilling.xls
------ExcelSheetDriver------dataSheetName----------->Createpaymentplan
--------wrksheet.getColumns()-----------7
-----wrksheet.getCell(column, row).getContents()------->Email
-----wrksheet.getCell(column, row).getContents()------->Password
-----wrksheet.getCell(column, row).getContents()------->Payment Plan Name
-----wrksheet.getCell(column, row).getContents()------->No of Installments
-----wrksheet.getCell(column, row).getContents()------->Down Payment (%)
-----wrksheet.getCell(column, row).getContents()------->Minimum Installments
-----wrksheet.getCell(column, row).getContents()------->Maximum Installments
---------------7------------------
---------------8------------------
-------------initDataIO---------777-------
------ExcelSheetDriver------excelFilePath----------->config/TestBilling.xls
------ExcelSheetDriver------dataSheetName----------->Createpaymentplan
--------wrksheet.getColumns()-----------7
-----wrksheet.getCell(column, row).getContents()------->Email
-----wrksheet.getCell(column, row).getContents()------->Password
-----wrksheet.getCell(column, row).getContents()------->Payment Plan Name
-----wrksheet.getCell(column, row).getContents()------->No of Installments
-----wrksheet.getCell(column, row).getContents()------->Down Payment (%)
-----wrksheet.getCell(column, row).getContents()------->Minimum Installments
-----wrksheet.getCell(column, row).getContents()------->Maximum Installments
----GetCell--------GetCell----------0
-----wrksheet.getCell(column, row).getContents()------->keshava.reddy@salesforce.com
----GetCell--------GetCell----------1
-----wrksheet.getCell(column, row).getContents()------->BillingQA2
----GetCell--------GetCell----------2
-----wrksheet.getCell(column, row).getContents()------->3 Months Plan
----GetCell--------GetCell----------3
-----wrksheet.getCell(column, row).getContents()------->3
----GetCell--------GetCell----------4
-----wrksheet.getCell(column, row).getContents()------->30
----GetCell--------GetCell----------5
-----wrksheet.getCell(column, row).getContents()------->2
----GetCell--------GetCell----------6
-----wrksheet.getCell(column, row).getContents()------->5
--------salesCloudAppName--------->SteelBrick Billing
---------------1------------------
---------------2------------------
---------------3------------------
---------------4------------------
---------------5------------------
---------------6------------------
-------------initDataIO---------777-------
------ExcelSheetDriver------excelFilePath----------->config/TestBilling.xls
------ExcelSheetDriver------dataSheetName----------->Paymentplanfororder
--------wrksheet.getColumns()-----------7
-----wrksheet.getCell(column, row).getContents()------->Email
-----wrksheet.getCell(column, row).getContents()------->Password
-----wrksheet.getCell(column, row).getContents()------->Tab
-----wrksheet.getCell(column, row).getContents()------->View
-----wrksheet.getCell(column, row).getContents()------->Filter
-----wrksheet.getCell(column, row).getContents()------->OrderName
-----wrksheet.getCell(column, row).getContents()------->Payment Plan
---------------7------------------
---------------8------------------
-------------initDataIO---------777-------
------ExcelSheetDriver------excelFilePath----------->config/TestBilling.xls
------ExcelSheetDriver------dataSheetName----------->Paymentplanfororder
--------wrksheet.getColumns()-----------7
-----wrksheet.getCell(column, row).getContents()------->Email
-----wrksheet.getCell(column, row).getContents()------->Password
-----wrksheet.getCell(column, row).getContents()------->Tab
-----wrksheet.getCell(column, row).getContents()------->View
-----wrksheet.getCell(column, row).getContents()------->Filter
-----wrksheet.getCell(column, row).getContents()------->OrderName
-----wrksheet.getCell(column, row).getContents()------->Payment Plan
----GetCell--------GetCell----------0
-----wrksheet.getCell(column, row).getContents()------->keshava.reddy@salesforce.com
----GetCell--------GetCell----------1
-----wrksheet.getCell(column, row).getContents()------->BillingQA2
----GetCell--------GetCell----------2
-----wrksheet.getCell(column, row).getContents()------->Orders
----GetCell--------GetCell----------3
-----wrksheet.getCell(column, row).getContents()------->All Orders
----GetCell--------GetCell----------4
-----wrksheet.getCell(column, row).getContents()------->D
----GetCell--------GetCell----------5
-----wrksheet.getCell(column, row).getContents()------->Demo order test
----GetCell--------GetCell----------6
-----wrksheet.getCell(column, row).getContents()------->3 Months Plan, 3 Months Plan
--------salesCloudAppName--------->SteelBrick Billing
---------------1------------------
---------------2------------------
---------------3------------------
---------------4------------------
---------------5------------------
---------------6------------------
-------------initDataIO---------777-------
------ExcelSheetDriver------excelFilePath----------->config/TestBilling.xls
------ExcelSheetDriver------dataSheetName----------->Testgenerateinvoice
--------wrksheet.getColumns()-----------6
-----wrksheet.getCell(column, row).getContents()------->Email
-----wrksheet.getCell(column, row).getContents()------->Password
-----wrksheet.getCell(column, row).getContents()------->Tab
-----wrksheet.getCell(column, row).getContents()------->View
-----wrksheet.getCell(column, row).getContents()------->Filter
-----wrksheet.getCell(column, row).getContents()------->Order Name
---------------7------------------
---------------8------------------
-------------initDataIO---------777-------
------ExcelSheetDriver------excelFilePath----------->config/TestBilling.xls
------ExcelSheetDriver------dataSheetName----------->Testgenerateinvoice
--------wrksheet.getColumns()-----------6
-----wrksheet.getCell(column, row).getContents()------->Email
-----wrksheet.getCell(column, row).getContents()------->Password
-----wrksheet.getCell(column, row).getContents()------->Tab
-----wrksheet.getCell(column, row).getContents()------->View
-----wrksheet.getCell(column, row).getContents()------->Filter
-----wrksheet.getCell(column, row).getContents()------->Order Name
----GetCell--------GetCell----------0
-----wrksheet.getCell(column, row).getContents()------->keshava.reddy@salesforce.com
----GetCell--------GetCell----------1
-----wrksheet.getCell(column, row).getContents()------->BillingQA2
----GetCell--------GetCell----------2
-----wrksheet.getCell(column, row).getContents()------->Orders
----GetCell--------GetCell----------3
-----wrksheet.getCell(column, row).getContents()------->All Orders
----GetCell--------GetCell----------4
-----wrksheet.getCell(column, row).getContents()------->D
----GetCell--------GetCell----------5
-----wrksheet.getCell(column, row).getContents()------->Demo order test
--------salesCloudAppName--------->SteelBrick Billing
---------------1------------------
---------------2------------------
---------------3------------------
---------------4------------------
---------------5------------------
---------------6------------------
-------------initDataIO---------777-------
------ExcelSheetDriver------excelFilePath----------->config/TestBilling.xls
------ExcelSheetDriver------dataSheetName----------->Testupdateorderstatus
--------wrksheet.getColumns()-----------7
-----wrksheet.getCell(column, row).getContents()------->Email
-----wrksheet.getCell(column, row).getContents()------->Password
-----wrksheet.getCell(column, row).getContents()------->Tab
-----wrksheet.getCell(column, row).getContents()------->View
-----wrksheet.getCell(column, row).getContents()------->Filter
-----wrksheet.getCell(column, row).getContents()------->Order Name
-----wrksheet.getCell(column, row).getContents()------->Status
---------------7------------------
---------------8------------------
-------------initDataIO---------777-------
------ExcelSheetDriver------excelFilePath----------->config/TestBilling.xls
------ExcelSheetDriver------dataSheetName----------->Testupdateorderstatus
--------wrksheet.getColumns()-----------7
-----wrksheet.getCell(column, row).getContents()------->Email
-----wrksheet.getCell(column, row).getContents()------->Password
-----wrksheet.getCell(column, row).getContents()------->Tab
-----wrksheet.getCell(column, row).getContents()------->View
-----wrksheet.getCell(column, row).getContents()------->Filter
-----wrksheet.getCell(column, row).getContents()------->Order Name
-----wrksheet.getCell(column, row).getContents()------->Status
----GetCell--------GetCell----------0
-----wrksheet.getCell(column, row).getContents()------->keshava.reddy@salesforce.com
----GetCell--------GetCell----------1
-----wrksheet.getCell(column, row).getContents()------->BillingQA2
----GetCell--------GetCell----------2
-----wrksheet.getCell(column, row).getContents()------->Orders
----GetCell--------GetCell----------3
-----wrksheet.getCell(column, row).getContents()------->All Orders
----GetCell--------GetCell----------4
-----wrksheet.getCell(column, row).getContents()------->D
----GetCell--------GetCell----------5
-----wrksheet.getCell(column, row).getContents()------->Demo order test
----GetCell--------GetCell----------6
-----wrksheet.getCell(column, row).getContents()------->Cancelled
--------salesCloudAppName--------->SteelBrick Billing
---------------1------------------
---------------2------------------
---------------3------------------
---------------4------------------
---------------5------------------
---------------6------------------
-------------initDataIO---------777-------
------ExcelSheetDriver------excelFilePath----------->config/TestBilling.xls
------ExcelSheetDriver------dataSheetName----------->createorderforonetimeandmonthly
--------wrksheet.getColumns()-----------11
-----wrksheet.getCell(column, row).getContents()------->Email
-----wrksheet.getCell(column, row).getContents()------->Password
-----wrksheet.getCell(column, row).getContents()------->Tab
-----wrksheet.getCell(column, row).getContents()------->Order Name
-----wrksheet.getCell(column, row).getContents()------->Terms (Months)
-----wrksheet.getCell(column, row).getContents()------->Auto Renew?
-----wrksheet.getCell(column, row).getContents()------->orderAccountName
-----wrksheet.getCell(column, row).getContents()------->PBDM
-----wrksheet.getCell(column, row).getContents()------->Payment Terms
-----wrksheet.getCell(column, row).getContents()------->Service Start Date
-----wrksheet.getCell(column, row).getContents()------->ProductName
---------------7------------------
---------------8------------------
-------------initDataIO---------777-------
------ExcelSheetDriver------excelFilePath----------->config/TestBilling.xls
------ExcelSheetDriver------dataSheetName----------->createorderforonetimeandmonthly
--------wrksheet.getColumns()-----------11
-----wrksheet.getCell(column, row).getContents()------->Email
-----wrksheet.getCell(column, row).getContents()------->Password
-----wrksheet.getCell(column, row).getContents()------->Tab
-----wrksheet.getCell(column, row).getContents()------->Order Name
-----wrksheet.getCell(column, row).getContents()------->Terms (Months)
-----wrksheet.getCell(column, row).getContents()------->Auto Renew?
-----wrksheet.getCell(column, row).getContents()------->orderAccountName
-----wrksheet.getCell(column, row).getContents()------->PBDM
-----wrksheet.getCell(column, row).getContents()------->Payment Terms
-----wrksheet.getCell(column, row).getContents()------->Service Start Date
-----wrksheet.getCell(column, row).getContents()------->ProductName
----GetCell--------GetCell----------0
-----wrksheet.getCell(column, row).getContents()------->keshava.reddy@salesforce.com
----GetCell--------GetCell----------1
-----wrksheet.getCell(column, row).getContents()------->BillingQA2
----GetCell--------GetCell----------2
-----wrksheet.getCell(column, row).getContents()------->Orders
----GetCell--------GetCell----------3
-----wrksheet.getCell(column, row).getContents()------->Demo order for adhoc invoice1
----GetCell--------GetCell----------5
-----wrksheet.getCell(column, row).getContents()------->true
----GetCell--------GetCell----------9
-----wrksheet.getCell(column, row).getContents()------->04/04/2016
----GetCell--------GetCell----------6
-----wrksheet.getCell(column, row).getContents()------->Demo Account,Demo Account
----GetCell--------GetCell----------10
-----wrksheet.getCell(column, row).getContents()------->GenWatt Propane 500kW
--------salesCloudAppName--------->SteelBrick Billing
---------------1------------------
---------------2------------------
---------------3------------------
---------------4------------------
---------------5------------------
---------------6------------------
-------------initDataIO---------777-------
------ExcelSheetDriver------excelFilePath----------->config/TestBilling.xls
------ExcelSheetDriver------dataSheetName----------->Createadhocinvoice
--------wrksheet.getColumns()-----------6
-----wrksheet.getCell(column, row).getContents()------->Email
-----wrksheet.getCell(column, row).getContents()------->Password
-----wrksheet.getCell(column, row).getContents()------->Tab
-----wrksheet.getCell(column, row).getContents()------->View
-----wrksheet.getCell(column, row).getContents()------->Filter
-----wrksheet.getCell(column, row).getContents()------->Order Name
---------------7------------------
---------------8------------------
-------------initDataIO---------777-------
------ExcelSheetDriver------excelFilePath----------->config/TestBilling.xls
------ExcelSheetDriver------dataSheetName----------->Createadhocinvoice
--------wrksheet.getColumns()-----------6
-----wrksheet.getCell(column, row).getContents()------->Email
-----wrksheet.getCell(column, row).getContents()------->Password
-----wrksheet.getCell(column, row).getContents()------->Tab
-----wrksheet.getCell(column, row).getContents()------->View
-----wrksheet.getCell(column, row).getContents()------->Filter
-----wrksheet.getCell(column, row).getContents()------->Order Name
----GetCell--------GetCell----------0
-----wrksheet.getCell(column, row).getContents()------->keshava.reddy@salesforce.com
----GetCell--------GetCell----------1
-----wrksheet.getCell(column, row).getContents()------->BillingQA2
----GetCell--------GetCell----------2
-----wrksheet.getCell(column, row).getContents()------->Orders
----GetCell--------GetCell----------3
-----wrksheet.getCell(column, row).getContents()------->All Orders
----GetCell--------GetCell----------4
-----wrksheet.getCell(column, row).getContents()------->D
----GetCell--------GetCell----------5
-----wrksheet.getCell(column, row).getContents()------->Demo order for adhoc invoice1
--------salesCloudAppName--------->SteelBrick Billing
---------------1------------------
---------------2------------------
---------------3------------------
---------------4------------------
---------------5------------------
---------------6------------------
-------------initDataIO---------777-------
------ExcelSheetDriver------excelFilePath----------->config/TestBilling.xls
------ExcelSheetDriver------dataSheetName----------->createorderforprofarmainvoice
--------wrksheet.getColumns()-----------11
-----wrksheet.getCell(column, row).getContents()------->Email
-----wrksheet.getCell(column, row).getContents()------->Password
-----wrksheet.getCell(column, row).getContents()------->Tab
-----wrksheet.getCell(column, row).getContents()------->Order Name
-----wrksheet.getCell(column, row).getContents()------->Terms (Months)
-----wrksheet.getCell(column, row).getContents()------->Auto Renew?
-----wrksheet.getCell(column, row).getContents()------->orderAccountName
-----wrksheet.getCell(column, row).getContents()------->PBDM
-----wrksheet.getCell(column, row).getContents()------->Payment Terms
-----wrksheet.getCell(column, row).getContents()------->Service Start Date
-----wrksheet.getCell(column, row).getContents()------->ProductName
---------------7------------------
---------------8------------------
-------------initDataIO---------777-------
------ExcelSheetDriver------excelFilePath----------->config/TestBilling.xls
------ExcelSheetDriver------dataSheetName----------->createorderforprofarmainvoice
--------wrksheet.getColumns()-----------11
-----wrksheet.getCell(column, row).getContents()------->Email
-----wrksheet.getCell(column, row).getContents()------->Password
-----wrksheet.getCell(column, row).getContents()------->Tab
-----wrksheet.getCell(column, row).getContents()------->Order Name
-----wrksheet.getCell(column, row).getContents()------->Terms (Months)
-----wrksheet.getCell(column, row).getContents()------->Auto Renew?
-----wrksheet.getCell(column, row).getContents()------->orderAccountName
-----wrksheet.getCell(column, row).getContents()------->PBDM
-----wrksheet.getCell(column, row).getContents()------->Payment Terms
-----wrksheet.getCell(column, row).getContents()------->Service Start Date
-----wrksheet.getCell(column, row).getContents()------->ProductName
----GetCell--------GetCell----------0
-----wrksheet.getCell(column, row).getContents()------->keshava.reddy@salesforce.com
----GetCell--------GetCell----------1
-----wrksheet.getCell(column, row).getContents()------->BillingQA2
----GetCell--------GetCell----------2
-----wrksheet.getCell(column, row).getContents()------->Orders
----GetCell--------GetCell----------3
-----wrksheet.getCell(column, row).getContents()------->Test order for profarma invoice1
----GetCell--------GetCell----------5
-----wrksheet.getCell(column, row).getContents()------->true
----GetCell--------GetCell----------9
-----wrksheet.getCell(column, row).getContents()------->04/04/2016
----GetCell--------GetCell----------6
-----wrksheet.getCell(column, row).getContents()------->Demo Account,Demo Account
----GetCell--------GetCell----------10
-----wrksheet.getCell(column, row).getContents()------->GenWatt Diesel 200kW
--------salesCloudAppName--------->SteelBrick Billing
---------------1------------------
---------------2------------------
---------------3------------------
---------------4------------------
---------------5------------------
---------------6------------------
-------------initDataIO---------777-------
------ExcelSheetDriver------excelFilePath----------->config/TestBilling.xls
------ExcelSheetDriver------dataSheetName----------->createlightningaccount
--------wrksheet.getColumns()-----------5
-----wrksheet.getCell(column, row).getContents()------->Email
-----wrksheet.getCell(column, row).getContents()------->Password
-----wrksheet.getCell(column, row).getContents()------->Account Name
-----wrksheet.getCell(column, row).getContents()------->Phone
-----wrksheet.getCell(column, row).getContents()------->Website
---------------7------------------
---------------8------------------
-------------initDataIO---------777-------
------ExcelSheetDriver------excelFilePath----------->config/TestBilling.xls
------ExcelSheetDriver------dataSheetName----------->createlightningaccount
--------wrksheet.getColumns()-----------5
-----wrksheet.getCell(column, row).getContents()------->Email
-----wrksheet.getCell(column, row).getContents()------->Password
-----wrksheet.getCell(column, row).getContents()------->Account Name
-----wrksheet.getCell(column, row).getContents()------->Phone
-----wrksheet.getCell(column, row).getContents()------->Website
----GetCell--------GetCell----------0
-----wrksheet.getCell(column, row).getContents()------->keshava.reddy@salesforce.com
----GetCell--------GetCell----------1
-----wrksheet.getCell(column, row).getContents()------->BillingQA2
----GetCell--------GetCell----------2
-----wrksheet.getCell(column, row).getContents()------->Account Lightning
----GetCell--------GetCell----------3
-----wrksheet.getCell(column, row).getContents()------->8899223311
----GetCell--------GetCell----------4
-----wrksheet.getCell(column, row).getContents()------->https://login.salesforce.com/
]]></system-err>
</testsuite>
