<?xml version="1.0" encoding="UTF-8" ?>
<testsuite errors="2" failures="0" hostname="rreddy-ltr" name="com.salesforce.tests.suites.CategorySuite" skipped="0" tests="2" time="191.429" timestamp="2016-05-22T14:49:22">
  <properties>
    <property name="org.openqa.selenium.server:selenium-server:jar" value="C:\Users\raghavendra.reddy\.m2\repository\org\openqa\selenium\server\selenium-server\1.0-20081010.060147\selenium-server-1.0-20081010.060147.jar"></property>
    <property name="file.encoding.pkg" value="sun.io"></property>
    <property name="env.PROMPT" value="$P$G"></property>
    <property name="io.netty:netty:jar" value="C:\Users\raghavendra.reddy\.m2\repository\io\netty\netty\3.5.7.Final\netty-3.5.7.Final.jar"></property>
    <property name="cglib:cglib-nodep:jar" value="C:\Users\raghavendra.reddy\.m2\repository\cglib\cglib-nodep\2.1_3\cglib-nodep-2.1_3.jar"></property>
    <property name="java.home" value="C:\Program Files\Java\jre1.8.0_91"></property>
    <property name="org.openqa.selenium.core:selenium-core:jar" value="C:\Users\raghavendra.reddy\.m2\repository\org\openqa\selenium\core\selenium-core\1.0-20080914.225453\selenium-core-1.0-20080914.225453.jar"></property>
    <property name="org.seleniumhq.selenium:selenium-remote-driver:jar" value="C:\Users\raghavendra.reddy\.m2\repository\org\seleniumhq\selenium\selenium-remote-driver\2.53.0\selenium-remote-driver-2.53.0.jar"></property>
    <property name="java.endorsed.dirs" value="C:\Program Files\Java\jre1.8.0_91\lib\endorsed"></property>
    <property name="env.USERNAME" value="raghavendra.reddy"></property>
    <property name="commons-logging:commons-logging-api:jar" value="C:\Users\raghavendra.reddy\.m2\repository\commons-logging\commons-logging-api\1.1\commons-logging-api-1.1.jar"></property>
    <property name="style" value="./config"></property>
    <property name="sun.os.patch.level" value=""></property>
    <property name="java.vendor.url" value="http://java.oracle.com/"></property>
    <property name="env.COMPUTERNAME" value="RREDDY-LTR"></property>
    <property name="env.ProgramFiles(x86)" value="C:\Program Files (x86)"></property>
    <property name="java.version" value="1.8.0_91"></property>
    <property name="eclipse.pdebuild.home" value="/C:/Users/raghavendra.reddy/Eclipse/eclipse-jee-mars-2-win32-x86_64/eclipse/plugins/org.eclipse.pde.build_3.9.100.v20150521-1524/./"></property>
    <property name="javax.servlet:servlet-api:jar" value="C:\Users\raghavendra.reddy\.m2\repository\javax\servlet\servlet-api\2.4\servlet-api-2.4.jar"></property>
    <property name="report" value="./report"></property>
    <property name="mysql:mysql-connector-java:jar" value="C:\Users\raghavendra.reddy\.m2\repository\mysql\mysql-connector-java\5.1.36\mysql-connector-java-5.1.36.jar"></property>
    <property name="java.vendor.url.bug" value="http://bugreport.sun.com/bugreport/"></property>
    <property name="env.USERPROFILE" value="C:\Users\raghavendra.reddy"></property>
    <property name="ant.project.invoked-targets" value="exec"></property>
    <property name="env.SystemRoot" value="C:\windows"></property>
    <property name="user.name" value="raghavendra.reddy"></property>
    <property name="sun.io.unicode.encoding" value="UnicodeLittle"></property>
    <property name="sun.jnu.encoding" value="Cp1252"></property>
    <property name="java.runtime.name" value="Java(TM) SE Runtime Environment"></property>
    <property name="org.seleniumhq.selenium:selenium-firefox-driver:jar" value="C:\Users\raghavendra.reddy\.m2\repository\org\seleniumhq\selenium\selenium-firefox-driver\2.53.0\selenium-firefox-driver-2.53.0.jar"></property>
    <property name="env.LOCALAPPDATA" value="C:\Users\raghavendra.reddy\AppData\Local"></property>
    <property name="java.specification.name" value="Java Platform API Specification"></property>
    <property name="log4j:log4j:jar" value="C:\Users\raghavendra.reddy\.m2\repository\log4j\log4j\1.2.14\log4j-1.2.14.jar"></property>
    <property name="user.timezone" value=""></property>
    <property name="user.script" value=""></property>
    <property name="path.separator" value=";"></property>
    <property name="env.PROCESSOR_IDENTIFIER" value="Intel64 Family 6 Model 60 Stepping 3, GenuineIntel"></property>
    <property name="ant.file.test" value="C:\Users\raghavendra.reddy\EclipseWorkspaceJunit\webdriver-framework-steelbrickJunit\build_jenkins.xml"></property>
    <property name="org.seleniumhq.selenium:selenium-safari-driver:jar" value="C:\Users\raghavendra.reddy\.m2\repository\org\seleniumhq\selenium\selenium-safari-driver\2.53.0\selenium-safari-driver-2.53.0.jar"></property>
    <property name="file.encoding" value="Cp1252"></property>
    <property name="ant.project.default-target" value="exec"></property>
    <property name="lib" value="./lib"></property>
    <property name="sun.java.command" value="org.apache.tools.ant.taskdefs.optional.junit.JUnitTestRunner com.salesforce.tests.suites.CategorySuite skipNonTests=false filtertrace=true haltOnError=false haltOnFailure=false formatter=org.apache.tools.ant.taskdefs.optional.junit.SummaryJUnitResultFormatter showoutput=true outputtoformatters=true logfailedtests=true threadid=0 logtestlistenerevents=false formatter=org.apache.tools.ant.taskdefs.optional.junit.XMLJUnitResultFormatter,C:\Users\raghavendra.reddy\EclipseWorkspaceJunit\webdriver-framework-steelbrickJunit\report\xml\TEST-com.salesforce.tests.suites.CategorySuite.xml crashfile=C:\Users\raghavendra.reddy\EclipseWorkspaceJunit\webdriver-framework-steelbrickJunit\junitvmwatcher1855586849752459180.properties propsfile=C:\Users\raghavendra.reddy\EclipseWorkspaceJunit\webdriver-framework-steelbrickJunit\junit2849978440138575528.properties"></property>
    <property name="env.NUMBER_OF_PROCESSORS" value="8"></property>
    <property name="env.APPDATA" value="C:\Users\raghavendra.reddy\AppData\Roaming"></property>
    <property name="ant.file" value="C:\Users\raghavendra.reddy\EclipseWorkspaceJunit\webdriver-framework-steelbrickJunit\build_jenkins.xml"></property>
    <property name="commons-io:commons-io:jar" value="C:\Users\raghavendra.reddy\.m2\repository\commons-io\commons-io\2.4\commons-io-2.4.jar"></property>
    <property name="jetty:org.mortbay.jetty:jar" value="C:\Users\raghavendra.reddy\.m2\repository\jetty\org.mortbay.jetty\5.1.10\org.mortbay.jetty-5.1.10.jar"></property>
    <property name="commons-codec:commons-codec:jar" value="C:\Users\raghavendra.reddy\.m2\repository\commons-codec\commons-codec\1.3\commons-codec-1.3.jar"></property>
    <property name="java.io.tmpdir" value="C:\Users\RAGHAV~1.RED\AppData\Local\Temp\"></property>
    <property name="bin" value="./bin"></property>
    <property name="TODAY" value="May 22 2016"></property>
    <property name="user.language" value="en"></property>
    <property name="commons-logging:commons-logging:jar" value="C:\Users\raghavendra.reddy\.m2\repository\commons-logging\commons-logging\1.0.4\commons-logging-1.0.4.jar"></property>
    <property name="env.SystemDrive" value="C:"></property>
    <property name="line.separator" value="
"></property>
    <property name="config" value="config"></property>
    <property name="env" value="QA"></property>
    <property name="org.apache.httpcomponents:httpclient:jar" value="C:\Users\raghavendra.reddy\.m2\repository\org\apache\httpcomponents\httpclient\4.5.1\httpclient-4.5.1.jar"></property>
    <property name="java.vm.info" value="mixed mode"></property>
    <property name="org.seleniumhq.selenium:selenium-support:jar" value="C:\Users\raghavendra.reddy\.m2\repository\org\seleniumhq\selenium\selenium-support\2.53.0\selenium-support-2.53.0.jar"></property>
    <property name="sun.desktop" value="windows"></property>
    <property name="java.vm.specification.name" value="Java Virtual Machine Specification"></property>
    <property name="net.java.dev.jna:jna:jar" value="C:\Users\raghavendra.reddy\.m2\repository\net\java\dev\jna\jna\4.1.0\jna-4.1.0.jar"></property>
    <property name="env.PATHEXT" value=".COM;.EXE;.BAT;.CMD;.VBS;.VBE;.JS;.JSE;.WSF;.WSH;.MSC"></property>
    <property name="com.google.guava:guava:jar" value="C:\Users\raghavendra.reddy\.m2\repository\com\google\guava\guava\14.0\guava-14.0.jar"></property>
    <property name="env.USERDOMAIN_ROAMINGPROFILE" value="SFDC"></property>
    <property name="org.apache.commons:commons-exec:jar" value="C:\Users\raghavendra.reddy\.m2\repository\org\apache\commons\commons-exec\1.3\commons-exec-1.3.jar"></property>
    <property name="com.opera:operalaunchers:jar" value="C:\Users\raghavendra.reddy\.m2\repository\com\opera\operalaunchers\1.1\operalaunchers-1.1.jar"></property>
    <property name="env.LOGONSERVER" value="\\SIN-DC-WP1"></property>
    <property name="eclipse.pdebuild.templates" value="/C:/Users/raghavendra.reddy/Eclipse/eclipse-jee-mars-2-win32-x86_64/eclipse/plugins/org.eclipse.pde.build_3.9.100.v20150521-1524/templates/"></property>
    <property name="java.awt.printerjob" value="sun.awt.windows.WPrinterJob"></property>
    <property name="env.PUBLIC" value="C:\Users\Public"></property>
    <property name="ant.version" value="Apache Ant(TM) version 1.9.6 compiled on June 29 2015"></property>
    <property name="env.USERDOMAIN" value="SFDC"></property>
    <property name="org.seleniumhq.selenium:selenium-api:jar" value="C:\Users\raghavendra.reddy\.m2\repository\org\seleniumhq\selenium\selenium-api\2.53.0\selenium-api-2.53.0.jar"></property>
    <property name="sf.password" value="raghava@1i7AbgVGOrQOhTuA513Nx0VF7"></property>
    <property name="org.apache.httpcomponents:httpcore:jar" value="C:\Users\raghavendra.reddy\.m2\repository\org\apache\httpcomponents\httpcore\4.4.3\httpcore-4.4.3.jar"></property>
    <property name="env.PROCESSOR_LEVEL" value="6"></property>
    <property name="ant.file.type.test" value="file"></property>
    <property name="org.ini4j:ini4j:jar" value="C:\Users\raghavendra.reddy\.m2\repository\org\ini4j\ini4j\0.5.2\ini4j-0.5.2.jar"></property>
    <property name="env.windir" value="C:\windows"></property>
    <property name="env.CommonProgramFiles(x86)" value="C:\Program Files (x86)\Common Files"></property>
    <property name="os.name" value="Windows 8.1"></property>
    <property name="java.specification.vendor" value="Oracle Corporation"></property>
    <property name="net.java.dev.jna:jna-platform:jar" value="C:\Users\raghavendra.reddy\.m2\repository\net\java\dev\jna\jna-platform\4.1.0\jna-platform-4.1.0.jar"></property>
    <property name="com.google.protobuf:protobuf-java:jar" value="C:\Users\raghavendra.reddy\.m2\repository\com\google\protobuf\protobuf-java\2.4.1\protobuf-java-2.4.1.jar"></property>
    <property name="env.TMP" value="C:\Users\RAGHAV~1.RED\AppData\Local\Temp"></property>
    <property name="java.vm.name" value="Java HotSpot(TM) 64-Bit Server VM"></property>
    <property name="env.ProgramData" value="C:\ProgramData"></property>
    <property name="com.opera:operadriver:jar" value="C:\Users\raghavendra.reddy\.m2\repository\com\opera\operadriver\1.5\operadriver-1.5.jar"></property>
    <property name="env.OS" value="Windows_NT"></property>
    <property name="archive" value="./archive"></property>
    <property name="java.library.path" value="C:\Program Files\Java\jre1.8.0_91\bin;C:\windows\Sun\Java\bin;C:\windows\system32;C:\windows;C:/Program Files/Java/jre1.8.0_91/bin/server;C:/Program Files/Java/jre1.8.0_91/bin;C:/Program Files/Java/jre1.8.0_91/lib/amd64;C:\ProgramData\Oracle\Java\javapath;C:\windows\system32;C:\windows;C:\windows\System32\Wbem;C:\windows\System32\WindowsPowerShell\v1.0\;C:\Program Files (x86)\Skype\Phone\;C:\apache-ant-1.9.6\bin;C:\Program Files\Java\jdk1.8.0_91\bin,C:\apache-maven-3.3.9\bin;C:\Program Files\Java\jdk1.8.0_91\bin;C:\Users\raghavendra.reddy\Eclipse\eclipse-jee-mars-2-win32-x86_64\eclipse;;."></property>
    <property name="eclipse.pdebuild.scripts" value="/C:/Users/raghavendra.reddy/Eclipse/eclipse-jee-mars-2-win32-x86_64/eclipse/plugins/org.eclipse.pde.build_3.9.100.v20150521-1524/scripts/"></property>
    <property name="ant.java.version" value="1.8"></property>
    <property name="basedir" value="C:\Users\raghavendra.reddy\EclipseWorkspaceJunit\webdriver-framework-steelbrickJunit"></property>
    <property name="java.class.version" value="52.0"></property>
    <property name="ant.home" value="C:\Users\raghavendra.reddy\Eclipse\eclipse-jee-mars-2-win32-x86_64\eclipse\plugins\org.apache.ant_1.9.6.v201510161327"></property>
    <property name="bouncycastle:bcprov-jdk15:jar" value="C:\Users\raghavendra.reddy\.m2\repository\bouncycastle\bcprov-jdk15\135\bcprov-jdk15-135.jar"></property>
    <property name="ant:ant:jar" value="C:\Users\raghavendra.reddy\.m2\repository\ant\ant\1.6.5\ant-1.6.5.jar"></property>
    <property name="env.Path" value="C:/Program Files/Java/jre1.8.0_91/bin/server;C:/Program Files/Java/jre1.8.0_91/bin;C:/Program Files/Java/jre1.8.0_91/lib/amd64;C:\ProgramData\Oracle\Java\javapath;C:\windows\system32;C:\windows;C:\windows\System32\Wbem;C:\windows\System32\WindowsPowerShell\v1.0\;C:\Program Files (x86)\Skype\Phone\;C:\apache-ant-1.9.6\bin;C:\Program Files\Java\jdk1.8.0_91\bin,C:\apache-maven-3.3.9\bin;C:\Program Files\Java\jdk1.8.0_91\bin;C:\Users\raghavendra.reddy\Eclipse\eclipse-jee-mars-2-win32-x86_64\eclipse;"></property>
    <property name="build_time" value="22_May_16_20_19_15"></property>
    <property name="tblName" value="All_Dev_Runs"></property>
    <property name="env.HOMEDRIVE" value="C:"></property>
    <property name="sun.boot.library.path" value="C:\Program Files\Java\jre1.8.0_91\bin"></property>
    <property name="env.PROCESSOR_REVISION" value="3c03"></property>
    <property name="sun.management.compiler" value="HotSpot 64-Bit Tiered Compilers"></property>
    <property name="java.awt.graphicsenv" value="sun.awt.Win32GraphicsEnvironment"></property>
    <property name="user.variant" value=""></property>
    <property name="}" value=""></property>
    <property name="joda-time:joda-time:jar" value="C:\Users\raghavendra.reddy\.m2\repository\joda-time\joda-time\2.8.1\joda-time-2.8.1.jar"></property>
    <property name="org.seleniumhq.selenium:selenium-ie-driver:jar" value="C:\Users\raghavendra.reddy\.m2\repository\org\seleniumhq\selenium\selenium-ie-driver\2.53.0\selenium-ie-driver-2.53.0.jar"></property>
    <property name="ant.project.name" value="test"></property>
    <property name="java.vm.specification.version" value="1.8"></property>
    <property name="awt.toolkit" value="sun.awt.windows.WToolkit"></property>
    <property name="org.seleniumhq.selenium:selenium-java:jar" value="C:\Users\raghavendra.reddy\.m2\repository\org\seleniumhq\selenium\selenium-java\2.53.0\selenium-java-2.53.0.jar"></property>
    <property name="env.MAVEN_HOME" value="C:\apache-maven-3.3.9"></property>
    <property name="sun.cpu.isalist" value="amd64"></property>
    <property name="java.ext.dirs" value="C:\Program Files\Java\jre1.8.0_91\lib\ext;C:\windows\Sun\Java\lib\ext"></property>
    <property name="org.seleniumhq.selenium:selenium-edge-driver:jar" value="C:\Users\raghavendra.reddy\.m2\repository\org\seleniumhq\selenium\selenium-edge-driver\2.53.0\selenium-edge-driver-2.53.0.jar"></property>
    <property name="os.version" value="6.3"></property>
    <property name="user.home" value="C:\Users\raghavendra.reddy"></property>
    <property name="org.hamcrest:hamcrest-core:jar" value="C:\Users\raghavendra.reddy\.m2\repository\org\hamcrest\hamcrest-core\1.3\hamcrest-core-1.3.jar"></property>
    <property name="java.vm.vendor" value="Oracle Corporation"></property>
    <property name="env.CommonProgramW6432" value="C:\Program Files\Common Files"></property>
    <property name="env.USERDNSDOMAIN" value="INTERNAL.SALESFORCE.COM"></property>
    <property name="env.JAVA_HOME" value="C:\Program Files\Java\jdk1.8.0_91"></property>
    <property name="env.ProgramW6432" value="C:\Program Files"></property>
    <property name="user.dir" value="C:\Users\raghavendra.reddy\EclipseWorkspaceJunit\webdriver-framework-steelbrickJunit"></property>
    <property name="env.FP_NO_HOST_CHECK" value="NO"></property>
    <property name="sun.cpu.endian" value="little"></property>
    <property name="env.ALLUSERSPROFILE" value="C:\ProgramData"></property>
    <property name="commons-jxpath:commons-jxpath:jar" value="C:\Users\raghavendra.reddy\.m2\repository\commons-jxpath\commons-jxpath\1.3\commons-jxpath-1.3.jar"></property>
    <property name="env.PROCESSOR_ARCHITECTURE" value="AMD64"></property>
    <property name="java.vm.version" value="25.91-b14"></property>
    <property name="java.class.path" value="C:\Users\raghavendra.reddy\EclipseWorkspaceJunit\webdriver-framework-steelbrickJunit\bin;C:\Users\raghavendra.reddy\EclipseWorkspaceJunit\webdriver-framework-steelbrickJunit\config;C:\Users\raghavendra.reddy\EclipseWorkspaceJunit\webdriver-framework-steelbrickJunit\lib\maven-ant-tasks-2.1.3.jar;C:\Users\raghavendra.reddy\.m2\repository\junit\junit\4.12\junit-4.12.jar;C:\Users\raghavendra.reddy\.m2\repository\org\hamcrest\hamcrest-core\1.3\hamcrest-core-1.3.jar;C:\Users\raghavendra.reddy\.m2\repository\org\seleniumhq\selenium\selenium-java\2.53.0\selenium-java-2.53.0.jar;C:\Users\raghavendra.reddy\.m2\repository\org\seleniumhq\selenium\selenium-chrome-driver\2.53.0\selenium-chrome-driver-2.53.0.jar;C:\Users\raghavendra.reddy\.m2\repository\org\seleniumhq\selenium\selenium-remote-driver\2.53.0\selenium-remote-driver-2.53.0.jar;C:\Users\raghavendra.reddy\.m2\repository\cglib\cglib-nodep\2.1_3\cglib-nodep-2.1_3.jar;C:\Users\raghavendra.reddy\.m2\repository\com\google\code\gson\gson\2.3.1\gson-2.3.1.jar;C:\Users\raghavendra.reddy\.m2\repository\org\seleniumhq\selenium\selenium-api\2.53.0\selenium-api-2.53.0.jar;C:\Users\raghavendra.reddy\.m2\repository\com\google\guava\guava\14.0\guava-14.0.jar;C:\Users\raghavendra.reddy\.m2\repository\org\apache\httpcomponents\httpclient\4.5.1\httpclient-4.5.1.jar;C:\Users\raghavendra.reddy\.m2\repository\org\apache\httpcomponents\httpcore\4.4.3\httpcore-4.4.3.jar;C:\Users\raghavendra.reddy\.m2\repository\commons-logging\commons-logging\1.0.4\commons-logging-1.0.4.jar;C:\Users\raghavendra.reddy\.m2\repository\commons-codec\commons-codec\1.3\commons-codec-1.3.jar;C:\Users\raghavendra.reddy\.m2\repository\org\apache\commons\commons-exec\1.3\commons-exec-1.3.jar;C:\Users\raghavendra.reddy\.m2\repository\net\java\dev\jna\jna\4.1.0\jna-4.1.0.jar;C:\Users\raghavendra.reddy\.m2\repository\net\java\dev\jna\jna-platform\4.1.0\jna-platform-4.1.0.jar;C:\Users\raghavendra.reddy\.m2\repository\org\seleniumhq\selenium\selenium-edge-driver\2.53.0\selenium-edge-driver-2.53.0.jar;C:\Users\raghavendra.reddy\.m2\repository\commons-io\commons-io\2.4\commons-io-2.4.jar;C:\Users\raghavendra.reddy\.m2\repository\org\seleniumhq\selenium\selenium-firefox-driver\2.53.0\selenium-firefox-driver-2.53.0.jar;C:\Users\raghavendra.reddy\.m2\repository\org\seleniumhq\selenium\selenium-ie-driver\2.53.0\selenium-ie-driver-2.53.0.jar;C:\Users\raghavendra.reddy\.m2\repository\org\seleniumhq\selenium\selenium-safari-driver\2.53.0\selenium-safari-driver-2.53.0.jar;C:\Users\raghavendra.reddy\.m2\repository\io\netty\netty\3.5.7.Final\netty-3.5.7.Final.jar;C:\Users\raghavendra.reddy\.m2\repository\org\seleniumhq\selenium\selenium-support\2.53.0\selenium-support-2.53.0.jar;C:\Users\raghavendra.reddy\.m2\repository\org\seleniumhq\selenium\selenium-leg-rc\2.53.0\selenium-leg-rc-2.53.0.jar;C:\Users\raghavendra.reddy\.m2\repository\org\openqa\selenium\server\selenium-server\1.0-20081010.060147\selenium-server-1.0-20081010.060147.jar;C:\Users\raghavendra.reddy\.m2\repository\org\openqa\selenium\server\selenium-server-coreless\1.0-20081010.060147\selenium-server-coreless-1.0-20081010.060147.jar;C:\Users\raghavendra.reddy\.m2\repository\ant\ant\1.6.5\ant-1.6.5.jar;C:\Users\raghavendra.reddy\.m2\repository\jetty\org.mortbay.jetty\5.1.10\org.mortbay.jetty-5.1.10.jar;C:\Users\raghavendra.reddy\.m2\repository\javax\servlet\servlet-api\2.4\servlet-api-2.4.jar;C:\Users\raghavendra.reddy\.m2\repository\bouncycastle\bcprov-jdk15\135\bcprov-jdk15-135.jar;C:\Users\raghavendra.reddy\.m2\repository\org\openqa\selenium\core\selenium-core\1.0-20080914.225453\selenium-core-1.0-20080914.225453.jar;C:\Users\raghavendra.reddy\.m2\repository\commons-logging\commons-logging-api\1.1\commons-logging-api-1.1.jar;C:\Users\raghavendra.reddy\.m2\repository\mysql\mysql-connector-java\5.1.36\mysql-connector-java-5.1.36.jar;C:\Users\raghavendra.reddy\.m2\repository\joda-time\joda-time\2.8.1\joda-time-2.8.1.jar;C:\Users\raghavendra.reddy\.m2\repository\com\opera\operadriver\1.5\operadriver-1.5.jar;C:\Users\raghavendra.reddy\.m2\repository\com\opera\operalaunchers\1.1\operalaunchers-1.1.jar;C:\Users\raghavendra.reddy\.m2\repository\com\google\protobuf\protobuf-java\2.4.1\protobuf-java-2.4.1.jar;C:\Users\raghavendra.reddy\.m2\repository\commons-jxpath\commons-jxpath\1.3\commons-jxpath-1.3.jar;C:\Users\raghavendra.reddy\.m2\repository\org\ini4j\ini4j\0.5.2\ini4j-0.5.2.jar;C:\Users\raghavendra.reddy\.m2\repository\net\sourceforge\jexcelapi\jxl\2.6.12\jxl-2.6.12.jar;C:\Users\raghavendra.reddy\.m2\repository\log4j\log4j\1.2.14\log4j-1.2.14.jar;C:\Users\raghavendra.reddy\Eclipse\eclipse-jee-mars-2-win32-x86_64\eclipse\plugins\org.apache.ant_1.9.6.v201510161327\lib\ant-launcher.jar;C:\Users\raghavendra.reddy\Eclipse\eclipse-jee-mars-2-win32-x86_64\eclipse\plugins\org.apache.ant_1.9.6.v201510161327\lib\ant.jar;C:\Users\raghavendra.reddy\Eclipse\eclipse-jee-mars-2-win32-x86_64\eclipse\plugins\org.apache.ant_1.9.6.v201510161327\lib\ant-junit.jar;C:\Users\raghavendra.reddy\Eclipse\eclipse-jee-mars-2-win32-x86_64\eclipse\plugins\org.apache.ant_1.9.6.v201510161327\lib\ant-junit4.jar"></property>
    <property name="env.HOMEPATH" value="\Users\raghavendra.reddy"></property>
    <property name="DSTAMP" value="20160522"></property>
    <property name="org.seleniumhq.selenium:selenium-leg-rc:jar" value="C:\Users\raghavendra.reddy\.m2\repository\org\seleniumhq\selenium\selenium-leg-rc\2.53.0\selenium-leg-rc-2.53.0.jar"></property>
    <property name="ant.library.dir" value="C:\Users\raghavendra.reddy\Eclipse\eclipse-jee-mars-2-win32-x86_64\eclipse\plugins\org.apache.ant_1.9.6.v201510161327\lib"></property>
    <property name="os.arch" value="amd64"></property>
    <property name="env.SESSIONNAME" value="Console"></property>
    <property name="sf.username" value="patchorg@sf.com"></property>
    <property name="sun.java.launcher" value="SUN_STANDARD"></property>
    <property name="env.CommonProgramFiles" value="C:\Program Files\Common Files"></property>
    <property name="env.ProgramFiles" value="C:\Program Files"></property>
    <property name="ant.core.lib" value="C:\Users\raghavendra.reddy\Eclipse\eclipse-jee-mars-2-win32-x86_64\eclipse\plugins\org.apache.ant_1.9.6.v201510161327\lib\ant.jar"></property>
    <property name="java.vm.specification.vendor" value="Oracle Corporation"></property>
    <property name="testresultsfolder" value="./archive/22_May_16_20_19_15"></property>
    <property name="TSTAMP" value="2019"></property>
    <property name="file.separator" value="\"></property>
    <property name="junit:junit:jar" value="C:\Users\raghavendra.reddy\.m2\repository\junit\junit\4.12\junit-4.12.jar"></property>
    <property name="java.runtime.version" value="1.8.0_91-b14"></property>
    <property name="sun.boot.class.path" value="C:\Program Files\Java\jre1.8.0_91\lib\resources.jar;C:\Program Files\Java\jre1.8.0_91\lib\rt.jar;C:\Program Files\Java\jre1.8.0_91\lib\sunrsasign.jar;C:\Program Files\Java\jre1.8.0_91\lib\jsse.jar;C:\Program Files\Java\jre1.8.0_91\lib\jce.jar;C:\Program Files\Java\jre1.8.0_91\lib\charsets.jar;C:\Program Files\Java\jre1.8.0_91\lib\jfr.jar;C:\Program Files\Java\jre1.8.0_91\classes"></property>
    <property name="sf.serverurl" value="https://login.salesforce.com"></property>
    <property name="env.ComSpec" value="C:\windows\system32\cmd.exe"></property>
    <property name="env.TEMP" value="C:\Users\RAGHAV~1.RED\AppData\Local\Temp"></property>
    <property name="net.sourceforge.jexcelapi:jxl:jar" value="C:\Users\raghavendra.reddy\.m2\repository\net\sourceforge\jexcelapi\jxl\2.6.12\jxl-2.6.12.jar"></property>
    <property name="user.country" value="IN"></property>
    <property name="env.ANT_HOME" value="C:\Users\raghavendra.reddy\Eclipse\eclipse-jee-mars-2-win32-x86_64\eclipse\plugins\org.apache.ant_1.9.6.v201510161327"></property>
    <property name="com.google.code.gson:gson:jar" value="C:\Users\raghavendra.reddy\.m2\repository\com\google\code\gson\gson\2.3.1\gson-2.3.1.jar"></property>
    <property name="src" value="./src"></property>
    <property name="org.openqa.selenium.server:selenium-server-coreless:jar" value="C:\Users\raghavendra.reddy\.m2\repository\org\openqa\selenium\server\selenium-server-coreless\1.0-20081010.060147\selenium-server-coreless-1.0-20081010.060147.jar"></property>
    <property name="java.vendor" value="Oracle Corporation"></property>
    <property name="sf.maxPoll" value="20"></property>
    <property name="env.PSModulePath" value="C:\windows\system32\WindowsPowerShell\v1.0\Modules\"></property>
    <property name="org.seleniumhq.selenium:selenium-chrome-driver:jar" value="C:\Users\raghavendra.reddy\.m2\repository\org\seleniumhq\selenium\selenium-chrome-driver\2.53.0\selenium-chrome-driver-2.53.0.jar"></property>
    <property name="java.specification.version" value="1.8"></property>
    <property name="sun.arch.data.model" value="64"></property>
  </properties>
  <testcase classname="com.salesforce.tests.functionaltests.Billing.Accounts.Createaccount" name="testSelectBillingAccount_Bil" time="108.315">
    <error message="Intermittent failure finding on element" type="java.lang.RuntimeException">java.lang.RuntimeException: Intermittent failure finding on element
	at com.salesforce.pages.PageBase.findElement(Unknown Source)
	at com.salesforce.pages.Billing.Accounts.CreatesAccount.getHeaderText(Unknown Source)
	at com.salesforce.tests.functionaltests.Billing.Accounts.Createaccount.testSelectBillingAccount_Bil(Unknown Source)
</error>
  </testcase>
  <testcase classname="com.salesforce.tests.functionaltests.Billing.Orders.Createorder" name="testSelectBillingOrder_Bill" time="83.027">
    <error message="Intermittent failure clicking on element" type="java.lang.RuntimeException">java.lang.RuntimeException: Intermittent failure clicking on element
	at com.salesforce.pages.PageBase.clickOnElement(Unknown Source)
	at com.salesforce.pages.salescloud.SalesCloudTopFrame.selectTab(Unknown Source)
	at com.salesforce.tests.functionaltests.Billing.Orders.Createorder.testSelectBillingOrder_Bill(Unknown Source)
</error>
  </testcase>
  <system-out><![CDATA[ INFO [main] - com.salesforce.utils.datastore.FileIO:-1:Setting the Config Property Key [CurrentTestName] to Value: testSelectBillingAccount_Bil
DEBUG [main] - com.salesforce.utils.datastore.FileIO:-1:Directory: "report/images/" created
DEBUG [main] - com.salesforce.tests.functionaltests.CloudBaseTest:-1:------------------------------------------------------
DEBUG [main] - com.salesforce.tests.functionaltests.CloudBaseTest:-1:Executing Test: testSelectBillingAccount_Bil()...
DEBUG [main] - com.salesforce.tests.functionaltests.CloudBaseTest:-1:------------------------------------------------------
DEBUG [main] - com.salesforce.tests.functionaltests.CloudBaseTest:-1:------------------------------------------------------
DEBUG [main] - com.salesforce.tests.functionaltests.CloudBaseTest:-1:Initializing... 
DEBUG [main] - com.salesforce.tests.functionaltests.CloudBaseTest:-1:------------------------------------------------------
DEBUG [main] - com.salesforce.tests.functionaltests.CloudBaseTest:-1:Grid is set to OFF. All browsers will launch browser locally...
DEBUG [main] - com.salesforce.utils.datastore.FileIO:-1:Getting the download directory path...
DEBUG [main] - com.salesforce.tests.functionaltests.CloudBaseTest:-1:Launching Firefox Browser
DEBUG [main] - com.salesforce.tests.functionaltests.CloudBaseTest:-1:Driver version: FirefoxDriver: firefox on WINDOWS (f0766df3-40ef-40cb-b9de-ac8f1e300ff2)
DEBUG [main] - com.salesforce.tests.functionaltests.CloudBaseTest:-1:Initializing Excel data sheet...
DEBUG [main] - com.salesforce.utils.datastore.ExcelSheetDriver:-1:Returning the Excel cell value: "Email"
DEBUG [main] - com.salesforce.utils.datastore.ExcelSheetDriver:-1:Returning the Excel cell value: "Password"
DEBUG [main] - com.salesforce.utils.datastore.ExcelSheetDriver:-1:Returning the Excel cell value: "Tab"
DEBUG [main] - com.salesforce.utils.datastore.ExcelSheetDriver:-1:Returning the Excel cell value: "Account Name"
DEBUG [main] - com.salesforce.utils.datastore.FileIO:-1:Loading iFrame ID Cache...
DEBUG [main] - com.salesforce.tests.functionaltests.CloudBaseTest:-1:Initializing Excel data sheet...
DEBUG [main] - com.salesforce.utils.datastore.ExcelSheetDriver:-1:Returning the Excel cell value: "Email"
DEBUG [main] - com.salesforce.utils.datastore.ExcelSheetDriver:-1:Returning the Excel cell value: "Password"
DEBUG [main] - com.salesforce.utils.datastore.ExcelSheetDriver:-1:Returning the Excel cell value: "Tab"
DEBUG [main] - com.salesforce.utils.datastore.ExcelSheetDriver:-1:Returning the Excel cell value: "Account Name"
DEBUG [main] - com.salesforce.utils.datastore.ExcelSheetDriver:-1:Returning the Excel cell value: "testdevorge@sf.com"
DEBUG [main] - com.salesforce.utils.datastore.ExcelSheetDriver:-1:Returning the Excel cell value: "raghava@1"
DEBUG [main] - com.salesforce.utils.datastore.ExcelSheetDriver:-1:Returning the Excel cell value: "Account"
DEBUG [main] - com.salesforce.utils.datastore.ExcelSheetDriver:-1:Returning the Excel cell value: "Demo Account"
DEBUG [main] - com.salesforce.pages.PageBase:-1:Opening the page: "https://login.salesforce.com"
DEBUG [main] - com.salesforce.pages.Login:-1:Entering Username: testdevorge@sf.com
DEBUG [main] - com.salesforce.pages.Login:-1:Entering Password: raghava@1
DEBUG [main] - com.salesforce.pages.Login:-1:Submitting Login Form!
DEBUG [main] - com.salesforce.pages.PageBase:-1:Will Continue testcase as exception is ignored and expected.
DEBUG [main] - com.salesforce.pages.PageBase:-1:Will Continue testcase as exception is ignored and expected.
DEBUG [main] - com.salesforce.utils.driver.SalesforcePageExtensions:-1:Waiting for page to load!
DEBUG [main] - com.salesforce.utils.driver.SalesforcePageExtensions:-1:JavaScript readyState query timeout - The page has not finished loading. This may cause the test to fail!
DEBUG [main] - com.salesforce.pages.DefaultTopFrame:-1:Changing App to SteelBrick Billing
DEBUG [main] - com.salesforce.utils.driver.SalesforcePageExtensions:-1:Waiting for page to load!
DEBUG [main] - com.salesforce.utils.driver.SalesforcePageExtensions:-1:JavaScript readyState query timeout - The page has not finished loading. This may cause the test to fail!
DEBUG [main] - com.salesforce.pages.Billing.Accounts.CreatesAccount:-1:Clicking on invoice scheduler...
DEBUG [main] - com.salesforce.pages.Billing.Accounts.CreatesAccount:-1:Clicking on invoice scheduler...
DEBUG [main] - com.salesforce.pages.Billing.Accounts.CreatesAccount:-1:Setting scheduler Name to: Demo Account
DEBUG [main] - com.salesforce.pages.Billing.Accounts.CreatesAccount:-1:Creating Account
DEBUG [main] - com.salesforce.pages.Billing.Accounts.CreatesAccount:-1:Getting the Account Header text
DEBUG [main] - com.salesforce.utils.datastore.FileIO:-1:Taking screenshot for test: "testSelectBillingAccount_Bil"
DEBUG [main] - com.salesforce.utils.driver.SalesforcePageExtensions:-1:Waiting for page to load!
DEBUG [main] - com.salesforce.utils.driver.SalesforcePageExtensions:-1:Returned a ready state of complete
DEBUG [main] - com.salesforce.tests.functionaltests.CloudBaseTest:-1:ENDING TEST: testSelectBillingAccount_Bil()
DEBUG [main] - com.salesforce.tests.functionaltests.CloudBaseTest:-1:Starting test class teardown
DEBUG [main] - com.salesforce.tests.functionaltests.CloudBaseTest:-1:Clearing all browser cookies
DEBUG [main] - com.salesforce.tests.functionaltests.CloudBaseTest:-1:Terminating browser
 INFO [main] - com.salesforce.utils.datastore.FileIO:-1:Setting the Config Property Key [CurrentTestName] to Value: testSelectBillingOrder_Bill
DEBUG [main] - com.salesforce.utils.datastore.FileIO:-1:Directory: "report/images/" created
DEBUG [main] - com.salesforce.tests.functionaltests.CloudBaseTest:-1:------------------------------------------------------
DEBUG [main] - com.salesforce.tests.functionaltests.CloudBaseTest:-1:Executing Test: testSelectBillingOrder_Bill()...
DEBUG [main] - com.salesforce.tests.functionaltests.CloudBaseTest:-1:------------------------------------------------------
DEBUG [main] - com.salesforce.tests.functionaltests.CloudBaseTest:-1:------------------------------------------------------
DEBUG [main] - com.salesforce.tests.functionaltests.CloudBaseTest:-1:Initializing... 
DEBUG [main] - com.salesforce.tests.functionaltests.CloudBaseTest:-1:------------------------------------------------------
DEBUG [main] - com.salesforce.tests.functionaltests.CloudBaseTest:-1:Grid is set to OFF. All browsers will launch browser locally...
DEBUG [main] - com.salesforce.utils.datastore.FileIO:-1:Getting the download directory path...
DEBUG [main] - com.salesforce.tests.functionaltests.CloudBaseTest:-1:Launching Firefox Browser
DEBUG [main] - com.salesforce.tests.functionaltests.CloudBaseTest:-1:Driver version: FirefoxDriver: firefox on WINDOWS (b2440faf-6dba-4eb6-8f9b-665544cf95a3)
DEBUG [main] - com.salesforce.tests.functionaltests.CloudBaseTest:-1:Initializing Excel data sheet...
DEBUG [main] - com.salesforce.utils.datastore.ExcelSheetDriver:-1:Returning the Excel cell value: "Email"
DEBUG [main] - com.salesforce.utils.datastore.ExcelSheetDriver:-1:Returning the Excel cell value: "Password"
DEBUG [main] - com.salesforce.utils.datastore.ExcelSheetDriver:-1:Returning the Excel cell value: "Tab"
DEBUG [main] - com.salesforce.utils.datastore.ExcelSheetDriver:-1:Returning the Excel cell value: "Order Name"
DEBUG [main] - com.salesforce.utils.datastore.ExcelSheetDriver:-1:Returning the Excel cell value: "Terms (Months)"
DEBUG [main] - com.salesforce.utils.datastore.ExcelSheetDriver:-1:Returning the Excel cell value: "Auto Renew?"
DEBUG [main] - com.salesforce.utils.datastore.ExcelSheetDriver:-1:Returning the Excel cell value: "orderAccountName"
DEBUG [main] - com.salesforce.utils.datastore.ExcelSheetDriver:-1:Returning the Excel cell value: "PBDM"
DEBUG [main] - com.salesforce.utils.datastore.ExcelSheetDriver:-1:Returning the Excel cell value: "Payment Terms"
DEBUG [main] - com.salesforce.utils.datastore.ExcelSheetDriver:-1:Returning the Excel cell value: "Service Start Date"
DEBUG [main] - com.salesforce.utils.datastore.ExcelSheetDriver:-1:Returning the Excel cell value: "ProductName"
DEBUG [main] - com.salesforce.utils.datastore.FileIO:-1:Loading iFrame ID Cache...
DEBUG [main] - com.salesforce.tests.functionaltests.CloudBaseTest:-1:Initializing Excel data sheet...
DEBUG [main] - com.salesforce.utils.datastore.ExcelSheetDriver:-1:Returning the Excel cell value: "Email"
DEBUG [main] - com.salesforce.utils.datastore.ExcelSheetDriver:-1:Returning the Excel cell value: "Password"
DEBUG [main] - com.salesforce.utils.datastore.ExcelSheetDriver:-1:Returning the Excel cell value: "Tab"
DEBUG [main] - com.salesforce.utils.datastore.ExcelSheetDriver:-1:Returning the Excel cell value: "Order Name"
DEBUG [main] - com.salesforce.utils.datastore.ExcelSheetDriver:-1:Returning the Excel cell value: "Terms (Months)"
DEBUG [main] - com.salesforce.utils.datastore.ExcelSheetDriver:-1:Returning the Excel cell value: "Auto Renew?"
DEBUG [main] - com.salesforce.utils.datastore.ExcelSheetDriver:-1:Returning the Excel cell value: "orderAccountName"
DEBUG [main] - com.salesforce.utils.datastore.ExcelSheetDriver:-1:Returning the Excel cell value: "PBDM"
DEBUG [main] - com.salesforce.utils.datastore.ExcelSheetDriver:-1:Returning the Excel cell value: "Payment Terms"
DEBUG [main] - com.salesforce.utils.datastore.ExcelSheetDriver:-1:Returning the Excel cell value: "Service Start Date"
DEBUG [main] - com.salesforce.utils.datastore.ExcelSheetDriver:-1:Returning the Excel cell value: "ProductName"
DEBUG [main] - com.salesforce.utils.datastore.ExcelSheetDriver:-1:Returning the Excel cell value: "kmr@dev.billing.steelbrick.com"
DEBUG [main] - com.salesforce.utils.datastore.ExcelSheetDriver:-1:Returning the Excel cell value: "madhusudhank@123"
DEBUG [main] - com.salesforce.utils.datastore.ExcelSheetDriver:-1:Returning the Excel cell value: "Orders"
DEBUG [main] - com.salesforce.utils.datastore.ExcelSheetDriver:-1:Returning the Excel cell value: "Demo Order"
DEBUG [main] - com.salesforce.utils.datastore.ExcelSheetDriver:-1:Returning the Excel cell value: "true"
DEBUG [main] - com.salesforce.utils.datastore.ExcelSheetDriver:-1:Returning the Excel cell value: "04/04/2016"
DEBUG [main] - com.salesforce.utils.datastore.ExcelSheetDriver:-1:Returning the Excel cell value: "Demo Account,Demo Account"
DEBUG [main] - com.salesforce.utils.datastore.ExcelSheetDriver:-1:Returning the Excel cell value: "GenWatt Diesel 200kW"
DEBUG [main] - com.salesforce.pages.PageBase:-1:Opening the page: "https://login.salesforce.com"
DEBUG [main] - com.salesforce.pages.Login:-1:Entering Username: kmr@dev.billing.steelbrick.com
DEBUG [main] - com.salesforce.pages.Login:-1:Entering Password: madhusudhank@123
DEBUG [main] - com.salesforce.pages.Login:-1:Submitting Login Form!
DEBUG [main] - com.salesforce.pages.PageBase:-1:Will Continue testcase as exception is ignored and expected.
DEBUG [main] - com.salesforce.pages.PageBase:-1:Will Continue testcase as exception is ignored and expected.
DEBUG [main] - com.salesforce.utils.driver.SalesforcePageExtensions:-1:Waiting for page to load!
DEBUG [main] - com.salesforce.utils.driver.SalesforcePageExtensions:-1:Returned a ready state of complete
DEBUG [main] - com.salesforce.pages.DefaultTopFrame:-1:Changing App to SteelBrick Billing
DEBUG [main] - com.salesforce.pages.DefaultTopFrame:-1:Some other uncaught exception happened. Might failIntermittent failure finding on element
DEBUG [main] - com.salesforce.utils.driver.SalesforcePageExtensions:-1:Waiting for page to load!
DEBUG [main] - com.salesforce.utils.driver.SalesforcePageExtensions:-1:Returned a ready state of complete
DEBUG [main] - com.salesforce.utils.datastore.FileIO:-1:Taking screenshot for test: "testSelectBillingOrder_Bill"
DEBUG [main] - com.salesforce.utils.driver.SalesforcePageExtensions:-1:Waiting for page to load!
DEBUG [main] - com.salesforce.utils.driver.SalesforcePageExtensions:-1:Returned a ready state of complete
DEBUG [main] - com.salesforce.tests.functionaltests.CloudBaseTest:-1:ENDING TEST: testSelectBillingOrder_Bill()
DEBUG [main] - com.salesforce.tests.functionaltests.CloudBaseTest:-1:Starting test class teardown
DEBUG [main] - com.salesforce.tests.functionaltests.CloudBaseTest:-1:Clearing all browser cookies
DEBUG [main] - com.salesforce.tests.functionaltests.CloudBaseTest:-1:Terminating browser
]]></system-out>
  <system-err><![CDATA[---------------1------------------
---------------2------------------
---------------3------------------
---------------4------------------
---------------5------------------
---------------6------------------
-------------initDataIO---------777-------
------ExcelSheetDriver------excelFilePath----------->config/TestBilling.xls
------ExcelSheetDriver------dataSheetName----------->Createaccount
--------wrksheet.getColumns()-----------4
-----wrksheet.getCell(column, row).getContents()------->Email
-----wrksheet.getCell(column, row).getContents()------->Password
-----wrksheet.getCell(column, row).getContents()------->Tab
-----wrksheet.getCell(column, row).getContents()------->Account Name
---------------7------------------
---------------8------------------
-------------initDataIO---------777-------
------ExcelSheetDriver------excelFilePath----------->config/TestBilling.xls
------ExcelSheetDriver------dataSheetName----------->Createaccount
--------wrksheet.getColumns()-----------4
-----wrksheet.getCell(column, row).getContents()------->Email
-----wrksheet.getCell(column, row).getContents()------->Password
-----wrksheet.getCell(column, row).getContents()------->Tab
-----wrksheet.getCell(column, row).getContents()------->Account Name
----GetCell--------GetCell----------0
-----wrksheet.getCell(column, row).getContents()------->testdevorge@sf.com
----GetCell--------GetCell----------1
-----wrksheet.getCell(column, row).getContents()------->raghava@1
----GetCell--------GetCell----------2
-----wrksheet.getCell(column, row).getContents()------->Account
----GetCell--------GetCell----------3
-----wrksheet.getCell(column, row).getContents()------->Demo Account
---------------1------------------
---------------2------------------
---------------3------------------
---------------4------------------
---------------5------------------
---------------6------------------
-------------initDataIO---------777-------
------ExcelSheetDriver------excelFilePath----------->config/TestBilling.xls
------ExcelSheetDriver------dataSheetName----------->Createorder
--------wrksheet.getColumns()-----------11
-----wrksheet.getCell(column, row).getContents()------->Email
-----wrksheet.getCell(column, row).getContents()------->Password
-----wrksheet.getCell(column, row).getContents()------->Tab
-----wrksheet.getCell(column, row).getContents()------->Order Name
-----wrksheet.getCell(column, row).getContents()------->Terms (Months)
-----wrksheet.getCell(column, row).getContents()------->Auto Renew?
-----wrksheet.getCell(column, row).getContents()------->orderAccountName
-----wrksheet.getCell(column, row).getContents()------->PBDM
-----wrksheet.getCell(column, row).getContents()------->Payment Terms
-----wrksheet.getCell(column, row).getContents()------->Service Start Date
-----wrksheet.getCell(column, row).getContents()------->ProductName
---------------7------------------
---------------8------------------
-------------initDataIO---------777-------
------ExcelSheetDriver------excelFilePath----------->config/TestBilling.xls
------ExcelSheetDriver------dataSheetName----------->Createorder
--------wrksheet.getColumns()-----------11
-----wrksheet.getCell(column, row).getContents()------->Email
-----wrksheet.getCell(column, row).getContents()------->Password
-----wrksheet.getCell(column, row).getContents()------->Tab
-----wrksheet.getCell(column, row).getContents()------->Order Name
-----wrksheet.getCell(column, row).getContents()------->Terms (Months)
-----wrksheet.getCell(column, row).getContents()------->Auto Renew?
-----wrksheet.getCell(column, row).getContents()------->orderAccountName
-----wrksheet.getCell(column, row).getContents()------->PBDM
-----wrksheet.getCell(column, row).getContents()------->Payment Terms
-----wrksheet.getCell(column, row).getContents()------->Service Start Date
-----wrksheet.getCell(column, row).getContents()------->ProductName
----GetCell--------GetCell----------0
-----wrksheet.getCell(column, row).getContents()------->kmr@dev.billing.steelbrick.com
----GetCell--------GetCell----------1
-----wrksheet.getCell(column, row).getContents()------->madhusudhank@123
----GetCell--------GetCell----------2
-----wrksheet.getCell(column, row).getContents()------->Orders
----GetCell--------GetCell----------3
-----wrksheet.getCell(column, row).getContents()------->Demo Order
----GetCell--------GetCell----------5
-----wrksheet.getCell(column, row).getContents()------->true
----GetCell--------GetCell----------9
-----wrksheet.getCell(column, row).getContents()------->04/04/2016
----GetCell--------GetCell----------6
-----wrksheet.getCell(column, row).getContents()------->Demo Account,Demo Account
----GetCell--------GetCell----------10
-----wrksheet.getCell(column, row).getContents()------->GenWatt Diesel 200kW
--------salesCloudAppName--------->SteelBrick Billing
]]></system-err>
</testsuite>
